Log file open, 06/23/20 23:33:18
LogInit: Display: Running engine for game: Prototype
LogPlatformFile: Not using cached read wrapper
LogTaskGraph: Started task graph with 5 named threads and 14 total threads with 3 sets of task threads.
LogStats: Stats thread started at 1.606765
LogD3D11RHI: Loaded GFSDK_Aftermath_Lib.x64.dll
LogICUInternationalization: ICU TimeZone Detection - Raw Offset: +0:00, Platform Override: ''
LogPluginManager: Mounting plugin Paper2D
LogPluginManager: Mounting plugin AISupport
LogPluginManager: Mounting plugin LightPropagationVolume
LogPluginManager: Mounting plugin CameraShakePreviewer
LogPluginManager: Mounting plugin ActorLayerUtilities
LogPluginManager: Mounting plugin AnimationSharing
LogPluginManager: Mounting plugin CLionSourceCodeAccess
LogPluginManager: Mounting plugin CodeLiteSourceCodeAccess
LogPluginManager: Mounting plugin GitSourceControl
LogPluginManager: Mounting plugin KDevelopSourceCodeAccess
LogPluginManager: Mounting plugin NullSourceCodeAccess
LogPluginManager: Mounting plugin PerforceSourceControl
LogPluginManager: Mounting plugin PlasticSourceControl
LogPluginManager: Mounting plugin RiderSourceCodeAccess
LogPluginManager: Mounting plugin SubversionSourceControl
LogPluginManager: Mounting plugin UObjectPlugin
LogPluginManager: Mounting plugin VisualStudioCodeSourceCodeAccess
LogPluginManager: Mounting plugin VisualStudioSourceCodeAccess
LogPluginManager: Mounting plugin XCodeSourceCodeAccess
LogPluginManager: Mounting plugin AssetManagerEditor
LogPluginManager: Mounting plugin CryptoKeys
LogPluginManager: Mounting plugin CurveEditorTools
LogPluginManager: Mounting plugin DataValidation
LogPluginManager: Mounting plugin EditorScriptingUtilities
LogPluginManager: Mounting plugin FacialAnimation
LogPluginManager: Mounting plugin GameplayTagsEditor
LogPluginManager: Mounting plugin GeometryMode
LogPluginManager: Mounting plugin MacGraphicsSwitching
LogPluginManager: Mounting plugin MaterialAnalyzer
LogPluginManager: Mounting plugin MobileLauncherProfileWizard
LogPluginManager: Mounting plugin PluginBrowser
LogPluginManager: Mounting plugin SpeedTreeImporter
LogPluginManager: Mounting plugin DatasmithContent
LogPluginManager: Mounting plugin VariantManagerContent
LogPluginManager: Mounting plugin AlembicImporter
LogPluginManager: Mounting plugin AutomationUtils
LogPluginManager: Mounting plugin BackChannel
LogPluginManager: Mounting plugin ChaosCloth
LogPluginManager: Mounting plugin ChaosClothEditor
LogPluginManager: Mounting plugin ChaosEditor
LogPluginManager: Mounting plugin ChaosNiagara
LogPluginManager: Mounting plugin ChaosSolverPlugin
LogPluginManager: Mounting plugin CharacterAI
LogPluginManager: Mounting plugin GeometryCache
LogPluginManager: Mounting plugin GeometryCollectionPlugin
LogPluginManager: Mounting plugin GeometryProcessing
LogPluginManager: Mounting plugin PlanarCut
LogPluginManager: Mounting plugin PlatformCrypto
LogPluginManager: Mounting plugin ProxyLODPlugin
LogPluginManager: Mounting plugin SkeletalReduction
LogPluginManager: Mounting plugin Niagara
LogPluginManager: Mounting plugin MagicLeap
LogPluginManager: Mounting plugin MagicLeapLightEstimation
LogPluginManager: Mounting plugin MagicLeapMedia
LogPluginManager: Mounting plugin MagicLeapPassableWorld
LogPluginManager: Mounting plugin MLSDK
LogPluginManager: Mounting plugin AndroidMedia
LogPluginManager: Mounting plugin AvfMedia
LogPluginManager: Mounting plugin ImgMedia
LogPluginManager: Mounting plugin MediaCompositing
LogPluginManager: Mounting plugin MediaPlayerEditor
LogPluginManager: Mounting plugin WebMMedia
LogPluginManager: Mounting plugin WmfMedia
LogPluginManager: Mounting plugin MeshPainting
LogPluginManager: Mounting plugin TcpMessaging
LogPluginManager: Mounting plugin UdpMessaging
LogPluginManager: Mounting plugin ActorSequence
LogPluginManager: Mounting plugin LevelSequenceEditor
LogPluginManager: Mounting plugin MatineeToLevelSequence
LogPluginManager: Mounting plugin MovieRenderPipeline
LogPluginManager: Mounting plugin TemplateSequence
LogPluginManager: Mounting plugin NetcodeUnitTest
LogPluginManager: Mounting plugin NUTUnrealEngine4
LogPluginManager: Mounting plugin OnlineSubsystemGooglePlay
LogPluginManager: Mounting plugin OnlineSubsystemIOS
LogPluginManager: Mounting plugin OnlineSubsystem
LogPluginManager: Mounting plugin OnlineSubsystemNull
LogPluginManager: Mounting plugin OnlineSubsystemUtils
LogPluginManager: Mounting plugin LauncherChunkInstaller
LogPluginManager: Mounting plugin AndroidDeviceProfileSelector
LogPluginManager: Mounting plugin AndroidMoviePlayer
LogPluginManager: Mounting plugin AndroidPermission
LogPluginManager: Mounting plugin AppleImageUtils
LogPluginManager: Mounting plugin AppleMoviePlayer
LogPluginManager: Mounting plugin ArchVisCharacter
LogPluginManager: Mounting plugin AssetTags
LogPluginManager: Mounting plugin AudioCapture
LogPluginManager: Mounting plugin CableComponent
LogPluginManager: Mounting plugin CustomMeshComponent
LogPluginManager: Mounting plugin EditableMesh
LogPluginManager: Mounting plugin ExampleDeviceProfileSelector
LogPluginManager: Mounting plugin GoogleCloudMessaging
LogPluginManager: Mounting plugin GooglePAD
LogPluginManager: Mounting plugin IOSDeviceProfileSelector
LogPluginManager: Mounting plugin LinuxDeviceProfileSelector
LogPluginManager: Mounting plugin LocationServicesBPLibrary
LogPluginManager: Mounting plugin MobilePatchingUtils
LogPluginManager: Mounting plugin OculusVR
LogPluginManager: Mounting plugin PhysXVehicles
LogPluginManager: Mounting plugin PostSplashScreen
LogPluginManager: Mounting plugin ProceduralMeshComponent
LogPluginManager: Mounting plugin RuntimePhysXCooking
LogPluginManager: Mounting plugin SignificanceManager
LogPluginManager: Mounting plugin SoundFields
LogPluginManager: Mounting plugin SteamVR
LogPluginManager: Mounting plugin Synthesis
LogPluginManager: Mounting plugin WebMMoviePlayer
LogPluginManager: Mounting plugin WindowsMoviePlayer
LogPluginManager: Mounting plugin ScreenshotTools
LogPluginManager: Mounting plugin DonAINavigation
LogInit: Using libcurl 7.55.1-DEV
LogInit:  - built for x86_64-pc-win32
LogInit:  - supports SSL with OpenSSL/1.1.1
LogInit:  - supports HTTP deflate (compression) using libz 1.2.8
LogInit:  - other features:
LogInit:      CURL_VERSION_SSL
LogInit:      CURL_VERSION_LIBZ
LogInit:      CURL_VERSION_IPV6
LogInit:      CURL_VERSION_ASYNCHDNS
LogInit:      CURL_VERSION_LARGEFILE
LogInit:      CURL_VERSION_IDN
LogInit:  CurlRequestOptions (configurable via config and command line):
LogInit:  - bVerifyPeer = true  - Libcurl will verify peer certificate
LogInit:  - bUseHttpProxy = false  - Libcurl will NOT use HTTP proxy
LogInit:  - bDontReuseConnections = false  - Libcurl will reuse connections
LogInit:  - MaxHostConnections = 16  - Libcurl will limit the number of connections to a host
LogInit:  - LocalHostAddr = Default
LogInit:  - BufferSize = 65536
LogOnline: OSS: Creating online subsystem instance for: NULL
LogInit: WinSock: version 1.1 (2.2), MaxSocks=32767, MaxUdp=65467
LogOnline: OSS: TryLoadSubsystemAndSetDefault: Loaded subsystem for module [NULL]
LogInit: Build: ++UE4+Release-4.25-CL-13594126
LogInit: Engine Version: 4.25.1-13594126+++UE4+Release-4.25
LogInit: Compatible Engine Version: 4.25.0-13144385+++UE4+Release-4.25
LogInit: Net CL: 13144385
LogInit: OS: Windows 10 (Release 1903) (), CPU: Intel(R) Core(TM) i5-4690K CPU @ 3.50GHz, GPU: NVIDIA GeForce GTX 970
LogInit: Compiled (64-bit): Jun  2 2020 02:10:36
LogInit: Compiled with Visual C++: 19.24.28315.00
LogInit: Build Configuration: Development
LogInit: Branch Name: ++UE4+Release-4.25
LogInit: Command Line: 
LogInit: Base Directory: B:/Program Files/Epic Games/UE_4.25/Engine/Binaries/Win64/
LogInit: Allocator: TBB
LogInit: Installed Engine Build: 1
LogDevObjectVersion: Number of dev versions registered: 26
LogDevObjectVersion:   Dev-Blueprints (B0D832E4-1F89-4F0D-ACCF-7EB736FD4AA2): 10
LogDevObjectVersion:   Dev-Build (E1C64328-A22C-4D53-A36C-8E866417BD8C): 0
LogDevObjectVersion:   Dev-Core (375EC13C-06E4-48FB-B500-84F0262A717E): 4
LogDevObjectVersion:   Dev-Editor (E4B068ED-F494-42E9-A231-DA0B2E46BB41): 38
LogDevObjectVersion:   Dev-Framework (CFFC743F-43B0-4480-9391-14DF171D2073): 37
LogDevObjectVersion:   Dev-Mobile (B02B49B5-BB20-44E9-A304-32B752E40360): 2
LogDevObjectVersion:   Dev-Networking (A4E4105C-59A1-49B5-A7C5-40C4547EDFEE): 0
LogDevObjectVersion:   Dev-Online (39C831C9-5AE6-47DC-9A44-9C173E1C8E7C): 0
LogDevObjectVersion:   Dev-Physics (78F01B33-EBEA-4F98-B9B4-84EACCB95AA2): 4
LogDevObjectVersion:   Dev-Platform (6631380F-2D4D-43E0-8009-CF276956A95A): 0
LogDevObjectVersion:   Dev-Rendering (12F88B9F-8875-4AFC-A67C-D90C383ABD29): 43
LogDevObjectVersion:   Dev-Sequencer (7B5AE74C-D270-4C10-A958-57980B212A5A): 12
LogDevObjectVersion:   Dev-VR (D7296918-1DD6-4BDD-9DE2-64A83CC13884): 3
LogDevObjectVersion:   Dev-LoadTimes (C2A15278-BFE7-4AFE-6C17-90FF531DF755): 1
LogDevObjectVersion:   Private-Geometry (6EACA3D4-40EC-4CC1-B786-8BED09428FC5): 3
LogDevObjectVersion:   Dev-AnimPhys (29E575DD-E0A3-4627-9D10-D276232CDCEA): 17
LogDevObjectVersion:   Dev-Anim (AF43A65D-7FD3-4947-9873-3E8ED9C1BB05): 7
LogDevObjectVersion:   Dev-ReflectionCapture (6B266CEC-1EC7-4B8F-A30B-E4D90942FC07): 1
LogDevObjectVersion:   Dev-Automation (0DF73D61-A23F-47EA-B727-89E90C41499A): 1
LogDevObjectVersion:   FortniteMain (601D1886-AC64-4F84-AA16-D3DE0DEAC7D6): 31
LogDevObjectVersion:   Dev-Enterprise (9DFFBCD6-494F-0158-E221-12823C92A888): 10
LogDevObjectVersion:   Dev-Niagara (F2AED0AC-9AFE-416F-8664-AA7FFA26D6FC): 1
LogDevObjectVersion:   Dev-Destruction (174F1F0B-B4C6-45A5-B13F-2EE8D0FB917D): 10
LogDevObjectVersion:   Dev-Physics-Ext (35F94A83-E258-406C-A318-09F59610247C): 37
LogDevObjectVersion:   Dev-PhysicsMaterial-Chaos (B68FC16E-8B1B-42E2-B453-215C058844FE): 1
LogDevObjectVersion:   Dev-CineCamera (B2E18506-4273-CFC2-A54E-F4BB758BBA07): 1
LogInit: Presizing for max 25165824 objects, including 0 objects not considered by GC, pre-allocating 0 bytes for permanent pool.
LogConfig: Applying CVar settings from Section [/Script/Engine.StreamingSettings] File [B:/Documents/Strathclyde/Master's Thesis/USAR_Swarm/Prototype/Saved/Config/Windows/Engine.ini]
LogConfig: Setting CVar [[s.MinBulkDataSizeForAsyncLoading:131072]]
LogConfig: Setting CVar [[s.AsyncLoadingThreadEnabled:0]]
LogConfig: Setting CVar [[s.EventDrivenLoaderEnabled:1]]
LogConfig: Setting CVar [[s.WarnIfTimeLimitExceeded:0]]
LogConfig: Setting CVar [[s.TimeLimitExceededMultiplier:1.5]]
LogConfig: Setting CVar [[s.TimeLimitExceededMinTime:0.005]]
LogConfig: Setting CVar [[s.UseBackgroundLevelStreaming:1]]
LogConfig: Setting CVar [[s.PriorityAsyncLoadingExtraTime:15.0]]
LogConfig: Setting CVar [[s.LevelStreamingActorsUpdateTimeLimit:5.0]]
LogConfig: Setting CVar [[s.PriorityLevelStreamingActorsUpdateExtraTime:5.0]]
LogConfig: Setting CVar [[s.LevelStreamingComponentsRegistrationGranularity:10]]
LogConfig: Setting CVar [[s.UnregisterComponentsTimeLimit:1.0]]
LogConfig: Setting CVar [[s.LevelStreamingComponentsUnregistrationGranularity:5]]
LogConfig: Setting CVar [[s.FlushStreamingOnExit:1]]
LogInit: Object subsystem initialized
LogConfig: Setting CVar [[con.DebugEarlyDefault:1]]
LogConfig: Setting CVar [[r.setres:1280x720]]
[2020.06.23-22.33.18:893][  0]LogConfig: Setting CVar [[r.VSync:0]]
[2020.06.23-22.33.18:893][  0]LogConfig: Setting CVar [[r.RHICmdBypass:0]]
[2020.06.23-22.33.18:893][  0]LogConfig: Applying CVar settings from Section [/Script/Engine.RendererSettings] File [B:/Documents/Strathclyde/Master's Thesis/USAR_Swarm/Prototype/Saved/Config/Windows/Engine.ini]
[2020.06.23-22.33.18:893][  0]LogConfig: Setting CVar [[r.GPUCrashDebugging:0]]
[2020.06.23-22.33.18:893][  0]LogConfig: Applying CVar settings from Section [/Script/Engine.RendererOverrideSettings] File [B:/Documents/Strathclyde/Master's Thesis/USAR_Swarm/Prototype/Saved/Config/Windows/Engine.ini]
[2020.06.23-22.33.18:893][  0]LogConfig: Applying CVar settings from Section [/Script/Engine.StreamingSettings] File [B:/Documents/Strathclyde/Master's Thesis/USAR_Swarm/Prototype/Saved/Config/Windows/Engine.ini]
[2020.06.23-22.33.18:893][  0]LogConfig: Setting CVar [[s.MinBulkDataSizeForAsyncLoading:131072]]
[2020.06.23-22.33.18:893][  0]LogConfig: Setting CVar [[s.AsyncLoadingThreadEnabled:0]]
[2020.06.23-22.33.18:893][  0]LogConfig: Setting CVar [[s.EventDrivenLoaderEnabled:1]]
[2020.06.23-22.33.18:893][  0]LogConfig: Setting CVar [[s.WarnIfTimeLimitExceeded:0]]
[2020.06.23-22.33.18:893][  0]LogConfig: Setting CVar [[s.TimeLimitExceededMultiplier:1.5]]
[2020.06.23-22.33.18:893][  0]LogConfig: Setting CVar [[s.TimeLimitExceededMinTime:0.005]]
[2020.06.23-22.33.18:893][  0]LogConfig: Setting CVar [[s.UseBackgroundLevelStreaming:1]]
[2020.06.23-22.33.18:893][  0]LogConfig: Setting CVar [[s.PriorityAsyncLoadingExtraTime:15.0]]
[2020.06.23-22.33.18:893][  0]LogConfig: Setting CVar [[s.LevelStreamingActorsUpdateTimeLimit:5.0]]
[2020.06.23-22.33.18:893][  0]LogConfig: Setting CVar [[s.PriorityLevelStreamingActorsUpdateExtraTime:5.0]]
[2020.06.23-22.33.18:893][  0]LogConfig: Setting CVar [[s.LevelStreamingComponentsRegistrationGranularity:10]]
[2020.06.23-22.33.18:893][  0]LogConfig: Setting CVar [[s.UnregisterComponentsTimeLimit:1.0]]
[2020.06.23-22.33.18:893][  0]LogConfig: Setting CVar [[s.LevelStreamingComponentsUnregistrationGranularity:5]]
[2020.06.23-22.33.18:893][  0]LogConfig: Setting CVar [[s.FlushStreamingOnExit:1]]
[2020.06.23-22.33.18:893][  0]LogConfig: Applying CVar settings from Section [/Script/Engine.GarbageCollectionSettings] File [B:/Documents/Strathclyde/Master's Thesis/USAR_Swarm/Prototype/Saved/Config/Windows/Engine.ini]
[2020.06.23-22.33.18:893][  0]LogConfig: Setting CVar [[gc.MaxObjectsNotConsideredByGC:1]]
[2020.06.23-22.33.18:894][  0]LogConfig: Setting CVar [[gc.SizeOfPermanentObjectPool:0]]
[2020.06.23-22.33.18:894][  0]LogConfig: Setting CVar [[gc.FlushStreamingOnGC:0]]
[2020.06.23-22.33.18:894][  0]LogConfig: Setting CVar [[gc.NumRetriesBeforeForcingGC:10]]
[2020.06.23-22.33.18:894][  0]LogConfig: Setting CVar [[gc.AllowParallelGC:1]]
[2020.06.23-22.33.18:894][  0]LogConfig: Setting CVar [[gc.TimeBetweenPurgingPendingKillObjects:61.1]]
[2020.06.23-22.33.18:894][  0]LogConfig: Setting CVar [[gc.MaxObjectsInEditor:25165824]]
[2020.06.23-22.33.18:894][  0]LogConfig: Setting CVar [[gc.IncrementalBeginDestroyEnabled:1]]
[2020.06.23-22.33.18:894][  0]LogConfig: Setting CVar [[gc.CreateGCClusters:1]]
[2020.06.23-22.33.18:894][  0]LogConfig: Setting CVar [[gc.MinGCClusterSize:5]]
[2020.06.23-22.33.18:894][  0]LogConfig: Setting CVar [[gc.ActorClusteringEnabled:0]]
[2020.06.23-22.33.18:894][  0]LogConfig: Setting CVar [[gc.BlueprintClusteringEnabled:0]]
[2020.06.23-22.33.18:894][  0]LogConfig: Setting CVar [[gc.UseDisregardForGCOnDedicatedServers:0]]
[2020.06.23-22.33.18:894][  0]LogConfig: Applying CVar settings from Section [/Script/Engine.NetworkSettings] File [B:/Documents/Strathclyde/Master's Thesis/USAR_Swarm/Prototype/Saved/Config/Windows/Engine.ini]
[2020.06.23-22.33.18:894][  0]LogConfig: Applying CVar settings from Section [/Script/UnrealEd.CookerSettings] File [B:/Documents/Strathclyde/Master's Thesis/USAR_Swarm/Prototype/Saved/Config/Windows/Engine.ini]
[2020.06.23-22.33.18:901][  0]LogConfig: Applying CVar settings from Section [ViewDistanceQuality@3] File [B:/Documents/Strathclyde/Master's Thesis/USAR_Swarm/Prototype/Saved/Config/Windows/Scalability.ini]
[2020.06.23-22.33.18:901][  0]LogConfig: Setting CVar [[r.SkeletalMeshLODBias:0]]
[2020.06.23-22.33.18:901][  0]LogConfig: Setting CVar [[r.ViewDistanceScale:1.0]]
[2020.06.23-22.33.18:901][  0]LogConfig: Applying CVar settings from Section [AntiAliasingQuality@3] File [B:/Documents/Strathclyde/Master's Thesis/USAR_Swarm/Prototype/Saved/Config/Windows/Scalability.ini]
[2020.06.23-22.33.18:901][  0]LogConfig: Setting CVar [[r.PostProcessAAQuality:4]]
[2020.06.23-22.33.18:901][  0]LogConfig: Applying CVar settings from Section [ShadowQuality@3] File [B:/Documents/Strathclyde/Master's Thesis/USAR_Swarm/Prototype/Saved/Config/Windows/Scalability.ini]
[2020.06.23-22.33.18:901][  0]LogConfig: Setting CVar [[r.LightFunctionQuality:1]]
[2020.06.23-22.33.18:901][  0]LogConfig: Setting CVar [[r.ShadowQuality:5]]
[2020.06.23-22.33.18:901][  0]LogConfig: Setting CVar [[r.Shadow.CSM.MaxCascades:10]]
[2020.06.23-22.33.18:901][  0]LogConfig: Setting CVar [[r.Shadow.MaxResolution:2048]]
[2020.06.23-22.33.18:901][  0]LogConfig: Setting CVar [[r.Shadow.MaxCSMResolution:2048]]
[2020.06.23-22.33.18:901][  0]LogConfig: Setting CVar [[r.Shadow.RadiusThreshold:0.01]]
[2020.06.23-22.33.18:901][  0]LogConfig: Setting CVar [[r.Shadow.DistanceScale:1.0]]
[2020.06.23-22.33.18:901][  0]LogConfig: Setting CVar [[r.Shadow.CSM.TransitionScale:1.0]]
[2020.06.23-22.33.18:901][  0]LogConfig: Setting CVar [[r.Shadow.PreShadowResolutionFactor:1.0]]
[2020.06.23-22.33.18:901][  0]LogConfig: Setting CVar [[r.DistanceFieldShadowing:1]]
[2020.06.23-22.33.18:901][  0]LogConfig: Setting CVar [[r.DistanceFieldAO:1]]
[2020.06.23-22.33.18:901][  0]LogConfig: Setting CVar [[r.AOQuality:2]]
[2020.06.23-22.33.18:901][  0]LogConfig: Setting CVar [[r.VolumetricFog:1]]
[2020.06.23-22.33.18:901][  0]LogConfig: Setting CVar [[r.VolumetricFog.GridPixelSize:8]]
[2020.06.23-22.33.18:901][  0]LogConfig: Setting CVar [[r.VolumetricFog.GridSizeZ:128]]
[2020.06.23-22.33.18:901][  0]LogConfig: Setting CVar [[r.VolumetricFog.HistoryMissSupersampleCount:4]]
[2020.06.23-22.33.18:901][  0]LogConfig: Setting CVar [[r.LightMaxDrawDistanceScale:1]]
[2020.06.23-22.33.18:901][  0]LogConfig: Setting CVar [[r.CapsuleShadows:1]]
[2020.06.23-22.33.18:901][  0]LogConfig: Applying CVar settings from Section [PostProcessQuality@3] File [B:/Documents/Strathclyde/Master's Thesis/USAR_Swarm/Prototype/Saved/Config/Windows/Scalability.ini]
[2020.06.23-22.33.18:901][  0]LogConfig: Setting CVar [[r.MotionBlurQuality:4]]
[2020.06.23-22.33.18:901][  0]LogConfig: Setting CVar [[r.AmbientOcclusionMipLevelFactor:0.4]]
[2020.06.23-22.33.18:901][  0]LogConfig: Setting CVar [[r.AmbientOcclusionMaxQuality:100]]
[2020.06.23-22.33.18:901][  0]LogConfig: Setting CVar [[r.AmbientOcclusionLevels:-1]]
[2020.06.23-22.33.18:901][  0]LogConfig: Setting CVar [[r.AmbientOcclusionRadiusScale:1.0]]
[2020.06.23-22.33.18:901][  0]LogConfig: Setting CVar [[r.DepthOfFieldQuality:2]]
[2020.06.23-22.33.18:901][  0]LogConfig: Setting CVar [[r.RenderTargetPoolMin:400]]
[2020.06.23-22.33.18:901][  0]LogConfig: Setting CVar [[r.LensFlareQuality:2]]
[2020.06.23-22.33.18:901][  0]LogConfig: Setting CVar [[r.SceneColorFringeQuality:1]]
[2020.06.23-22.33.18:901][  0]LogConfig: Setting CVar [[r.EyeAdaptationQuality:2]]
[2020.06.23-22.33.18:901][  0]LogConfig: Setting CVar [[r.BloomQuality:5]]
[2020.06.23-22.33.18:901][  0]LogConfig: Setting CVar [[r.FastBlurThreshold:100]]
[2020.06.23-22.33.18:902][  0]LogConfig: Setting CVar [[r.Upscale.Quality:3]]
[2020.06.23-22.33.18:902][  0]LogConfig: Setting CVar [[r.Tonemapper.GrainQuantization:1]]
[2020.06.23-22.33.18:902][  0]LogConfig: Setting CVar [[r.LightShaftQuality:1]]
[2020.06.23-22.33.18:902][  0]LogConfig: Setting CVar [[r.Filter.SizeScale:1]]
[2020.06.23-22.33.18:902][  0]LogConfig: Setting CVar [[r.Tonemapper.Quality:5]]
[2020.06.23-22.33.18:902][  0]LogConfig: Setting CVar [[r.DOF.Gather.AccumulatorQuality:1        ; higher gathering accumulator quality]]
[2020.06.23-22.33.18:902][  0]LogConfig: Setting CVar [[r.DOF.Gather.PostfilterMethod:1          ; Median3x3 postfilering method]]
[2020.06.23-22.33.18:902][  0]LogConfig: Setting CVar [[r.DOF.Gather.EnableBokehSettings:0       ; no bokeh simulation when gathering]]
[2020.06.23-22.33.18:902][  0]LogConfig: Setting CVar [[r.DOF.Gather.RingCount:4                 ; medium number of samples when gathering]]
[2020.06.23-22.33.18:902][  0]LogConfig: Setting CVar [[r.DOF.Scatter.ForegroundCompositing:1    ; additive foreground scattering]]
[2020.06.23-22.33.18:902][  0]LogConfig: Setting CVar [[r.DOF.Scatter.BackgroundCompositing:2    ; additive background scattering]]
[2020.06.23-22.33.18:902][  0]LogConfig: Setting CVar [[r.DOF.Scatter.EnableBokehSettings:1      ; bokeh simulation when scattering]]
[2020.06.23-22.33.18:902][  0]LogConfig: Setting CVar [[r.DOF.Scatter.MaxSpriteRatio:0.1         ; only a maximum of 10% of scattered bokeh]]
[2020.06.23-22.33.18:902][  0]LogConfig: Setting CVar [[r.DOF.Recombine.Quality:1                ; cheap slight out of focus]]
[2020.06.23-22.33.18:902][  0]LogConfig: Setting CVar [[r.DOF.Recombine.EnableBokehSettings:0    ; no bokeh simulation on slight out of focus]]
[2020.06.23-22.33.18:902][  0]LogConfig: Setting CVar [[r.DOF.TemporalAAQuality:1                ; more stable temporal accumulation]]
[2020.06.23-22.33.18:902][  0]LogConfig: Setting CVar [[r.DOF.Kernel.MaxForegroundRadius:0.025]]
[2020.06.23-22.33.18:902][  0]LogConfig: Setting CVar [[r.DOF.Kernel.MaxBackgroundRadius:0.025]]
[2020.06.23-22.33.18:902][  0]LogConfig: Applying CVar settings from Section [TextureQuality@3] File [B:/Documents/Strathclyde/Master's Thesis/USAR_Swarm/Prototype/Saved/Config/Windows/Scalability.ini]
[2020.06.23-22.33.18:902][  0]LogConfig: Setting CVar [[r.Streaming.MipBias:0]]
[2020.06.23-22.33.18:902][  0]LogConfig: Setting CVar [[r.Streaming.AmortizeCPUToGPUCopy:0]]
[2020.06.23-22.33.18:902][  0]LogConfig: Setting CVar [[r.Streaming.MaxNumTexturesToStreamPerFrame:0]]
[2020.06.23-22.33.18:902][  0]LogConfig: Setting CVar [[r.Streaming.Boost:1]]
[2020.06.23-22.33.18:902][  0]LogConfig: Setting CVar [[r.MaxAnisotropy:8]]
[2020.06.23-22.33.18:902][  0]LogConfig: Setting CVar [[r.VT.MaxAnisotropy:8]]
[2020.06.23-22.33.18:902][  0]LogConfig: Setting CVar [[r.Streaming.LimitPoolSizeToVRAM:0]]
[2020.06.23-22.33.18:902][  0]LogConfig: Setting CVar [[r.Streaming.PoolSize:1000]]
[2020.06.23-22.33.18:902][  0]LogConfig: Setting CVar [[r.Streaming.MaxEffectiveScreenSize:0]]
[2020.06.23-22.33.18:902][  0]LogConfig: Applying CVar settings from Section [EffectsQuality@3] File [B:/Documents/Strathclyde/Master's Thesis/USAR_Swarm/Prototype/Saved/Config/Windows/Scalability.ini]
[2020.06.23-22.33.18:902][  0]LogConfig: Setting CVar [[r.TranslucencyLightingVolumeDim:64]]
[2020.06.23-22.33.18:902][  0]LogConfig: Setting CVar [[r.RefractionQuality:2]]
[2020.06.23-22.33.18:902][  0]LogConfig: Setting CVar [[r.SSR.Quality:3]]
[2020.06.23-22.33.18:902][  0]LogConfig: Setting CVar [[r.SSR.HalfResSceneColor:0]]
[2020.06.23-22.33.18:902][  0]LogConfig: Setting CVar [[r.SceneColorFormat:4]]
[2020.06.23-22.33.18:902][  0]LogConfig: Setting CVar [[r.DetailMode:2]]
[2020.06.23-22.33.18:902][  0]LogConfig: Setting CVar [[r.TranslucencyVolumeBlur:1]]
[2020.06.23-22.33.18:902][  0]LogConfig: Setting CVar [[r.MaterialQualityLevel:1 ; High quality]]
[2020.06.23-22.33.18:902][  0]LogConfig: Setting CVar [[r.SSS.Scale:1]]
[2020.06.23-22.33.18:902][  0]LogConfig: Setting CVar [[r.SSS.SampleSet:2]]
[2020.06.23-22.33.18:902][  0]LogConfig: Setting CVar [[r.SSS.Quality:1]]
[2020.06.23-22.33.18:902][  0]LogConfig: Setting CVar [[r.SSS.HalfRes:0]]
[2020.06.23-22.33.18:902][  0]LogConfig: Setting CVar [[r.SSGI.Quality:3]]
[2020.06.23-22.33.18:902][  0]LogConfig: Setting CVar [[r.EmitterSpawnRateScale:1.0]]
[2020.06.23-22.33.18:902][  0]LogConfig: Setting CVar [[r.ParticleLightQuality:2]]
[2020.06.23-22.33.18:902][  0]LogConfig: Setting CVar [[r.SkyAtmosphere.AerialPerspectiveLUT.FastApplyOnOpaque:1 ; Always have FastSkyLUT 1 in this case to avoid wrong sky]]
[2020.06.23-22.33.18:902][  0]LogConfig: Setting CVar [[r.SkyAtmosphere.AerialPerspectiveLUT.SampleCountPerSlice:1]]
[2020.06.23-22.33.18:902][  0]LogConfig: Setting CVar [[r.SkyAtmosphere.AerialPerspectiveLUT.DepthResolution:16.0]]
[2020.06.23-22.33.18:902][  0]LogConfig: Setting CVar [[r.SkyAtmosphere.FastSkyLUT:1]]
[2020.06.23-22.33.18:902][  0]LogConfig: Setting CVar [[r.SkyAtmosphere.FastSkyLUT.SampleCountMin:4.0]]
[2020.06.23-22.33.18:902][  0]LogConfig: Setting CVar [[r.SkyAtmosphere.FastSkyLUT.SampleCountMax:32.0]]
[2020.06.23-22.33.18:902][  0]LogConfig: Setting CVar [[r.SkyAtmosphere.SampleCountMin:4.0]]
[2020.06.23-22.33.18:902][  0]LogConfig: Setting CVar [[r.SkyAtmosphere.SampleCountMax:32.0]]
[2020.06.23-22.33.18:902][  0]LogConfig: Setting CVar [[r.SkyAtmosphere.TransmittanceLUT.UseSmallFormat:0]]
[2020.06.23-22.33.18:902][  0]LogConfig: Setting CVar [[r.SkyAtmosphere.TransmittanceLUT.SampleCount:10.0]]
[2020.06.23-22.33.18:902][  0]LogConfig: Setting CVar [[r.SkyAtmosphere.MultiScatteringLUT.SampleCount:15.0]]
[2020.06.23-22.33.18:902][  0]LogConfig: Applying CVar settings from Section [FoliageQuality@3] File [B:/Documents/Strathclyde/Master's Thesis/USAR_Swarm/Prototype/Saved/Config/Windows/Scalability.ini]
[2020.06.23-22.33.18:902][  0]LogConfig: Setting CVar [[foliage.DensityScale:1.0]]
[2020.06.23-22.33.18:902][  0]LogConfig: Setting CVar [[grass.DensityScale:1.0]]
[2020.06.23-22.33.18:902][  0]LogConfig: Applying CVar settings from Section [ShadingQuality@3] File [B:/Documents/Strathclyde/Master's Thesis/USAR_Swarm/Prototype/Saved/Config/Windows/Scalability.ini]
[2020.06.23-22.33.18:902][  0]LogConfig: Setting CVar [[r.HairStrands.SkyLighting.SampleCount:16]]
[2020.06.23-22.33.18:902][  0]LogConfig: Setting CVar [[r.HairStrands.SkyLighting.JitterIntegration:0]]
[2020.06.23-22.33.18:902][  0]LogConfig: Setting CVar [[r.HairStrands.SkyAO.SampleCount:16]]
[2020.06.23-22.33.18:902][  0]LogConfig: Setting CVar [[r.HairStrands.DeepShadow.SuperSampling:0]]
[2020.06.23-22.33.18:902][  0]LogConfig: Setting CVar [[r.HairStrands.VisibilityPPLL:0]]
[2020.06.23-22.33.18:902][  0]LogConfig: Setting CVar [[r.HairStrands.RasterizationScale:0.5]]
[2020.06.23-22.33.18:902][  0]LogConfig: Setting CVar [[r.HairStrands.VelocityRasterizationScale:1]]
[2020.06.23-22.33.18:902][  0]LogInit: Selected Device Profile: [Windows]
[2020.06.23-22.33.18:902][  0]LogInit: Applying CVar settings loaded from the selected device profile: [Windows]
[2020.06.23-22.33.18:902][  0]LogHAL: Display: Platform has ~ 16 GB [16606146560 / 17179869184 / 16], which maps to Larger [LargestMinGB=32, LargerMinGB=12, DefaultMinGB=8, SmallerMinGB=6, SmallestMinGB=0)
[2020.06.23-22.33.18:902][  0]LogInit: Going up to parent DeviceProfile []
[2020.06.23-22.33.18:902][  0]LogConfig: Applying CVar settings from Section [ViewDistanceQuality@3] File [B:/Documents/Strathclyde/Master's Thesis/USAR_Swarm/Prototype/Saved/Config/Windows/Scalability.ini]
[2020.06.23-22.33.18:902][  0]LogConfig: Setting CVar [[r.SkeletalMeshLODBias:0]]
[2020.06.23-22.33.18:902][  0]LogConfig: Setting CVar [[r.ViewDistanceScale:1.0]]
[2020.06.23-22.33.18:902][  0]LogConfig: Applying CVar settings from Section [AntiAliasingQuality@3] File [B:/Documents/Strathclyde/Master's Thesis/USAR_Swarm/Prototype/Saved/Config/Windows/Scalability.ini]
[2020.06.23-22.33.18:902][  0]LogConfig: Setting CVar [[r.PostProcessAAQuality:4]]
[2020.06.23-22.33.18:902][  0]LogConfig: Applying CVar settings from Section [ShadowQuality@3] File [B:/Documents/Strathclyde/Master's Thesis/USAR_Swarm/Prototype/Saved/Config/Windows/Scalability.ini]
[2020.06.23-22.33.18:902][  0]LogConfig: Setting CVar [[r.LightFunctionQuality:1]]
[2020.06.23-22.33.18:902][  0]LogConfig: Setting CVar [[r.ShadowQuality:5]]
[2020.06.23-22.33.18:902][  0]LogConfig: Setting CVar [[r.Shadow.CSM.MaxCascades:10]]
[2020.06.23-22.33.18:902][  0]LogConfig: Setting CVar [[r.Shadow.MaxResolution:2048]]
[2020.06.23-22.33.18:902][  0]LogConfig: Setting CVar [[r.Shadow.MaxCSMResolution:2048]]
[2020.06.23-22.33.18:902][  0]LogConfig: Setting CVar [[r.Shadow.RadiusThreshold:0.01]]
[2020.06.23-22.33.18:902][  0]LogConfig: Setting CVar [[r.Shadow.DistanceScale:1.0]]
[2020.06.23-22.33.18:903][  0]LogConfig: Setting CVar [[r.Shadow.CSM.TransitionScale:1.0]]
[2020.06.23-22.33.18:903][  0]LogConfig: Setting CVar [[r.Shadow.PreShadowResolutionFactor:1.0]]
[2020.06.23-22.33.18:903][  0]LogConfig: Setting CVar [[r.DistanceFieldShadowing:1]]
[2020.06.23-22.33.18:903][  0]LogConfig: Setting CVar [[r.DistanceFieldAO:1]]
[2020.06.23-22.33.18:903][  0]LogConfig: Setting CVar [[r.AOQuality:2]]
[2020.06.23-22.33.18:903][  0]LogConfig: Setting CVar [[r.VolumetricFog:1]]
[2020.06.23-22.33.18:903][  0]LogConfig: Setting CVar [[r.VolumetricFog.GridPixelSize:8]]
[2020.06.23-22.33.18:903][  0]LogConfig: Setting CVar [[r.VolumetricFog.GridSizeZ:128]]
[2020.06.23-22.33.18:903][  0]LogConfig: Setting CVar [[r.VolumetricFog.HistoryMissSupersampleCount:4]]
[2020.06.23-22.33.18:903][  0]LogConfig: Setting CVar [[r.LightMaxDrawDistanceScale:1]]
[2020.06.23-22.33.18:903][  0]LogConfig: Setting CVar [[r.CapsuleShadows:1]]
[2020.06.23-22.33.18:903][  0]LogConfig: Applying CVar settings from Section [PostProcessQuality@3] File [B:/Documents/Strathclyde/Master's Thesis/USAR_Swarm/Prototype/Saved/Config/Windows/Scalability.ini]
[2020.06.23-22.33.18:903][  0]LogConfig: Setting CVar [[r.MotionBlurQuality:4]]
[2020.06.23-22.33.18:903][  0]LogConfig: Setting CVar [[r.AmbientOcclusionMipLevelFactor:0.4]]
[2020.06.23-22.33.18:903][  0]LogConfig: Setting CVar [[r.AmbientOcclusionMaxQuality:100]]
[2020.06.23-22.33.18:903][  0]LogConfig: Setting CVar [[r.AmbientOcclusionLevels:-1]]
[2020.06.23-22.33.18:903][  0]LogConfig: Setting CVar [[r.AmbientOcclusionRadiusScale:1.0]]
[2020.06.23-22.33.18:903][  0]LogConfig: Setting CVar [[r.DepthOfFieldQuality:2]]
[2020.06.23-22.33.18:903][  0]LogConfig: Setting CVar [[r.RenderTargetPoolMin:400]]
[2020.06.23-22.33.18:903][  0]LogConfig: Setting CVar [[r.LensFlareQuality:2]]
[2020.06.23-22.33.18:903][  0]LogConfig: Setting CVar [[r.SceneColorFringeQuality:1]]
[2020.06.23-22.33.18:903][  0]LogConfig: Setting CVar [[r.EyeAdaptationQuality:2]]
[2020.06.23-22.33.18:903][  0]LogConfig: Setting CVar [[r.BloomQuality:5]]
[2020.06.23-22.33.18:903][  0]LogConfig: Setting CVar [[r.FastBlurThreshold:100]]
[2020.06.23-22.33.18:903][  0]LogConfig: Setting CVar [[r.Upscale.Quality:3]]
[2020.06.23-22.33.18:903][  0]LogConfig: Setting CVar [[r.Tonemapper.GrainQuantization:1]]
[2020.06.23-22.33.18:903][  0]LogConfig: Setting CVar [[r.LightShaftQuality:1]]
[2020.06.23-22.33.18:903][  0]LogConfig: Setting CVar [[r.Filter.SizeScale:1]]
[2020.06.23-22.33.18:903][  0]LogConfig: Setting CVar [[r.Tonemapper.Quality:5]]
[2020.06.23-22.33.18:903][  0]LogConfig: Setting CVar [[r.DOF.Gather.AccumulatorQuality:1        ; higher gathering accumulator quality]]
[2020.06.23-22.33.18:903][  0]LogConfig: Setting CVar [[r.DOF.Gather.PostfilterMethod:1          ; Median3x3 postfilering method]]
[2020.06.23-22.33.18:903][  0]LogConfig: Setting CVar [[r.DOF.Gather.EnableBokehSettings:0       ; no bokeh simulation when gathering]]
[2020.06.23-22.33.18:903][  0]LogConfig: Setting CVar [[r.DOF.Gather.RingCount:4                 ; medium number of samples when gathering]]
[2020.06.23-22.33.18:903][  0]LogConfig: Setting CVar [[r.DOF.Scatter.ForegroundCompositing:1    ; additive foreground scattering]]
[2020.06.23-22.33.18:903][  0]LogConfig: Setting CVar [[r.DOF.Scatter.BackgroundCompositing:2    ; additive background scattering]]
[2020.06.23-22.33.18:903][  0]LogConfig: Setting CVar [[r.DOF.Scatter.EnableBokehSettings:1      ; bokeh simulation when scattering]]
[2020.06.23-22.33.18:903][  0]LogConfig: Setting CVar [[r.DOF.Scatter.MaxSpriteRatio:0.1         ; only a maximum of 10% of scattered bokeh]]
[2020.06.23-22.33.18:903][  0]LogConfig: Setting CVar [[r.DOF.Recombine.Quality:1                ; cheap slight out of focus]]
[2020.06.23-22.33.18:903][  0]LogConfig: Setting CVar [[r.DOF.Recombine.EnableBokehSettings:0    ; no bokeh simulation on slight out of focus]]
[2020.06.23-22.33.18:903][  0]LogConfig: Setting CVar [[r.DOF.TemporalAAQuality:1                ; more stable temporal accumulation]]
[2020.06.23-22.33.18:903][  0]LogConfig: Setting CVar [[r.DOF.Kernel.MaxForegroundRadius:0.025]]
[2020.06.23-22.33.18:903][  0]LogConfig: Setting CVar [[r.DOF.Kernel.MaxBackgroundRadius:0.025]]
[2020.06.23-22.33.18:903][  0]LogConfig: Applying CVar settings from Section [TextureQuality@3] File [B:/Documents/Strathclyde/Master's Thesis/USAR_Swarm/Prototype/Saved/Config/Windows/Scalability.ini]
[2020.06.23-22.33.18:903][  0]LogConfig: Setting CVar [[r.Streaming.MipBias:0]]
[2020.06.23-22.33.18:903][  0]LogConfig: Setting CVar [[r.Streaming.AmortizeCPUToGPUCopy:0]]
[2020.06.23-22.33.18:903][  0]LogConfig: Setting CVar [[r.Streaming.MaxNumTexturesToStreamPerFrame:0]]
[2020.06.23-22.33.18:903][  0]LogConfig: Setting CVar [[r.Streaming.Boost:1]]
[2020.06.23-22.33.18:903][  0]LogConfig: Setting CVar [[r.MaxAnisotropy:8]]
[2020.06.23-22.33.18:903][  0]LogConfig: Setting CVar [[r.VT.MaxAnisotropy:8]]
[2020.06.23-22.33.18:903][  0]LogConfig: Setting CVar [[r.Streaming.LimitPoolSizeToVRAM:0]]
[2020.06.23-22.33.18:903][  0]LogConfig: Setting CVar [[r.Streaming.PoolSize:1000]]
[2020.06.23-22.33.18:903][  0]LogConfig: Setting CVar [[r.Streaming.MaxEffectiveScreenSize:0]]
[2020.06.23-22.33.18:903][  0]LogConfig: Applying CVar settings from Section [EffectsQuality@3] File [B:/Documents/Strathclyde/Master's Thesis/USAR_Swarm/Prototype/Saved/Config/Windows/Scalability.ini]
[2020.06.23-22.33.18:903][  0]LogConfig: Setting CVar [[r.TranslucencyLightingVolumeDim:64]]
[2020.06.23-22.33.18:903][  0]LogConfig: Setting CVar [[r.RefractionQuality:2]]
[2020.06.23-22.33.18:903][  0]LogConfig: Setting CVar [[r.SSR.Quality:3]]
[2020.06.23-22.33.18:903][  0]LogConfig: Setting CVar [[r.SSR.HalfResSceneColor:0]]
[2020.06.23-22.33.18:903][  0]LogConfig: Setting CVar [[r.SceneColorFormat:4]]
[2020.06.23-22.33.18:903][  0]LogConfig: Setting CVar [[r.DetailMode:2]]
[2020.06.23-22.33.18:903][  0]LogConfig: Setting CVar [[r.TranslucencyVolumeBlur:1]]
[2020.06.23-22.33.18:903][  0]LogConfig: Setting CVar [[r.MaterialQualityLevel:1 ; High quality]]
[2020.06.23-22.33.18:903][  0]LogConfig: Setting CVar [[r.SSS.Scale:1]]
[2020.06.23-22.33.18:903][  0]LogConfig: Setting CVar [[r.SSS.SampleSet:2]]
[2020.06.23-22.33.18:903][  0]LogConfig: Setting CVar [[r.SSS.Quality:1]]
[2020.06.23-22.33.18:903][  0]LogConfig: Setting CVar [[r.SSS.HalfRes:0]]
[2020.06.23-22.33.18:903][  0]LogConfig: Setting CVar [[r.SSGI.Quality:3]]
[2020.06.23-22.33.18:903][  0]LogConfig: Setting CVar [[r.EmitterSpawnRateScale:1.0]]
[2020.06.23-22.33.18:903][  0]LogConfig: Setting CVar [[r.ParticleLightQuality:2]]
[2020.06.23-22.33.18:903][  0]LogConfig: Setting CVar [[r.SkyAtmosphere.AerialPerspectiveLUT.FastApplyOnOpaque:1 ; Always have FastSkyLUT 1 in this case to avoid wrong sky]]
[2020.06.23-22.33.18:903][  0]LogConfig: Setting CVar [[r.SkyAtmosphere.AerialPerspectiveLUT.SampleCountPerSlice:1]]
[2020.06.23-22.33.18:903][  0]LogConfig: Setting CVar [[r.SkyAtmosphere.AerialPerspectiveLUT.DepthResolution:16.0]]
[2020.06.23-22.33.18:903][  0]LogConfig: Setting CVar [[r.SkyAtmosphere.FastSkyLUT:1]]
[2020.06.23-22.33.18:903][  0]LogConfig: Setting CVar [[r.SkyAtmosphere.FastSkyLUT.SampleCountMin:4.0]]
[2020.06.23-22.33.18:903][  0]LogConfig: Setting CVar [[r.SkyAtmosphere.FastSkyLUT.SampleCountMax:32.0]]
[2020.06.23-22.33.18:903][  0]LogConfig: Setting CVar [[r.SkyAtmosphere.SampleCountMin:4.0]]
[2020.06.23-22.33.18:903][  0]LogConfig: Setting CVar [[r.SkyAtmosphere.SampleCountMax:32.0]]
[2020.06.23-22.33.18:903][  0]LogConfig: Setting CVar [[r.SkyAtmosphere.TransmittanceLUT.UseSmallFormat:0]]
[2020.06.23-22.33.18:903][  0]LogConfig: Setting CVar [[r.SkyAtmosphere.TransmittanceLUT.SampleCount:10.0]]
[2020.06.23-22.33.18:903][  0]LogConfig: Setting CVar [[r.SkyAtmosphere.MultiScatteringLUT.SampleCount:15.0]]
[2020.06.23-22.33.18:903][  0]LogConfig: Applying CVar settings from Section [FoliageQuality@3] File [B:/Documents/Strathclyde/Master's Thesis/USAR_Swarm/Prototype/Saved/Config/Windows/Scalability.ini]
[2020.06.23-22.33.18:903][  0]LogConfig: Setting CVar [[foliage.DensityScale:1.0]]
[2020.06.23-22.33.18:903][  0]LogConfig: Setting CVar [[grass.DensityScale:1.0]]
[2020.06.23-22.33.18:903][  0]LogConfig: Applying CVar settings from Section [ShadingQuality@3] File [B:/Documents/Strathclyde/Master's Thesis/USAR_Swarm/Prototype/Saved/Config/Windows/Scalability.ini]
[2020.06.23-22.33.18:903][  0]LogConfig: Setting CVar [[r.HairStrands.SkyLighting.SampleCount:16]]
[2020.06.23-22.33.18:903][  0]LogConfig: Setting CVar [[r.HairStrands.SkyLighting.JitterIntegration:0]]
[2020.06.23-22.33.18:903][  0]LogConfig: Setting CVar [[r.HairStrands.SkyAO.SampleCount:16]]
[2020.06.23-22.33.18:903][  0]LogConfig: Setting CVar [[r.HairStrands.DeepShadow.SuperSampling:0]]
[2020.06.23-22.33.18:903][  0]LogConfig: Setting CVar [[r.HairStrands.VisibilityPPLL:0]]
[2020.06.23-22.33.18:903][  0]LogConfig: Setting CVar [[r.HairStrands.RasterizationScale:0.5]]
[2020.06.23-22.33.18:903][  0]LogConfig: Setting CVar [[r.HairStrands.VelocityRasterizationScale:1]]
[2020.06.23-22.33.18:903][  0]LogConfig: Applying CVar settings from Section [Startup] File [../../../Engine/Config/ConsoleVariables.ini]
[2020.06.23-22.33.18:904][  0]LogConfig: Setting CVar [[net.UseAdaptiveNetUpdateFrequency:0]]
[2020.06.23-22.33.18:904][  0]LogConfig: Setting CVar [[p.chaos.AllowCreatePhysxBodies:1]]
[2020.06.23-22.33.18:904][  0]LogConfig: Setting CVar [[fx.SkipVectorVMBackendOptimizations:1]]
[2020.06.23-22.33.18:904][  0]LogConfig: Applying CVar settings from Section [ConsoleVariables] File [B:/Documents/Strathclyde/Master's Thesis/USAR_Swarm/Prototype/Saved/Config/Windows/Engine.ini]
[2020.06.23-22.33.18:904][  0]LogInit: Computer: DESKTOP-LU8PQB6
[2020.06.23-22.33.18:904][  0]LogInit: User: swnex
[2020.06.23-22.33.18:904][  0]LogInit: CPU Page size=4096, Cores=4
[2020.06.23-22.33.18:904][  0]LogInit: High frequency timer resolution =10.000000 MHz
[2020.06.23-22.33.18:904][  0]LogMemory: Memory total: Physical=15.5GB (16GB approx)
[2020.06.23-22.33.18:904][  0]LogMemory: Platform Memory Stats for Windows
[2020.06.23-22.33.18:904][  0]LogMemory: Process Physical Memory: 115.42 MB used, 115.43 MB peak
[2020.06.23-22.33.18:904][  0]LogMemory: Process Virtual Memory: 99.38 MB used, 99.38 MB peak
[2020.06.23-22.33.18:904][  0]LogMemory: Physical Memory: 6924.22 MB used,  8912.64 MB free, 15836.86 MB total
[2020.06.23-22.33.18:904][  0]LogMemory: Virtual Memory: 5109.65 MB used,  134212616.00 MB free, 134217728.00 MB total
[2020.06.23-22.33.18:911][  0]LogWindows: WindowsPlatformFeatures enabled
[2020.06.23-22.33.18:946][  0]LogInit: Physics initialised using underlying interface: PhysX
[2020.06.23-22.33.18:946][  0]LogInit: Using OS detected language (en-US).
[2020.06.23-22.33.18:946][  0]LogInit: Using OS detected locale (en-US).
[2020.06.23-22.33.18:949][  0]LogTextLocalizationManager: No specific localization for 'en-US' exists, so the 'en' localization will be used.
[2020.06.23-22.33.19:161][  0]LogInit: Setting process to per monitor DPI aware
[2020.06.23-22.33.19:207][  0]LogSlate: New Slate User Created.  User Index 0, Is Virtual User: 0
[2020.06.23-22.33.19:207][  0]LogSlate: Slate User Registered.  User Index 0, Is Virtual User: 0
[2020.06.23-22.33.19:390][  0]LogHMD: Failed to initialize OpenVR with code 110
[2020.06.23-22.33.19:390][  0]LogD3D11RHI: D3D11 min allowed feature level: 11_0
[2020.06.23-22.33.19:390][  0]LogD3D11RHI: D3D11 max allowed feature level: 11_0
[2020.06.23-22.33.19:390][  0]LogD3D11RHI: D3D11 adapters:
[2020.06.23-22.33.19:452][  0]LogD3D11RHI:    0. 'NVIDIA GeForce GTX 970' (Feature Level 11_0)
[2020.06.23-22.33.19:452][  0]LogD3D11RHI:       4043/0/7918 MB DedicatedVideo/DedicatedSystem/SharedSystem, Outputs:2, VendorId:0x10de
[2020.06.23-22.33.19:454][  0]LogD3D11RHI:    1. 'Microsoft Basic Render Driver' (Feature Level 11_0)
[2020.06.23-22.33.19:454][  0]LogD3D11RHI:       0/0/7918 MB DedicatedVideo/DedicatedSystem/SharedSystem, Outputs:0, VendorId:0x1414
[2020.06.23-22.33.19:454][  0]LogD3D11RHI: Chosen D3D11 Adapter: 0
[2020.06.23-22.33.19:462][  0]LogD3D11RHI: Creating new Direct3DDevice
[2020.06.23-22.33.19:462][  0]LogD3D11RHI:     GPU DeviceId: 0x13c2 (for the marketing name, search the web for "GPU Device Id")
[2020.06.23-22.33.19:462][  0]LogWindows: EnumDisplayDevices:
[2020.06.23-22.33.19:463][  0]LogWindows:    0. 'NVIDIA GeForce GTX 970' (P:0 D:1)
[2020.06.23-22.33.19:463][  0]LogWindows:    1. 'NVIDIA GeForce GTX 970' (P:1 D:1)
[2020.06.23-22.33.19:464][  0]LogWindows:    2. 'NVIDIA GeForce GTX 970' (P:0 D:0)
[2020.06.23-22.33.19:464][  0]LogWindows:    3. 'NVIDIA GeForce GTX 970' (P:0 D:0)
[2020.06.23-22.33.19:465][  0]LogWindows: DebugString: FoundDriverCount:4 
[2020.06.23-22.33.19:465][  0]LogD3D11RHI:     Adapter Name: NVIDIA GeForce GTX 970
[2020.06.23-22.33.19:465][  0]LogD3D11RHI:   Driver Version: 445.87 (internal:26.21.14.4587, unified:445.87)
[2020.06.23-22.33.19:465][  0]LogD3D11RHI:      Driver Date: 4-3-2020
[2020.06.23-22.33.19:465][  0]LogRHI: Texture pool is 2830 MB (70% of 4043 MB)
[2020.06.23-22.33.19:506][  0]LogD3D11RHI: RHI has support for 64 bit atomics
[2020.06.23-22.33.19:508][  0]LogD3D11RHI: [Aftermath] Enabled and primed
[2020.06.23-22.33.19:508][  0]LogD3D11RHI: Async texture creation enabled
[2020.06.23-22.33.19:508][  0]LogD3D11RHI: Array index from any shader is supported
[2020.06.23-22.33.19:528][  0]LogD3D11RHI: GPU Timing Frequency: 1000.000000 (Debug: 2 1)
[2020.06.23-22.33.19:925][  0]LogTargetPlatformManager: Display: Loaded TargetPlatform 'AllDesktop'
[2020.06.23-22.33.19:946][  0]LogTargetPlatformManager: Display: Loaded TargetPlatform 'Android'
[2020.06.23-22.33.19:946][  0]LogTargetPlatformManager: Display: Loaded TargetPlatform 'Android_ASTC'
[2020.06.23-22.33.19:946][  0]LogTargetPlatformManager: Display: Loaded TargetPlatform 'Android_DXT'
[2020.06.23-22.33.19:946][  0]LogTargetPlatformManager: Display: Loaded TargetPlatform 'Android_ETC2'
[2020.06.23-22.33.19:946][  0]LogTargetPlatformManager: Display: Loaded TargetPlatform 'AndroidClient'
[2020.06.23-22.33.19:946][  0]LogTargetPlatformManager: Display: Loaded TargetPlatform 'Android_ASTCClient'
[2020.06.23-22.33.19:946][  0]LogTargetPlatformManager: Display: Loaded TargetPlatform 'Android_DXTClient'
[2020.06.23-22.33.19:946][  0]LogTargetPlatformManager: Display: Loaded TargetPlatform 'Android_ETC2Client'
[2020.06.23-22.33.19:946][  0]LogTargetPlatformManager: Display: Loaded TargetPlatform 'Android_Multi'
[2020.06.23-22.33.19:946][  0]LogTargetPlatformManager: Display: Loaded TargetPlatform 'Android_MultiClient'
[2020.06.23-22.33.19:968][  0]LogTargetPlatformManager: Display: Loaded TargetPlatform 'IOSClient'
[2020.06.23-22.33.19:968][  0]LogTargetPlatformManager: Display: Loaded TargetPlatform 'IOS'
[2020.06.23-22.33.19:977][  0]LogTargetPlatformManager: Display: Loaded TargetPlatform 'Linux'
[2020.06.23-22.33.19:985][  0]LogTargetPlatformManager: Display: Loaded TargetPlatform 'LinuxNoEditor'
[2020.06.23-22.33.19:994][  0]LogTargetPlatformManager: Display: Loaded TargetPlatform 'LinuxClient'
[2020.06.23-22.33.20:003][  0]LogTargetPlatformManager: Display: Loaded TargetPlatform 'LinuxServer'
[2020.06.23-22.33.20:011][  0]LogTargetPlatformManager: Display: Loaded TargetPlatform 'LinuxAArch64NoEditor'
[2020.06.23-22.33.20:019][  0]LogTargetPlatformManager: Display: Loaded TargetPlatform 'LinuxAArch64Client'
[2020.06.23-22.33.20:028][  0]LogTargetPlatformManager: Display: Loaded TargetPlatform 'LinuxAArch64Server'
[2020.06.23-22.33.20:052][  0]LogTargetPlatformManager: Display: Loaded TargetPlatform 'Lumin'
[2020.06.23-22.33.20:052][  0]LogTargetPlatformManager: Display: Loaded TargetPlatform 'LuminClient'
[2020.06.23-22.33.20:066][  0]LogTargetPlatformManager: Display: Loaded TargetPlatform 'TVOSClient'
[2020.06.23-22.33.20:066][  0]LogTargetPlatformManager: Display: Loaded TargetPlatform 'TVOS'
[2020.06.23-22.33.20:074][  0]LogTargetPlatformManager: Display: Loaded TargetPlatform 'WindowsNoEditor'
[2020.06.23-22.33.20:083][  0]LogTargetPlatformManager: Display: Loaded TargetPlatform 'Windows'
[2020.06.23-22.33.20:091][  0]LogTargetPlatformManager: Display: Loaded TargetPlatform 'WindowsClient'
[2020.06.23-22.33.20:100][  0]LogTargetPlatformManager: Display: Loaded TargetPlatform 'WindowsServer'
[2020.06.23-22.33.20:100][  0]LogTargetPlatformManager: Display: Building Assets For Windows
[2020.06.23-22.33.20:108][  0]LogAudioDebug: Display: Lib vorbis DLL was dynamically loaded.
[2020.06.23-22.33.20:163][  0]LogShaderCompilers: Guid format shader working directory is -31 characters bigger than the processId version (../../../../../../Documents/Strathclyde/Master's Thesis/USAR_Swarm/Prototype/Intermediate/Shaders/WorkingDirectory/16512/).
[2020.06.23-22.33.20:163][  0]LogShaderCompilers: Cleaned the shader compiler working directory 'C:/Users/swnex/AppData/Local/Temp/UnrealShaderWorkingDir/B3F939F34881D189753582A786D06B88/'.
[2020.06.23-22.33.20:164][  0]LogXGEController: Cleaning working directory: C:/Users/swnex/AppData/Local/Temp/UnrealXGEWorkingDir/
[2020.06.23-22.33.20:164][  0]LogXGEController: Cannot use XGE Controller as Incredibuild is not installed on this machine.
[2020.06.23-22.33.20:164][  0]LogShaderCompilers: Cannot use XGE Shader Compiler as Incredibuild is not installed on this machine.
[2020.06.23-22.33.20:164][  0]LogShaderCompilers: Display: Using Local Shader Compiler.
[2020.06.23-22.33.20:901][  0]LogDerivedDataCache: Display: Max Cache Size: 512 MB
[2020.06.23-22.33.20:967][  0]LogDerivedDataCache: Loaded boot cache 0.07s 76MB C:/Users/swnex/AppData/Local/UnrealEngine/4.25/DerivedDataCache/Boot.ddc.
[2020.06.23-22.33.20:967][  0]LogDerivedDataCache: Display: Loaded Boot cache: C:/Users/swnex/AppData/Local/UnrealEngine/4.25/DerivedDataCache/Boot.ddc
[2020.06.23-22.33.20:967][  0]LogDerivedDataCache: FDerivedDataBackendGraph:  Pak pak cache file ../../../../../../Documents/Strathclyde/Master's Thesis/USAR_Swarm/Prototype/DerivedDataCache/DDC.ddp not found, will not use a pak cache.
[2020.06.23-22.33.20:967][  0]LogDerivedDataCache: Unable to find inner node Pak for hierarchical cache Hierarchy.
[2020.06.23-22.33.20:967][  0]LogDerivedDataCache: FDerivedDataBackendGraph:  CompressedPak pak cache file ../../../../../../Documents/Strathclyde/Master's Thesis/USAR_Swarm/Prototype/DerivedDataCache/Compressed.ddp not found, will not use a pak cache.
[2020.06.23-22.33.20:968][  0]LogDerivedDataCache: Unable to find inner node CompressedPak for hierarchical cache Hierarchy.
[2020.06.23-22.33.20:977][  0]LogDerivedDataCache: Display: Pak cache opened for reading ../../../Engine/DerivedDataCache/Compressed.ddp.
[2020.06.23-22.33.20:977][  0]LogDerivedDataCache: FDerivedDataBackendGraph:  EnterprisePak pak cache file ../../../Enterprise/DerivedDataCache/Compressed.ddp not found, will not use a pak cache.
[2020.06.23-22.33.20:977][  0]LogDerivedDataCache: Unable to find inner node EnterprisePak for hierarchical cache Hierarchy.
[2020.06.23-22.33.20:979][  0]LogDerivedDataCache: Using Local data cache path C:/Users/swnex/AppData/Local/UnrealEngine/Common/DerivedDataCache: Writable
[2020.06.23-22.33.20:979][  0]LogDerivedDataCache: Shared data cache path not found in *engine.ini, will not use an Shared cache.
[2020.06.23-22.33.20:979][  0]LogDerivedDataCache: Unable to find inner node Shared for hierarchical cache Hierarchy.
[2020.06.23-22.33.21:026][  0]LogSlate: Using FreeType 2.10.0
[2020.06.23-22.33.21:026][  0]LogSlate: SlateFontServices - WITH_FREETYPE: 1, WITH_HARFBUZZ: 1
[2020.06.23-22.33.21:056][  0]LogAssetRegistry: FAssetRegistry took 0.0025 seconds to start up
[2020.06.23-22.33.21:270][  0]LogInit: Selected Device Profile: [Windows]
[2020.06.23-22.33.21:379][  0]LogMeshReduction: Using QuadricMeshReduction for automatic static mesh reduction
[2020.06.23-22.33.21:379][  0]LogMeshReduction: Using SimplygonMeshReduction for automatic skeletal mesh reduction
[2020.06.23-22.33.21:379][  0]LogMeshReduction: Using ProxyLODMeshReduction for automatic mesh merging
[2020.06.23-22.33.21:379][  0]LogMeshReduction: No distributed automatic mesh merging module available
[2020.06.23-22.33.21:379][  0]LogMeshMerging: No distributed automatic mesh merging module available
[2020.06.23-22.33.21:396][  0]LogNetVersion: Prototype 1.0.0, NetCL: 13144385, EngineNetVer: 14, GameNetVer: 0 (Checksum: 604875939)
[2020.06.23-22.33.21:831][  0]LogAISub: UAISubsystem::UAISubsystem AISubsystem (0000017B9B151BC0), frame # 0
[2020.06.23-22.33.21:831][  0]LogAISub: UAISubsystem::UAISubsystem AIPerceptionSystem (0000017B9B09D080), frame # 0
[2020.06.23-22.33.21:832][  0]LogAISub: UAISubsystem::UAISubsystem EnvQueryManager (0000017B9B104A00), frame # 0
[2020.06.23-22.33.21:889][  0]LogPackageLocalizationCache: Processed 20 localized package path(s) for 1 prioritized culture(s) in 0.051414 seconds
[2020.06.23-22.33.21:894][  0]LogUObjectArray: 15917 objects as part of root set at end of initial load.
[2020.06.23-22.33.21:894][  0]LogUObjectAllocator: 3965568 out of 0 bytes used by permanent object pool.
[2020.06.23-22.33.21:894][  0]LogUObjectArray: CloseDisregardForGC: 0/0 objects in disregard for GC pool
[2020.06.23-22.33.22:197][  0]LogTcpMessaging: Initializing TcpMessaging bridge
[2020.06.23-22.33.22:201][  0]LogUdpMessaging: Initializing bridge on interface 0.0.0.0:0 to multicast group 230.0.0.1:6666.
[2020.06.23-22.33.22:286][  0]SourceControl: Source control is disabled
[2020.06.23-22.33.22:287][  0]SourceControl: Source control is disabled
[2020.06.23-22.33.22:289][  0]SourceControl: Source control is disabled
[2020.06.23-22.33.22:292][  0]SourceControl: Source control is disabled
[2020.06.23-22.33.22:299][  0]SourceControl: Source control is disabled
[2020.06.23-22.33.22:518][  0]LogAndroidPermission: UAndroidPermissionCallbackProxy::GetInstance
[2020.06.23-22.33.22:538][  0]LogAudioCaptureCore: Display: No Audio Capture implementations found. Audio input will be silent.
[2020.06.23-22.33.22:538][  0]LogAudioCaptureCore: Display: No Audio Capture implementations found. Audio input will be silent.
[2020.06.23-22.33.22:583][  0]LogOcInput: OculusInput pre-init called
[2020.06.23-22.33.22:592][  0]LogWindows: Failed to load 'OVRPlugin.dll' (GetLastError=126)
[2020.06.23-22.33.22:592][  0]LogWindows: File 'OVRPlugin.dll' does not exist
[2020.06.23-22.33.22:647][  0]LogClass: Warning: FDoNNavigationQueryData::Origin is not initialized properly
[2020.06.23-22.33.22:647][  0]LogClass: Warning: FDoNNavigationQueryData::Destination is not initialized properly
[2020.06.23-22.33.22:647][  0]LogClass: Display: 2 Uninitialized script stuct members found
[2020.06.23-22.33.22:647][  0]LogAutomationTest: Warning: FDoNNavigationQueryData::Origin is not initialized properly
[2020.06.23-22.33.22:647][  0]LogAutomationTest: Warning: FDoNNavigationQueryData::Destination is not initialized properly
[2020.06.23-22.33.22:648][  0]LogEngine: Initializing Engine...
[2020.06.23-22.33.22:649][  0]LogHMD: Failed to initialize OpenVR with code 110
[2020.06.23-22.33.22:649][  0]LogMagicLeap: Warning: VR disabled because ZI is not enabled.  To enable, in the editor, Edit -> Project Settings -> Plugins -> Magic Leap Plugin -> Enable Zero Iteration
[2020.06.23-22.33.22:649][  0]LogStats: UGameplayTagsManager::InitializeManager -  0.000 s
[2020.06.23-22.33.22:766][  0]LogInit: Initializing FReadOnlyCVARCache
[2020.06.23-22.33.22:773][  0]LogAIModule: Creating AISystem for world Untitled
[2020.06.23-22.33.22:773][  0]LogAISub: UAISubsystem::UAISubsystem EnvQueryManager (0000017BA1837C00), frame # 0
[2020.06.23-22.33.22:773][  0]LogAISub: UAISubsystem::UAISubsystem AIPerceptionSystem (0000017BA1843B00), frame # 0
[2020.06.23-22.33.22:794][  0]LogAudioMixer: Display: Audio Mixer Platform Settings:
[2020.06.23-22.33.22:794][  0]LogAudioMixer: Display: 	Sample Rate:						  48000
[2020.06.23-22.33.22:794][  0]LogAudioMixer: Display: 	Callback Buffer Frame Size Requested: 1024
[2020.06.23-22.33.22:794][  0]LogAudioMixer: Display: 	Callback Buffer Frame Size To Use:	  1024
[2020.06.23-22.33.22:794][  0]LogAudioMixer: Display: 	Number of buffers to queue:			  2
[2020.06.23-22.33.22:794][  0]LogAudioMixer: Display: 	Max Channels (voices):				  32
[2020.06.23-22.33.22:794][  0]LogAudioMixer: Display: 	Number of Async Source Workers:		  0
[2020.06.23-22.33.22:794][  0]LogAudio: Display: AudioDevice MaxSources: 32
[2020.06.23-22.33.22:795][  0]LogAudio: Display: Using built-in audio occlusion.
[2020.06.23-22.33.22:795][  0]LogAudioMixer: Display: Initializing audio mixer.
[2020.06.23-22.33.22:814][  0]LogAudioMixer: Display: 0: FrontLeft
[2020.06.23-22.33.22:814][  0]LogAudioMixer: Display: 1: FrontRight
[2020.06.23-22.33.22:857][  0]LogAudioMixer: Display: Using Audio Device Speakers (VB-Audio VoiceMeeter VAIO)
[2020.06.23-22.33.22:860][  0]LogAudioMixer: Display: Initializing Sound Submixes...
[2020.06.23-22.33.22:863][  0]LogAudioMixer: Display: Creating Master Submix 'MasterSubmixDefault'
[2020.06.23-22.33.22:863][  0]LogAudioMixer: Display: Creating Master Submix 'MasterReverbSubmixDefault'
[2020.06.23-22.33.22:864][  0]LogAudioMixer: Display: Creating Master Submix 'MasterEQSubmixDefault'
[2020.06.23-22.33.22:864][  0]LogInit: FAudioDevice initialized.
[2020.06.23-22.33.22:865][  0]LogNetVersion: Set ProjectVersion to 1.0.0.0. Version Checksum will be recalculated on next use.
[2020.06.23-22.33.22:938][  0]LogDerivedDataCache: Saved boot cache 0.07s 76MB C:/Users/swnex/AppData/Local/UnrealEngine/4.25/DerivedDataCache/Boot.ddc.
[2020.06.23-22.33.22:940][  0]LogInit: Texture streaming: Enabled
[2020.06.23-22.33.22:958][  0]LogEngineSessionManager: EngineSessionManager initialized
[2020.06.23-22.33.22:958][  0]LogEngineSessionManager: EngineSessionManager sent abnormal shutdown report. Type=Crashed, SessionId={74425E18-4929-F202-CA54-C38028E085D8}
[2020.06.23-22.33.22:958][  0]LogEditorSessionSummary: Verbose: Initializing EditorSessionSummaryWriter for editor session tracking
[2020.06.23-22.33.22:963][  0]LogEditorSessionSummary: EditorSessionSummaryWriter initialized
[2020.06.23-22.33.23:004][  0]LogInit: Transaction tracking system initialized
[2020.06.23-22.33.23:024][  0]BlueprintLog: New page: Editor Load
[2020.06.23-22.33.23:085][  0]LocalizationService: Localization service is disabled
[2020.06.23-22.33.23:218][  0]LogCook: Display: Max memory allowance for cook 16384mb min free memory 0mb
[2020.06.23-22.33.23:218][  0]LogCook: Display: Mobile HDR setting 1
[2020.06.23-22.33.23:334][  0]LogFileCache: Scanning file cache for directory 'B:/Documents/Strathclyde/Master's Thesis/USAR_Swarm/Prototype/Content/' took 0.00s
[2020.06.23-22.33.23:564][  0]SourceControl: Source control is disabled
[2020.06.23-22.33.23:564][  0]LogUnrealEdMisc: Loading editor; pre map load, took 8.336
[2020.06.23-22.33.23:564][  0]Cmd: MAP LOAD FILE="../../../../../../Documents/Strathclyde/Master's Thesis/USAR_Swarm/Prototype/Content/TopDownCPP/Maps/TopDownExampleMap.umap" TEMPLATE=0 SHOWPROGRESS=1 FEATURELEVEL=3
[2020.06.23-22.33.23:564][  0]LightingResults: New page: Lighting Build
[2020.06.23-22.33.23:565][  0]LogWorld: UWorld::CleanupWorld for Untitled, bSessionEnded=true, bCleanupResources=true
[2020.06.23-22.33.23:565][  0]LogSlate: InvalidateAllWidgets triggered.  All widgets were invalidated
[2020.06.23-22.33.23:565][  0]MapCheck: New page: Map Check
[2020.06.23-22.33.23:565][  0]LightingResults: New page: Lighting Build
[2020.06.23-22.33.23:573][  0]LogAISub: UAISubsystem::~UAISubsystem EnvQueryManager (0000017BA1837C00), frame # 0
[2020.06.23-22.33.23:573][  0]LogAISub: UAISubsystem::~UAISubsystem AIPerceptionSystem (0000017BA1843B00), frame # 0
[2020.06.23-22.33.23:574][  0]LogUObjectHash: Compacting FUObjectHashTables data took   0.67ms
[2020.06.23-22.33.23:653][  0]LogAIModule: Creating AISystem for world TopDownExampleMap
[2020.06.23-22.33.23:653][  0]LogAISub: UAISubsystem::UAISubsystem EnvQueryManager (0000017B90179C00), frame # 0
[2020.06.23-22.33.23:653][  0]LogAISub: UAISubsystem::UAISubsystem AIPerceptionSystem (0000017B8F599080), frame # 0
[2020.06.23-22.33.23:668][  0]LogEditorServer: Finished looking for orphan Actors (0.000 secs)
[2020.06.23-22.33.23:686][  0]LogUObjectHash: Compacting FUObjectHashTables data took   0.86ms
[2020.06.23-22.33.23:687][  0]Cmd: MAP CHECKDEP NOCLEARLOG
[2020.06.23-22.33.23:687][  0]MapCheck: Map check complete: 0 Error(s), 0 Warning(s), took 0.092ms to complete.
[2020.06.23-22.33.23:687][  0]LogFileHelpers: Loading map 'TopDownExampleMap' took 0.123
[2020.06.23-22.33.23:690][  0]LogUnrealEdMisc: Total Editor Startup Time, took 8.462
[2020.06.23-22.33.23:808][  0]LogSlate: Updating window title bar state: overlay mode, drag disabled, window buttons hidden, title bar hidden
[2020.06.23-22.33.23:818][  0]LogSlate: Updating window title bar state: overlay mode, drag disabled, window buttons hidden, title bar hidden
[2020.06.23-22.33.23:827][  0]LogSlate: Updating window title bar state: overlay mode, drag disabled, window buttons hidden, title bar hidden
[2020.06.23-22.33.23:834][  0]LogSlate: Updating window title bar state: overlay mode, drag disabled, window buttons hidden, title bar hidden
[2020.06.23-22.33.23:842][  0]LogCollectionManager: Loaded 0 collections in 0.001126 seconds
[2020.06.23-22.33.23:855][  0]LogFileCache: Scanning file cache for directory 'B:/Documents/Strathclyde/Master's Thesis/USAR_Swarm/Prototype/Saved/Collections/' took 0.00s
[2020.06.23-22.33.23:855][  0]LogFileCache: Scanning file cache for directory 'B:/Documents/Strathclyde/Master's Thesis/USAR_Swarm/Prototype/Content/Developers/swnex/Collections/' took 0.00s
[2020.06.23-22.33.23:855][  0]LogFileCache: Scanning file cache for directory 'B:/Documents/Strathclyde/Master's Thesis/USAR_Swarm/Prototype/Content/Collections/' took 0.00s
[2020.06.23-22.33.23:855][  0]LogContentBrowser: Native class hierarchy populated in 0.0089 seconds. Added 3442 classes and 830 folders.
[2020.06.23-22.33.23:858][  0]LogContentBrowser: Native class hierarchy updated for 'WidgetCarousel' in 0.0004 seconds. Added 0 classes and 0 folders.
[2020.06.23-22.33.23:934][  0]LogContentBrowser: Native class hierarchy updated for 'AddContentDialog' in 0.0004 seconds. Added 0 classes and 0 folders.
[2020.06.23-22.33.23:936][  0]LogContentBrowser: Native class hierarchy updated for 'SceneOutliner' in 0.0004 seconds. Added 2 classes and 0 folders.
[2020.06.23-22.33.23:975][  0]LogSlate: Took 0.000230 seconds to synchronously load lazily loaded font '../../../Engine/Content/Slate/Fonts/Roboto-Regular.ttf' (155K)
[2020.06.23-22.33.23:977][  0]LogSlate: Took 0.000199 seconds to synchronously load lazily loaded font '../../../Engine/Content/Slate/Fonts/Roboto-Bold.ttf' (160K)
[2020.06.23-22.33.24:054][  0]LogRenderer: Reallocating scene render targets to support 1208x572 Format 10 NumSamples 1 (Frame:1).
[2020.06.23-22.33.24:147][  0]LogContentBrowser: Native class hierarchy updated for 'HierarchicalLODOutliner' in 0.0004 seconds. Added 0 classes and 0 folders.
[2020.06.23-22.33.24:147][  0]LogLoad: (Engine Initialization) Total time: 8.92 seconds
[2020.06.23-22.33.24:147][  0]LogLoad: (Engine Initialization) Total Blueprint compile time: 0.00 seconds
[2020.06.23-22.33.24:187][  0]LogAssetRegistry: Asset discovery search completed in 3.1316 seconds
[2020.06.23-22.33.24:191][  0]LogCollectionManager: Fixed up redirectors for 0 collections in 0.000002 seconds (updated 0 objects)
[2020.06.23-22.33.24:192][  0]LogContentStreaming: Texture pool size now 1000 MB
[2020.06.23-22.34.17:475][435]LogTemp: Repeating last play command: Selected Viewport
[2020.06.23-22.34.17:489][435]LogPlayLevel: PlayLevel: No blueprints needed recompiling
[2020.06.23-22.34.17:489][435]PIE: New page: PIE session: TopDownExampleMap (Jun 24, 2020, 12:34:17 AM)
[2020.06.23-22.34.17:490][435]LogOnline: OSS: Creating online subsystem instance for: NULL
[2020.06.23-22.34.17:491][435]LogOnline: OSS: TryLoadSubsystemAndSetDefault: Loaded subsystem for module [NULL]
[2020.06.23-22.34.17:491][435]LogPlayLevel: Creating play world package: /Game/TopDownCPP/Maps/UEDPIE_0_TopDownExampleMap
[2020.06.23-22.34.17:507][435]LogPlayLevel: PIE: StaticDuplicateObject took: (0.016002s)
[2020.06.23-22.34.17:509][435]LogAIModule: Creating AISystem for world TopDownExampleMap
[2020.06.23-22.34.17:509][435]LogAISub: UAISubsystem::UAISubsystem EnvQueryManager (0000017BB49CBE00), frame # 435
[2020.06.23-22.34.17:509][435]LogAISub: UAISubsystem::UAISubsystem AIPerceptionSystem (0000017BB4A41080), frame # 435
[2020.06.23-22.34.17:509][435]LogPlayLevel: PIE: World Init took: (0.001316s)
[2020.06.23-22.34.17:509][435]LogPlayLevel: PIE: Created PIE world by copying editor world from /Game/TopDownCPP/Maps/TopDownExampleMap.TopDownExampleMap to /Game/TopDownCPP/Maps/UEDPIE_0_TopDownExampleMap.TopDownExampleMap (0.017468s)
[2020.06.23-22.34.17:519][435]LogUObjectHash: Compacting FUObjectHashTables data took   0.83ms
[2020.06.23-22.34.17:521][435]LogAudioMixer: Display: Audio Mixer Platform Settings:
[2020.06.23-22.34.17:521][435]LogAudioMixer: Display: 	Sample Rate:						  48000
[2020.06.23-22.34.17:521][435]LogAudioMixer: Display: 	Callback Buffer Frame Size Requested: 1024
[2020.06.23-22.34.17:521][435]LogAudioMixer: Display: 	Callback Buffer Frame Size To Use:	  1024
[2020.06.23-22.34.17:521][435]LogAudioMixer: Display: 	Number of buffers to queue:			  2
[2020.06.23-22.34.17:521][435]LogAudioMixer: Display: 	Max Channels (voices):				  32
[2020.06.23-22.34.17:521][435]LogAudioMixer: Display: 	Number of Async Source Workers:		  0
[2020.06.23-22.34.17:521][435]LogAudio: Display: AudioDevice MaxSources: 32
[2020.06.23-22.34.17:521][435]LogAudio: Display: Using built-in audio occlusion.
[2020.06.23-22.34.17:521][435]LogAudioMixer: Display: Initializing audio mixer.
[2020.06.23-22.34.17:532][435]LogAudioMixer: Display: 0: FrontLeft
[2020.06.23-22.34.17:532][435]LogAudioMixer: Display: 1: FrontRight
[2020.06.23-22.34.17:553][435]LogAudioMixer: Display: Using Audio Device Speakers (VB-Audio VoiceMeeter VAIO)
[2020.06.23-22.34.17:553][435]LogAudioMixer: Display: Initializing Sound Submixes...
[2020.06.23-22.34.17:553][435]LogAudioMixer: Display: Creating Master Submix 'MasterSubmixDefault'
[2020.06.23-22.34.17:553][435]LogAudioMixer: Display: Creating Master Submix 'MasterReverbSubmixDefault'
[2020.06.23-22.34.17:553][435]LogAudioMixer: Display: Creating Master Submix 'MasterEQSubmixDefault'
[2020.06.23-22.34.17:563][435]LogInit: FAudioDevice initialized.
[2020.06.23-22.34.17:571][435]LogLoad: Game class is 'PrototypeGameMode'
[2020.06.23-22.34.17:573][435]LogWorld: Bringing World /Game/TopDownCPP/Maps/UEDPIE_0_TopDownExampleMap.TopDownExampleMap up for play (max tick rate 0) at 2020.06.23-23.34.17
[2020.06.23-22.34.17:573][435]LogWorld: Bringing up level for play took: 0.001560
[2020.06.23-22.34.17:574][435]LogOnline: OSS: Creating online subsystem instance for: :Context_1
[2020.06.23-22.34.17:577][435]LogContentBrowser: Native class hierarchy updated for 'MovieSceneCapture' in 0.0005 seconds. Added 20 classes and 0 folders.
[2020.06.23-22.34.17:578][435]PIE: Server logged in
[2020.06.23-22.34.17:579][435]PIE: Play in editor total start time 0.094 seconds.
[2020.06.23-22.34.17:591][435]LogSlate: Took 0.000197 seconds to synchronously load lazily loaded font '../../../Engine/Content/Slate/Fonts/DroidSansMono.ttf' (77K)
[2020.06.23-22.34.31:057][ 22]LogEditorViewport: Clicking on Actor (LMB): BoidsAgentBP_C (BoidsAgentBP3)
[2020.06.23-22.34.31:084][ 22]LogSlate: Took 0.000320 seconds to synchronously load lazily loaded font '../../../Engine/Content/Editor/Slate/Fonts/FontAwesome.ttf' (139K)
[2020.06.23-22.34.44:707][564]LogSlate: Updating window title bar state: overlay mode, drag disabled, window buttons hidden, title bar hidden
[2020.06.23-22.34.44:707][564]LogWorld: BeginTearingDown for /Game/TopDownCPP/Maps/UEDPIE_0_TopDownExampleMap
[2020.06.23-22.34.44:707][564]LogWorld: UWorld::CleanupWorld for TopDownExampleMap, bSessionEnded=true, bCleanupResources=true
[2020.06.23-22.34.44:707][564]LogSlate: InvalidateAllWidgets triggered.  All widgets were invalidated
[2020.06.23-22.34.44:714][564]LogPlayLevel: Display: Shutting down PIE online subsystems
[2020.06.23-22.34.44:715][564]LogSlate: InvalidateAllWidgets triggered.  All widgets were invalidated
[2020.06.23-22.34.44:738][564]LogSlate: Updating window title bar state: overlay mode, drag disabled, window buttons hidden, title bar hidden
[2020.06.23-22.34.44:739][564]LogAISub: UAISubsystem::~UAISubsystem EnvQueryManager (0000017BB49CBE00), frame # 3564
[2020.06.23-22.34.44:739][564]LogAISub: UAISubsystem::~UAISubsystem AIPerceptionSystem (0000017BB4A41080), frame # 3564
[2020.06.23-22.34.44:740][564]LogUObjectHash: Compacting FUObjectHashTables data took   0.59ms
[2020.06.23-22.34.44:777][567]LogPlayLevel: Display: Destroying online subsystem :Context_1
[2020.06.23-22.37.24:964][279]LogTemp: Repeating last play command: Selected Viewport
[2020.06.23-22.37.24:976][279]LogPlayLevel: PlayLevel: No blueprints needed recompiling
[2020.06.23-22.37.24:977][279]PIE: New page: PIE session: TopDownExampleMap (Jun 24, 2020, 12:37:24 AM)
[2020.06.23-22.37.24:977][279]LogPlayLevel: Creating play world package: /Game/TopDownCPP/Maps/UEDPIE_0_TopDownExampleMap
[2020.06.23-22.37.24:990][279]LogPlayLevel: PIE: StaticDuplicateObject took: (0.013663s)
[2020.06.23-22.37.24:991][279]LogAIModule: Creating AISystem for world TopDownExampleMap
[2020.06.23-22.37.24:991][279]LogAISub: UAISubsystem::UAISubsystem EnvQueryManager (0000017BB4949800), frame # 4279
[2020.06.23-22.37.24:991][279]LogAISub: UAISubsystem::UAISubsystem AIPerceptionSystem (0000017B9B3CB100), frame # 4279
[2020.06.23-22.37.24:992][279]LogPlayLevel: PIE: World Init took: (0.001364s)
[2020.06.23-22.37.24:992][279]LogPlayLevel: PIE: Created PIE world by copying editor world from /Game/TopDownCPP/Maps/TopDownExampleMap.TopDownExampleMap to /Game/TopDownCPP/Maps/UEDPIE_0_TopDownExampleMap.TopDownExampleMap (0.015238s)
[2020.06.23-22.37.24:999][279]LogUObjectHash: Compacting FUObjectHashTables data took   0.69ms
[2020.06.23-22.37.25:000][279]LogAudioMixer: Display: Audio Mixer Platform Settings:
[2020.06.23-22.37.25:000][279]LogAudioMixer: Display: 	Sample Rate:						  48000
[2020.06.23-22.37.25:000][279]LogAudioMixer: Display: 	Callback Buffer Frame Size Requested: 1024
[2020.06.23-22.37.25:000][279]LogAudioMixer: Display: 	Callback Buffer Frame Size To Use:	  1024
[2020.06.23-22.37.25:001][279]LogAudioMixer: Display: 	Number of buffers to queue:			  2
[2020.06.23-22.37.25:001][279]LogAudioMixer: Display: 	Max Channels (voices):				  32
[2020.06.23-22.37.25:001][279]LogAudioMixer: Display: 	Number of Async Source Workers:		  0
[2020.06.23-22.37.25:001][279]LogAudio: Display: AudioDevice MaxSources: 32
[2020.06.23-22.37.25:001][279]LogAudio: Display: Using built-in audio occlusion.
[2020.06.23-22.37.25:001][279]LogAudioMixer: Display: Initializing audio mixer.
[2020.06.23-22.37.25:010][279]LogAudioMixer: Display: 0: FrontLeft
[2020.06.23-22.37.25:010][279]LogAudioMixer: Display: 1: FrontRight
[2020.06.23-22.37.25:033][279]LogAudioMixer: Display: Using Audio Device Speakers (VB-Audio VoiceMeeter VAIO)
[2020.06.23-22.37.25:033][279]LogAudioMixer: Display: Initializing Sound Submixes...
[2020.06.23-22.37.25:033][279]LogAudioMixer: Display: Creating Master Submix 'MasterSubmixDefault'
[2020.06.23-22.37.25:033][279]LogAudioMixer: Display: Creating Master Submix 'MasterReverbSubmixDefault'
[2020.06.23-22.37.25:034][279]LogAudioMixer: Display: Creating Master Submix 'MasterEQSubmixDefault'
[2020.06.23-22.37.25:043][279]LogInit: FAudioDevice initialized.
[2020.06.23-22.37.25:053][279]LogLoad: Game class is 'PrototypeGameMode'
[2020.06.23-22.37.25:055][279]LogWorld: Bringing World /Game/TopDownCPP/Maps/UEDPIE_0_TopDownExampleMap.TopDownExampleMap up for play (max tick rate 0) at 2020.06.23-23.37.25
[2020.06.23-22.37.25:056][279]LogWorld: Bringing up level for play took: 0.002009
[2020.06.23-22.37.25:056][279]LogOnline: OSS: Creating online subsystem instance for: :Context_2
[2020.06.23-22.37.25:059][279]PIE: Server logged in
[2020.06.23-22.37.25:060][279]PIE: Play in editor total start time 0.086 seconds.
[2020.06.23-22.37.37:889][809]LogSlate: Updating window title bar state: overlay mode, drag disabled, window buttons hidden, title bar hidden
[2020.06.23-22.37.37:890][809]LogWorld: BeginTearingDown for /Game/TopDownCPP/Maps/UEDPIE_0_TopDownExampleMap
[2020.06.23-22.37.37:890][809]LogWorld: UWorld::CleanupWorld for TopDownExampleMap, bSessionEnded=true, bCleanupResources=true
[2020.06.23-22.37.37:890][809]LogSlate: InvalidateAllWidgets triggered.  All widgets were invalidated
[2020.06.23-22.37.37:914][809]LogPlayLevel: Display: Shutting down PIE online subsystems
[2020.06.23-22.37.37:915][809]LogSlate: InvalidateAllWidgets triggered.  All widgets were invalidated
[2020.06.23-22.37.37:922][809]LogSlate: Updating window title bar state: overlay mode, drag disabled, window buttons hidden, title bar hidden
[2020.06.23-22.37.37:939][809]LogAISub: UAISubsystem::~UAISubsystem AIPerceptionSystem (0000017B9B3CB100), frame # 5809
[2020.06.23-22.37.37:939][809]LogAISub: UAISubsystem::~UAISubsystem EnvQueryManager (0000017BB4949800), frame # 5809
[2020.06.23-22.37.37:940][809]LogUObjectHash: Compacting FUObjectHashTables data took   0.57ms
[2020.06.23-22.37.37:958][810]LogPlayLevel: Display: Destroying online subsystem :Context_2
[2020.06.23-22.37.58:931][154]LogTemp: Repeating last play command: Selected Viewport
[2020.06.23-22.37.58:942][154]LogPlayLevel: PlayLevel: No blueprints needed recompiling
[2020.06.23-22.37.58:943][154]PIE: New page: PIE session: TopDownExampleMap (Jun 24, 2020, 12:37:58 AM)
[2020.06.23-22.37.58:943][154]LogPlayLevel: Creating play world package: /Game/TopDownCPP/Maps/UEDPIE_0_TopDownExampleMap
[2020.06.23-22.37.58:956][154]LogPlayLevel: PIE: StaticDuplicateObject took: (0.013483s)
[2020.06.23-22.37.58:957][154]LogAIModule: Creating AISystem for world TopDownExampleMap
[2020.06.23-22.37.58:957][154]LogAISub: UAISubsystem::UAISubsystem EnvQueryManager (0000017BB403CC00), frame # 6154
[2020.06.23-22.37.58:957][154]LogAISub: UAISubsystem::UAISubsystem AIPerceptionSystem (0000017B8BC1E5C0), frame # 6154
[2020.06.23-22.37.58:957][154]LogPlayLevel: PIE: World Init took: (0.001144s)
[2020.06.23-22.37.58:957][154]LogPlayLevel: PIE: Created PIE world by copying editor world from /Game/TopDownCPP/Maps/TopDownExampleMap.TopDownExampleMap to /Game/TopDownCPP/Maps/UEDPIE_0_TopDownExampleMap.TopDownExampleMap (0.014759s)
[2020.06.23-22.37.58:965][154]LogUObjectHash: Compacting FUObjectHashTables data took   0.82ms
[2020.06.23-22.37.58:966][154]LogAudioMixer: Display: Audio Mixer Platform Settings:
[2020.06.23-22.37.58:966][154]LogAudioMixer: Display: 	Sample Rate:						  48000
[2020.06.23-22.37.58:966][154]LogAudioMixer: Display: 	Callback Buffer Frame Size Requested: 1024
[2020.06.23-22.37.58:966][154]LogAudioMixer: Display: 	Callback Buffer Frame Size To Use:	  1024
[2020.06.23-22.37.58:966][154]LogAudioMixer: Display: 	Number of buffers to queue:			  2
[2020.06.23-22.37.58:966][154]LogAudioMixer: Display: 	Max Channels (voices):				  32
[2020.06.23-22.37.58:966][154]LogAudioMixer: Display: 	Number of Async Source Workers:		  0
[2020.06.23-22.37.58:966][154]LogAudio: Display: AudioDevice MaxSources: 32
[2020.06.23-22.37.58:967][154]LogAudio: Display: Using built-in audio occlusion.
[2020.06.23-22.37.58:967][154]LogAudioMixer: Display: Initializing audio mixer.
[2020.06.23-22.37.58:976][154]LogAudioMixer: Display: 0: FrontLeft
[2020.06.23-22.37.58:976][154]LogAudioMixer: Display: 1: FrontRight
[2020.06.23-22.37.58:997][154]LogAudioMixer: Display: Using Audio Device Speakers (VB-Audio VoiceMeeter VAIO)
[2020.06.23-22.37.58:997][154]LogAudioMixer: Display: Initializing Sound Submixes...
[2020.06.23-22.37.58:997][154]LogAudioMixer: Display: Creating Master Submix 'MasterSubmixDefault'
[2020.06.23-22.37.58:997][154]LogAudioMixer: Display: Creating Master Submix 'MasterReverbSubmixDefault'
[2020.06.23-22.37.58:998][154]LogAudioMixer: Display: Creating Master Submix 'MasterEQSubmixDefault'
[2020.06.23-22.37.59:007][154]LogInit: FAudioDevice initialized.
[2020.06.23-22.37.59:013][154]LogLoad: Game class is 'PrototypeGameMode'
[2020.06.23-22.37.59:014][154]LogWorld: Bringing World /Game/TopDownCPP/Maps/UEDPIE_0_TopDownExampleMap.TopDownExampleMap up for play (max tick rate 0) at 2020.06.23-23.37.59
[2020.06.23-22.37.59:015][154]LogWorld: Bringing up level for play took: 0.001496
[2020.06.23-22.37.59:015][154]LogOnline: OSS: Creating online subsystem instance for: :Context_3
[2020.06.23-22.37.59:017][154]PIE: Server logged in
[2020.06.23-22.37.59:018][154]PIE: Play in editor total start time 0.078 seconds.
[2020.06.23-22.38.04:942][856]LogSlate: Updating window title bar state: overlay mode, drag disabled, window buttons hidden, title bar hidden
[2020.06.23-22.38.04:942][856]LogWorld: BeginTearingDown for /Game/TopDownCPP/Maps/UEDPIE_0_TopDownExampleMap
[2020.06.23-22.38.04:943][856]LogWorld: UWorld::CleanupWorld for TopDownExampleMap, bSessionEnded=true, bCleanupResources=true
[2020.06.23-22.38.04:943][856]LogSlate: InvalidateAllWidgets triggered.  All widgets were invalidated
[2020.06.23-22.38.04:950][856]LogPlayLevel: Display: Shutting down PIE online subsystems
[2020.06.23-22.38.04:952][856]LogSlate: InvalidateAllWidgets triggered.  All widgets were invalidated
[2020.06.23-22.38.04:974][856]LogSlate: Updating window title bar state: overlay mode, drag disabled, window buttons hidden, title bar hidden
[2020.06.23-22.38.04:975][856]LogAISub: UAISubsystem::~UAISubsystem AIPerceptionSystem (0000017B8BC1E5C0), frame # 6856
[2020.06.23-22.38.04:975][856]LogAISub: UAISubsystem::~UAISubsystem EnvQueryManager (0000017BB403CC00), frame # 6856
[2020.06.23-22.38.04:975][856]LogUObjectHash: Compacting FUObjectHashTables data took   0.55ms
[2020.06.23-22.38.05:009][859]LogPlayLevel: Display: Destroying online subsystem :Context_3
[2020.06.23-22.38.10:135][464]LogSlate: Took 0.006885 seconds to synchronously load lazily loaded font '../../../Engine/Content/Slate/Fonts/Roboto-Light.ttf' (167K)
[2020.06.23-22.38.13:421][839]LogEditor: Attempting to add actor of class 'BoidsAgent' to level at -250.00,-540.00,1020.00
[2020.06.23-22.38.14:987][ 19]LogEditor: Attempting to add actor of class 'BoidsAgent' to level at -250.00,-480.00,1060.00
[2020.06.23-22.38.28:784][575]LogEditor: Attempting to add actor of class 'BoidsAgent' to level at -250.00,-330.00,870.00
[2020.06.23-22.38.29:402][647]LogEditor: Attempting to add actor of class 'BoidsAgent' to level at -260.00,-320.00,890.00
[2020.06.23-22.38.58:267][969]LogSlate: Took 0.000194 seconds to synchronously load lazily loaded font '../../../Engine/Content/Slate/Fonts/Roboto-Light.ttf' (167K)
[2020.06.23-22.38.58:345][969]LogUObjectHash: Compacting FUObjectHashTables data took   0.61ms
[2020.06.23-22.38.58:584][969]LogSavePackage: Moving '../../../../../../Documents/Strathclyde/Master's Thesis/USAR_Swarm/Prototype/Saved/TopDownExampleMapE70BA1114AA5BC387A2B5A9268B42CFC.tmp' to '../../../../../../Documents/Strathclyde/Master's Thesis/USAR_Swarm/Prototype/Content/TopDownCPP/Maps/TopDownExampleMap.umap'
[2020.06.23-22.38.58:917][969]LogSavePackage: Moving '../../../../../../Documents/Strathclyde/Master's Thesis/USAR_Swarm/Prototype/Saved/TopDownExampleMap_BuiltData39FEB54C4D4ADB00D8128F8A5A8D2097.tmp' to '../../../../../../Documents/Strathclyde/Master's Thesis/USAR_Swarm/Prototype/Content/TopDownCPP/Maps/TopDownExampleMap_BuiltData.uasset'
[2020.06.23-22.38.58:942][969]AssetCheck: New page: Asset Save: multiple assets
[2020.06.23-22.38.58:942][969]LogContentValidation: Display: Validating World /Game/TopDownCPP/Maps/TopDownExampleMap.TopDownExampleMap
[2020.06.23-22.38.58:942][969]LogContentValidation: Display: Validating MapBuildDataRegistry /Game/TopDownCPP/Maps/TopDownExampleMap_BuiltData.TopDownExampleMap_BuiltData
[2020.06.23-22.39.02:523][358]LogTemp: Repeating last play command: Selected Viewport
[2020.06.23-22.39.02:534][358]LogPlayLevel: PlayLevel: No blueprints needed recompiling
[2020.06.23-22.39.02:534][358]PIE: New page: PIE session: TopDownExampleMap (Jun 24, 2020, 12:39:02 AM)
[2020.06.23-22.39.02:534][358]LogPlayLevel: Creating play world package: /Game/TopDownCPP/Maps/UEDPIE_0_TopDownExampleMap
[2020.06.23-22.39.02:547][358]LogPlayLevel: PIE: StaticDuplicateObject took: (0.013292s)
[2020.06.23-22.39.02:548][358]LogAIModule: Creating AISystem for world TopDownExampleMap
[2020.06.23-22.39.02:548][358]LogAISub: UAISubsystem::UAISubsystem EnvQueryManager (0000017BAC8C7400), frame # 13358
[2020.06.23-22.39.02:548][358]LogAISub: UAISubsystem::UAISubsystem AIPerceptionSystem (0000017B8F599580), frame # 13358
[2020.06.23-22.39.02:549][358]LogPlayLevel: PIE: World Init took: (0.001347s)
[2020.06.23-22.39.02:549][358]LogPlayLevel: PIE: Created PIE world by copying editor world from /Game/TopDownCPP/Maps/TopDownExampleMap.TopDownExampleMap to /Game/TopDownCPP/Maps/UEDPIE_0_TopDownExampleMap.TopDownExampleMap (0.014785s)
[2020.06.23-22.39.02:557][358]LogUObjectHash: Compacting FUObjectHashTables data took   0.81ms
[2020.06.23-22.39.02:559][358]LogAudioMixer: Display: Audio Mixer Platform Settings:
[2020.06.23-22.39.02:559][358]LogAudioMixer: Display: 	Sample Rate:						  48000
[2020.06.23-22.39.02:559][358]LogAudioMixer: Display: 	Callback Buffer Frame Size Requested: 1024
[2020.06.23-22.39.02:559][358]LogAudioMixer: Display: 	Callback Buffer Frame Size To Use:	  1024
[2020.06.23-22.39.02:559][358]LogAudioMixer: Display: 	Number of buffers to queue:			  2
[2020.06.23-22.39.02:559][358]LogAudioMixer: Display: 	Max Channels (voices):				  32
[2020.06.23-22.39.02:559][358]LogAudioMixer: Display: 	Number of Async Source Workers:		  0
[2020.06.23-22.39.02:559][358]LogAudio: Display: AudioDevice MaxSources: 32
[2020.06.23-22.39.02:560][358]LogAudio: Display: Using built-in audio occlusion.
[2020.06.23-22.39.02:560][358]LogAudioMixer: Display: Initializing audio mixer.
[2020.06.23-22.39.02:568][358]LogAudioMixer: Display: 0: FrontLeft
[2020.06.23-22.39.02:568][358]LogAudioMixer: Display: 1: FrontRight
[2020.06.23-22.39.02:589][358]LogAudioMixer: Display: Using Audio Device Speakers (VB-Audio VoiceMeeter VAIO)
[2020.06.23-22.39.02:590][358]LogAudioMixer: Display: Initializing Sound Submixes...
[2020.06.23-22.39.02:590][358]LogAudioMixer: Display: Creating Master Submix 'MasterSubmixDefault'
[2020.06.23-22.39.02:590][358]LogAudioMixer: Display: Creating Master Submix 'MasterReverbSubmixDefault'
[2020.06.23-22.39.02:590][358]LogAudioMixer: Display: Creating Master Submix 'MasterEQSubmixDefault'
[2020.06.23-22.39.02:600][358]LogInit: FAudioDevice initialized.
[2020.06.23-22.39.02:612][358]LogLoad: Game class is 'PrototypeGameMode'
[2020.06.23-22.39.02:614][358]LogWorld: Bringing World /Game/TopDownCPP/Maps/UEDPIE_0_TopDownExampleMap.TopDownExampleMap up for play (max tick rate 0) at 2020.06.23-23.39.02
[2020.06.23-22.39.02:614][358]LogWorld: Bringing up level for play took: 0.001605
[2020.06.23-22.39.02:615][358]LogOnline: OSS: Creating online subsystem instance for: :Context_6
[2020.06.23-22.39.02:617][358]PIE: Server logged in
[2020.06.23-22.39.02:618][358]PIE: Play in editor total start time 0.087 seconds.
[2020.06.23-22.39.06:179][406]LogWindows: Error: === Critical error: ===
[2020.06.23-22.39.06:179][406]LogWindows: Error: 
[2020.06.23-22.39.06:179][406]LogWindows: Error: Fatal error!
[2020.06.23-22.39.06:179][406]LogWindows: Error: 
[2020.06.23-22.39.06:179][406]LogWindows: Error: Unhandled Exception: EXCEPTION_ACCESS_VIOLATION reading address 0x00000000
[2020.06.23-22.39.06:179][406]LogWindows: Error: 
[2020.06.23-22.39.06:179][406]LogWindows: Error: [Callstack] 0x00007ffecce16353 UE4Editor-Prototype-8335.dll!UBoidsAgentFlockBehavior::GetAlignment() [B:\Documents\Strathclyde\Master's Thesis\USAR_Swarm\Prototype\Source\Prototype\Private\BoidsAgentFlockBehavior.cpp:46]
[2020.06.23-22.39.06:179][406]LogWindows: Error: [Callstack] 0x00007ffecce168f1 UE4Editor-Prototype-8335.dll!UBoidsAgentFlockBehavior::OnBecomeRelevant() [B:\Documents\Strathclyde\Master's Thesis\USAR_Swarm\Prototype\Source\Prototype\Private\BoidsAgentFlockBehavior.cpp:21]
[2020.06.23-22.39.06:179][406]LogWindows: Error: [Callstack] 0x00007ffed792f564 UE4Editor-AIModule.dll!UnknownFunction []
[2020.06.23-22.39.06:179][406]LogWindows: Error: [Callstack] 0x00007ffed7948954 UE4Editor-AIModule.dll!UnknownFunction []
[2020.06.23-22.39.06:179][406]LogWindows: Error: [Callstack] 0x00007ffed795e222 UE4Editor-AIModule.dll!UnknownFunction []
[2020.06.23-22.39.06:179][406]LogWindows: Error: [Callstack] 0x00007ffeee6382d6 UE4Editor-Engine.dll!UnknownFunction []
[2020.06.23-22.39.06:179][406]LogWindows: Error: [Callstack] 0x00007ffeee65f154 UE4Editor-Engine.dll!UnknownFunction []
[2020.06.23-22.39.06:179][406]LogWindows: Error: [Callstack] 0x00007ffeef37616f UE4Editor-Engine.dll!UnknownFunction []
[2020.06.23-22.39.06:179][406]LogWindows: Error: [Callstack] 0x00007ffeef37b1c7 UE4Editor-Engine.dll!UnknownFunction []
[2020.06.23-22.39.06:179][406]LogWindows: Error: [Callstack] 0x00007ffef0f787d8 UE4Editor-Core.dll!UnknownFunction []
[2020.06.23-22.39.06:179][406]LogWindows: Error: [Callstack] 0x00007ffef0f789aa UE4Editor-Core.dll!UnknownFunction []
[2020.06.23-22.39.06:179][406]LogWindows: Error: [Callstack] 0x00007ffef0f78bb0 UE4Editor-Core.dll!UnknownFunction []
[2020.06.23-22.39.06:179][406]LogWindows: Error: [Callstack] 0x00007ffeef396fc7 UE4Editor-Engine.dll!UnknownFunction []
[2020.06.23-22.39.06:179][406]LogWindows: Error: [Callstack] 0x00007ffeef39c47a UE4Editor-Engine.dll!UnknownFunction []
[2020.06.23-22.39.06:179][406]LogWindows: Error: [Callstack] 0x00007ffeeeb5c43f UE4Editor-Engine.dll!UnknownFunction []
[2020.06.23-22.39.06:179][406]LogWindows: Error: [Callstack] 0x00007ffeeeb6741a UE4Editor-Engine.dll!UnknownFunction []
[2020.06.23-22.39.06:179][406]LogWindows: Error: [Callstack] 0x00007ffeec29a737 UE4Editor-UnrealEd.dll!UnknownFunction []
[2020.06.23-22.39.06:179][406]LogWindows: Error: [Callstack] 0x00007ffeecb700d6 UE4Editor-UnrealEd.dll!UnknownFunction []
[2020.06.23-22.39.06:179][406]LogWindows: Error: [Callstack] 0x00007ff7c7007800 UE4Editor.exe!UnknownFunction []
[2020.06.23-22.39.06:179][406]LogWindows: Error: [Callstack] 0x00007ff7c701ba7c UE4Editor.exe!UnknownFunction []
[2020.06.23-22.39.06:179][406]LogWindows: Error: [Callstack] 0x00007ff7c701bb5a UE4Editor.exe!UnknownFunction []
[2020.06.23-22.39.06:179][406]LogWindows: Error: [Callstack] 0x00007ff7c702e31d UE4Editor.exe!UnknownFunction []
[2020.06.23-22.39.06:179][406]LogWindows: Error: [Callstack] 0x00007ff7c703145a UE4Editor.exe!UnknownFunction []
[2020.06.23-22.39.06:180][406]LogWindows: Error: [Callstack] 0x00007fff343f7bd4 KERNEL32.DLL!UnknownFunction []
[2020.06.23-22.39.06:180][406]LogWindows: Error: [Callstack] 0x00007fff34ccce51 ntdll.dll!UnknownFunction []
[2020.06.23-22.39.06:180][406]LogWindows: Error: 
[2020.06.23-22.39.06:230][406]LogExit: Executing StaticShutdownAfterError
[2020.06.23-22.39.06:231][406]LogWindows: FPlatformMisc::RequestExit(1)
[2020.06.23-22.39.06:231][406]LogCore: Engine exit requested (reason: Win RequestExit)
[2020.06.23-22.39.06:244][406]Log file closed, 06/23/20 23:39:06
