Log file open, 06/23/20 23:41:57
LogInit: Display: Running engine for game: Prototype
LogPlatformFile: Not using cached read wrapper
LogTaskGraph: Started task graph with 5 named threads and 14 total threads with 3 sets of task threads.
LogStats: Stats thread started at 1.729158
LogD3D11RHI: Loaded GFSDK_Aftermath_Lib.x64.dll
LogICUInternationalization: ICU TimeZone Detection - Raw Offset: +0:00, Platform Override: ''
LogPluginManager: Mounting plugin Paper2D
LogPluginManager: Mounting plugin AISupport
LogPluginManager: Mounting plugin LightPropagationVolume
LogPluginManager: Mounting plugin CameraShakePreviewer
LogPluginManager: Mounting plugin ActorLayerUtilities
LogPluginManager: Mounting plugin AnimationSharing
LogPluginManager: Mounting plugin CLionSourceCodeAccess
LogPluginManager: Mounting plugin CodeLiteSourceCodeAccess
LogPluginManager: Mounting plugin GitSourceControl
LogPluginManager: Mounting plugin KDevelopSourceCodeAccess
LogPluginManager: Mounting plugin NullSourceCodeAccess
LogPluginManager: Mounting plugin PerforceSourceControl
LogPluginManager: Mounting plugin PlasticSourceControl
LogPluginManager: Mounting plugin RiderSourceCodeAccess
LogPluginManager: Mounting plugin SubversionSourceControl
LogPluginManager: Mounting plugin UObjectPlugin
LogPluginManager: Mounting plugin VisualStudioCodeSourceCodeAccess
LogPluginManager: Mounting plugin VisualStudioSourceCodeAccess
LogPluginManager: Mounting plugin XCodeSourceCodeAccess
LogPluginManager: Mounting plugin AssetManagerEditor
LogPluginManager: Mounting plugin CryptoKeys
LogPluginManager: Mounting plugin CurveEditorTools
LogPluginManager: Mounting plugin DataValidation
LogPluginManager: Mounting plugin EditorScriptingUtilities
LogPluginManager: Mounting plugin FacialAnimation
LogPluginManager: Mounting plugin GameplayTagsEditor
LogPluginManager: Mounting plugin GeometryMode
LogPluginManager: Mounting plugin MacGraphicsSwitching
LogPluginManager: Mounting plugin MaterialAnalyzer
LogPluginManager: Mounting plugin MobileLauncherProfileWizard
LogPluginManager: Mounting plugin PluginBrowser
LogPluginManager: Mounting plugin SpeedTreeImporter
LogPluginManager: Mounting plugin DatasmithContent
LogPluginManager: Mounting plugin VariantManagerContent
LogPluginManager: Mounting plugin AlembicImporter
LogPluginManager: Mounting plugin AutomationUtils
LogPluginManager: Mounting plugin BackChannel
LogPluginManager: Mounting plugin ChaosCloth
LogPluginManager: Mounting plugin ChaosClothEditor
LogPluginManager: Mounting plugin ChaosEditor
LogPluginManager: Mounting plugin ChaosNiagara
LogPluginManager: Mounting plugin ChaosSolverPlugin
LogPluginManager: Mounting plugin CharacterAI
LogPluginManager: Mounting plugin GeometryCache
LogPluginManager: Mounting plugin GeometryCollectionPlugin
LogPluginManager: Mounting plugin GeometryProcessing
LogPluginManager: Mounting plugin PlanarCut
LogPluginManager: Mounting plugin PlatformCrypto
LogPluginManager: Mounting plugin ProxyLODPlugin
LogPluginManager: Mounting plugin SkeletalReduction
LogPluginManager: Mounting plugin Niagara
LogPluginManager: Mounting plugin MagicLeap
LogPluginManager: Mounting plugin MagicLeapLightEstimation
LogPluginManager: Mounting plugin MagicLeapMedia
LogPluginManager: Mounting plugin MagicLeapPassableWorld
LogPluginManager: Mounting plugin MLSDK
LogPluginManager: Mounting plugin AndroidMedia
LogPluginManager: Mounting plugin AvfMedia
LogPluginManager: Mounting plugin ImgMedia
LogPluginManager: Mounting plugin MediaCompositing
LogPluginManager: Mounting plugin MediaPlayerEditor
LogPluginManager: Mounting plugin WebMMedia
LogPluginManager: Mounting plugin WmfMedia
LogPluginManager: Mounting plugin MeshPainting
LogPluginManager: Mounting plugin TcpMessaging
LogPluginManager: Mounting plugin UdpMessaging
LogPluginManager: Mounting plugin ActorSequence
LogPluginManager: Mounting plugin LevelSequenceEditor
LogPluginManager: Mounting plugin MatineeToLevelSequence
LogPluginManager: Mounting plugin MovieRenderPipeline
LogPluginManager: Mounting plugin TemplateSequence
LogPluginManager: Mounting plugin NetcodeUnitTest
LogPluginManager: Mounting plugin NUTUnrealEngine4
LogPluginManager: Mounting plugin OnlineSubsystemGooglePlay
LogPluginManager: Mounting plugin OnlineSubsystemIOS
LogPluginManager: Mounting plugin OnlineSubsystem
LogPluginManager: Mounting plugin OnlineSubsystemNull
LogPluginManager: Mounting plugin OnlineSubsystemUtils
LogPluginManager: Mounting plugin LauncherChunkInstaller
LogPluginManager: Mounting plugin AndroidDeviceProfileSelector
LogPluginManager: Mounting plugin AndroidMoviePlayer
LogPluginManager: Mounting plugin AndroidPermission
LogPluginManager: Mounting plugin AppleImageUtils
LogPluginManager: Mounting plugin AppleMoviePlayer
LogPluginManager: Mounting plugin ArchVisCharacter
LogPluginManager: Mounting plugin AssetTags
LogPluginManager: Mounting plugin AudioCapture
LogPluginManager: Mounting plugin CableComponent
LogPluginManager: Mounting plugin CustomMeshComponent
LogPluginManager: Mounting plugin EditableMesh
LogPluginManager: Mounting plugin ExampleDeviceProfileSelector
LogPluginManager: Mounting plugin GoogleCloudMessaging
LogPluginManager: Mounting plugin GooglePAD
LogPluginManager: Mounting plugin IOSDeviceProfileSelector
LogPluginManager: Mounting plugin LinuxDeviceProfileSelector
LogPluginManager: Mounting plugin LocationServicesBPLibrary
LogPluginManager: Mounting plugin MobilePatchingUtils
LogPluginManager: Mounting plugin OculusVR
LogPluginManager: Mounting plugin PhysXVehicles
LogPluginManager: Mounting plugin PostSplashScreen
LogPluginManager: Mounting plugin ProceduralMeshComponent
LogPluginManager: Mounting plugin RuntimePhysXCooking
LogPluginManager: Mounting plugin SignificanceManager
LogPluginManager: Mounting plugin SoundFields
LogPluginManager: Mounting plugin SteamVR
LogPluginManager: Mounting plugin Synthesis
LogPluginManager: Mounting plugin WebMMoviePlayer
LogPluginManager: Mounting plugin WindowsMoviePlayer
LogPluginManager: Mounting plugin ScreenshotTools
LogPluginManager: Mounting plugin DonAINavigation
LogInit: Using libcurl 7.55.1-DEV
LogInit:  - built for x86_64-pc-win32
LogInit:  - supports SSL with OpenSSL/1.1.1
LogInit:  - supports HTTP deflate (compression) using libz 1.2.8
LogInit:  - other features:
LogInit:      CURL_VERSION_SSL
LogInit:      CURL_VERSION_LIBZ
LogInit:      CURL_VERSION_IPV6
LogInit:      CURL_VERSION_ASYNCHDNS
LogInit:      CURL_VERSION_LARGEFILE
LogInit:      CURL_VERSION_IDN
LogInit:  CurlRequestOptions (configurable via config and command line):
LogInit:  - bVerifyPeer = true  - Libcurl will verify peer certificate
LogInit:  - bUseHttpProxy = false  - Libcurl will NOT use HTTP proxy
LogInit:  - bDontReuseConnections = false  - Libcurl will reuse connections
LogInit:  - MaxHostConnections = 16  - Libcurl will limit the number of connections to a host
LogInit:  - LocalHostAddr = Default
LogInit:  - BufferSize = 65536
LogOnline: OSS: Creating online subsystem instance for: NULL
LogInit: WinSock: version 1.1 (2.2), MaxSocks=32767, MaxUdp=65467
LogOnline: OSS: TryLoadSubsystemAndSetDefault: Loaded subsystem for module [NULL]
LogInit: Build: ++UE4+Release-4.25-CL-13594126
LogInit: Engine Version: 4.25.1-13594126+++UE4+Release-4.25
LogInit: Compatible Engine Version: 4.25.0-13144385+++UE4+Release-4.25
LogInit: Net CL: 13144385
LogInit: OS: Windows 10 (Release 1903) (), CPU: Intel(R) Core(TM) i5-4690K CPU @ 3.50GHz, GPU: NVIDIA GeForce GTX 970
LogInit: Compiled (64-bit): Jun  2 2020 02:10:36
LogInit: Compiled with Visual C++: 19.24.28315.00
LogInit: Build Configuration: Development
LogInit: Branch Name: ++UE4+Release-4.25
LogInit: Command Line: 
LogInit: Base Directory: B:/Program Files/Epic Games/UE_4.25/Engine/Binaries/Win64/
LogInit: Allocator: TBB
LogInit: Installed Engine Build: 1
LogDevObjectVersion: Number of dev versions registered: 26
LogDevObjectVersion:   Dev-Blueprints (B0D832E4-1F89-4F0D-ACCF-7EB736FD4AA2): 10
LogDevObjectVersion:   Dev-Build (E1C64328-A22C-4D53-A36C-8E866417BD8C): 0
LogDevObjectVersion:   Dev-Core (375EC13C-06E4-48FB-B500-84F0262A717E): 4
LogDevObjectVersion:   Dev-Editor (E4B068ED-F494-42E9-A231-DA0B2E46BB41): 38
LogDevObjectVersion:   Dev-Framework (CFFC743F-43B0-4480-9391-14DF171D2073): 37
LogDevObjectVersion:   Dev-Mobile (B02B49B5-BB20-44E9-A304-32B752E40360): 2
LogDevObjectVersion:   Dev-Networking (A4E4105C-59A1-49B5-A7C5-40C4547EDFEE): 0
LogDevObjectVersion:   Dev-Online (39C831C9-5AE6-47DC-9A44-9C173E1C8E7C): 0
LogDevObjectVersion:   Dev-Physics (78F01B33-EBEA-4F98-B9B4-84EACCB95AA2): 4
LogDevObjectVersion:   Dev-Platform (6631380F-2D4D-43E0-8009-CF276956A95A): 0
LogDevObjectVersion:   Dev-Rendering (12F88B9F-8875-4AFC-A67C-D90C383ABD29): 43
LogDevObjectVersion:   Dev-Sequencer (7B5AE74C-D270-4C10-A958-57980B212A5A): 12
LogDevObjectVersion:   Dev-VR (D7296918-1DD6-4BDD-9DE2-64A83CC13884): 3
LogDevObjectVersion:   Dev-LoadTimes (C2A15278-BFE7-4AFE-6C17-90FF531DF755): 1
LogDevObjectVersion:   Private-Geometry (6EACA3D4-40EC-4CC1-B786-8BED09428FC5): 3
LogDevObjectVersion:   Dev-AnimPhys (29E575DD-E0A3-4627-9D10-D276232CDCEA): 17
LogDevObjectVersion:   Dev-Anim (AF43A65D-7FD3-4947-9873-3E8ED9C1BB05): 7
LogDevObjectVersion:   Dev-ReflectionCapture (6B266CEC-1EC7-4B8F-A30B-E4D90942FC07): 1
LogDevObjectVersion:   Dev-Automation (0DF73D61-A23F-47EA-B727-89E90C41499A): 1
LogDevObjectVersion:   FortniteMain (601D1886-AC64-4F84-AA16-D3DE0DEAC7D6): 31
LogDevObjectVersion:   Dev-Enterprise (9DFFBCD6-494F-0158-E221-12823C92A888): 10
LogDevObjectVersion:   Dev-Niagara (F2AED0AC-9AFE-416F-8664-AA7FFA26D6FC): 1
LogDevObjectVersion:   Dev-Destruction (174F1F0B-B4C6-45A5-B13F-2EE8D0FB917D): 10
LogDevObjectVersion:   Dev-Physics-Ext (35F94A83-E258-406C-A318-09F59610247C): 37
LogDevObjectVersion:   Dev-PhysicsMaterial-Chaos (B68FC16E-8B1B-42E2-B453-215C058844FE): 1
LogDevObjectVersion:   Dev-CineCamera (B2E18506-4273-CFC2-A54E-F4BB758BBA07): 1
LogInit: Presizing for max 25165824 objects, including 0 objects not considered by GC, pre-allocating 0 bytes for permanent pool.
LogConfig: Applying CVar settings from Section [/Script/Engine.StreamingSettings] File [B:/Documents/Strathclyde/Master's Thesis/USAR_Swarm/Prototype/Saved/Config/Windows/Engine.ini]
LogConfig: Setting CVar [[s.MinBulkDataSizeForAsyncLoading:131072]]
LogConfig: Setting CVar [[s.AsyncLoadingThreadEnabled:0]]
LogConfig: Setting CVar [[s.EventDrivenLoaderEnabled:1]]
LogConfig: Setting CVar [[s.WarnIfTimeLimitExceeded:0]]
LogConfig: Setting CVar [[s.TimeLimitExceededMultiplier:1.5]]
LogConfig: Setting CVar [[s.TimeLimitExceededMinTime:0.005]]
LogConfig: Setting CVar [[s.UseBackgroundLevelStreaming:1]]
LogConfig: Setting CVar [[s.PriorityAsyncLoadingExtraTime:15.0]]
LogConfig: Setting CVar [[s.LevelStreamingActorsUpdateTimeLimit:5.0]]
LogConfig: Setting CVar [[s.PriorityLevelStreamingActorsUpdateExtraTime:5.0]]
LogConfig: Setting CVar [[s.LevelStreamingComponentsRegistrationGranularity:10]]
LogConfig: Setting CVar [[s.UnregisterComponentsTimeLimit:1.0]]
LogConfig: Setting CVar [[s.LevelStreamingComponentsUnregistrationGranularity:5]]
LogConfig: Setting CVar [[s.FlushStreamingOnExit:1]]
LogInit: Object subsystem initialized
LogConfig: Setting CVar [[con.DebugEarlyDefault:1]]
LogConfig: Setting CVar [[r.setres:1280x720]]
[2020.06.23-22.41.58:123][  0]LogConfig: Setting CVar [[r.VSync:0]]
[2020.06.23-22.41.58:123][  0]LogConfig: Setting CVar [[r.RHICmdBypass:0]]
[2020.06.23-22.41.58:123][  0]LogConfig: Applying CVar settings from Section [/Script/Engine.RendererSettings] File [B:/Documents/Strathclyde/Master's Thesis/USAR_Swarm/Prototype/Saved/Config/Windows/Engine.ini]
[2020.06.23-22.41.58:123][  0]LogConfig: Setting CVar [[r.GPUCrashDebugging:0]]
[2020.06.23-22.41.58:123][  0]LogConfig: Applying CVar settings from Section [/Script/Engine.RendererOverrideSettings] File [B:/Documents/Strathclyde/Master's Thesis/USAR_Swarm/Prototype/Saved/Config/Windows/Engine.ini]
[2020.06.23-22.41.58:123][  0]LogConfig: Applying CVar settings from Section [/Script/Engine.StreamingSettings] File [B:/Documents/Strathclyde/Master's Thesis/USAR_Swarm/Prototype/Saved/Config/Windows/Engine.ini]
[2020.06.23-22.41.58:123][  0]LogConfig: Setting CVar [[s.MinBulkDataSizeForAsyncLoading:131072]]
[2020.06.23-22.41.58:123][  0]LogConfig: Setting CVar [[s.AsyncLoadingThreadEnabled:0]]
[2020.06.23-22.41.58:123][  0]LogConfig: Setting CVar [[s.EventDrivenLoaderEnabled:1]]
[2020.06.23-22.41.58:123][  0]LogConfig: Setting CVar [[s.WarnIfTimeLimitExceeded:0]]
[2020.06.23-22.41.58:123][  0]LogConfig: Setting CVar [[s.TimeLimitExceededMultiplier:1.5]]
[2020.06.23-22.41.58:123][  0]LogConfig: Setting CVar [[s.TimeLimitExceededMinTime:0.005]]
[2020.06.23-22.41.58:123][  0]LogConfig: Setting CVar [[s.UseBackgroundLevelStreaming:1]]
[2020.06.23-22.41.58:123][  0]LogConfig: Setting CVar [[s.PriorityAsyncLoadingExtraTime:15.0]]
[2020.06.23-22.41.58:123][  0]LogConfig: Setting CVar [[s.LevelStreamingActorsUpdateTimeLimit:5.0]]
[2020.06.23-22.41.58:123][  0]LogConfig: Setting CVar [[s.PriorityLevelStreamingActorsUpdateExtraTime:5.0]]
[2020.06.23-22.41.58:123][  0]LogConfig: Setting CVar [[s.LevelStreamingComponentsRegistrationGranularity:10]]
[2020.06.23-22.41.58:123][  0]LogConfig: Setting CVar [[s.UnregisterComponentsTimeLimit:1.0]]
[2020.06.23-22.41.58:123][  0]LogConfig: Setting CVar [[s.LevelStreamingComponentsUnregistrationGranularity:5]]
[2020.06.23-22.41.58:123][  0]LogConfig: Setting CVar [[s.FlushStreamingOnExit:1]]
[2020.06.23-22.41.58:123][  0]LogConfig: Applying CVar settings from Section [/Script/Engine.GarbageCollectionSettings] File [B:/Documents/Strathclyde/Master's Thesis/USAR_Swarm/Prototype/Saved/Config/Windows/Engine.ini]
[2020.06.23-22.41.58:123][  0]LogConfig: Setting CVar [[gc.MaxObjectsNotConsideredByGC:1]]
[2020.06.23-22.41.58:123][  0]LogConfig: Setting CVar [[gc.SizeOfPermanentObjectPool:0]]
[2020.06.23-22.41.58:123][  0]LogConfig: Setting CVar [[gc.FlushStreamingOnGC:0]]
[2020.06.23-22.41.58:123][  0]LogConfig: Setting CVar [[gc.NumRetriesBeforeForcingGC:10]]
[2020.06.23-22.41.58:123][  0]LogConfig: Setting CVar [[gc.AllowParallelGC:1]]
[2020.06.23-22.41.58:123][  0]LogConfig: Setting CVar [[gc.TimeBetweenPurgingPendingKillObjects:61.1]]
[2020.06.23-22.41.58:123][  0]LogConfig: Setting CVar [[gc.MaxObjectsInEditor:25165824]]
[2020.06.23-22.41.58:123][  0]LogConfig: Setting CVar [[gc.IncrementalBeginDestroyEnabled:1]]
[2020.06.23-22.41.58:123][  0]LogConfig: Setting CVar [[gc.CreateGCClusters:1]]
[2020.06.23-22.41.58:123][  0]LogConfig: Setting CVar [[gc.MinGCClusterSize:5]]
[2020.06.23-22.41.58:123][  0]LogConfig: Setting CVar [[gc.ActorClusteringEnabled:0]]
[2020.06.23-22.41.58:123][  0]LogConfig: Setting CVar [[gc.BlueprintClusteringEnabled:0]]
[2020.06.23-22.41.58:123][  0]LogConfig: Setting CVar [[gc.UseDisregardForGCOnDedicatedServers:0]]
[2020.06.23-22.41.58:124][  0]LogConfig: Applying CVar settings from Section [/Script/Engine.NetworkSettings] File [B:/Documents/Strathclyde/Master's Thesis/USAR_Swarm/Prototype/Saved/Config/Windows/Engine.ini]
[2020.06.23-22.41.58:124][  0]LogConfig: Applying CVar settings from Section [/Script/UnrealEd.CookerSettings] File [B:/Documents/Strathclyde/Master's Thesis/USAR_Swarm/Prototype/Saved/Config/Windows/Engine.ini]
[2020.06.23-22.41.58:130][  0]LogConfig: Applying CVar settings from Section [ViewDistanceQuality@3] File [B:/Documents/Strathclyde/Master's Thesis/USAR_Swarm/Prototype/Saved/Config/Windows/Scalability.ini]
[2020.06.23-22.41.58:130][  0]LogConfig: Setting CVar [[r.SkeletalMeshLODBias:0]]
[2020.06.23-22.41.58:130][  0]LogConfig: Setting CVar [[r.ViewDistanceScale:1.0]]
[2020.06.23-22.41.58:130][  0]LogConfig: Applying CVar settings from Section [AntiAliasingQuality@3] File [B:/Documents/Strathclyde/Master's Thesis/USAR_Swarm/Prototype/Saved/Config/Windows/Scalability.ini]
[2020.06.23-22.41.58:130][  0]LogConfig: Setting CVar [[r.PostProcessAAQuality:4]]
[2020.06.23-22.41.58:130][  0]LogConfig: Applying CVar settings from Section [ShadowQuality@3] File [B:/Documents/Strathclyde/Master's Thesis/USAR_Swarm/Prototype/Saved/Config/Windows/Scalability.ini]
[2020.06.23-22.41.58:130][  0]LogConfig: Setting CVar [[r.LightFunctionQuality:1]]
[2020.06.23-22.41.58:130][  0]LogConfig: Setting CVar [[r.ShadowQuality:5]]
[2020.06.23-22.41.58:130][  0]LogConfig: Setting CVar [[r.Shadow.CSM.MaxCascades:10]]
[2020.06.23-22.41.58:130][  0]LogConfig: Setting CVar [[r.Shadow.MaxResolution:2048]]
[2020.06.23-22.41.58:130][  0]LogConfig: Setting CVar [[r.Shadow.MaxCSMResolution:2048]]
[2020.06.23-22.41.58:130][  0]LogConfig: Setting CVar [[r.Shadow.RadiusThreshold:0.01]]
[2020.06.23-22.41.58:130][  0]LogConfig: Setting CVar [[r.Shadow.DistanceScale:1.0]]
[2020.06.23-22.41.58:130][  0]LogConfig: Setting CVar [[r.Shadow.CSM.TransitionScale:1.0]]
[2020.06.23-22.41.58:130][  0]LogConfig: Setting CVar [[r.Shadow.PreShadowResolutionFactor:1.0]]
[2020.06.23-22.41.58:130][  0]LogConfig: Setting CVar [[r.DistanceFieldShadowing:1]]
[2020.06.23-22.41.58:130][  0]LogConfig: Setting CVar [[r.DistanceFieldAO:1]]
[2020.06.23-22.41.58:130][  0]LogConfig: Setting CVar [[r.AOQuality:2]]
[2020.06.23-22.41.58:130][  0]LogConfig: Setting CVar [[r.VolumetricFog:1]]
[2020.06.23-22.41.58:130][  0]LogConfig: Setting CVar [[r.VolumetricFog.GridPixelSize:8]]
[2020.06.23-22.41.58:130][  0]LogConfig: Setting CVar [[r.VolumetricFog.GridSizeZ:128]]
[2020.06.23-22.41.58:130][  0]LogConfig: Setting CVar [[r.VolumetricFog.HistoryMissSupersampleCount:4]]
[2020.06.23-22.41.58:131][  0]LogConfig: Setting CVar [[r.LightMaxDrawDistanceScale:1]]
[2020.06.23-22.41.58:131][  0]LogConfig: Setting CVar [[r.CapsuleShadows:1]]
[2020.06.23-22.41.58:131][  0]LogConfig: Applying CVar settings from Section [PostProcessQuality@3] File [B:/Documents/Strathclyde/Master's Thesis/USAR_Swarm/Prototype/Saved/Config/Windows/Scalability.ini]
[2020.06.23-22.41.58:131][  0]LogConfig: Setting CVar [[r.MotionBlurQuality:4]]
[2020.06.23-22.41.58:131][  0]LogConfig: Setting CVar [[r.AmbientOcclusionMipLevelFactor:0.4]]
[2020.06.23-22.41.58:131][  0]LogConfig: Setting CVar [[r.AmbientOcclusionMaxQuality:100]]
[2020.06.23-22.41.58:131][  0]LogConfig: Setting CVar [[r.AmbientOcclusionLevels:-1]]
[2020.06.23-22.41.58:131][  0]LogConfig: Setting CVar [[r.AmbientOcclusionRadiusScale:1.0]]
[2020.06.23-22.41.58:131][  0]LogConfig: Setting CVar [[r.DepthOfFieldQuality:2]]
[2020.06.23-22.41.58:131][  0]LogConfig: Setting CVar [[r.RenderTargetPoolMin:400]]
[2020.06.23-22.41.58:131][  0]LogConfig: Setting CVar [[r.LensFlareQuality:2]]
[2020.06.23-22.41.58:131][  0]LogConfig: Setting CVar [[r.SceneColorFringeQuality:1]]
[2020.06.23-22.41.58:131][  0]LogConfig: Setting CVar [[r.EyeAdaptationQuality:2]]
[2020.06.23-22.41.58:131][  0]LogConfig: Setting CVar [[r.BloomQuality:5]]
[2020.06.23-22.41.58:131][  0]LogConfig: Setting CVar [[r.FastBlurThreshold:100]]
[2020.06.23-22.41.58:131][  0]LogConfig: Setting CVar [[r.Upscale.Quality:3]]
[2020.06.23-22.41.58:131][  0]LogConfig: Setting CVar [[r.Tonemapper.GrainQuantization:1]]
[2020.06.23-22.41.58:131][  0]LogConfig: Setting CVar [[r.LightShaftQuality:1]]
[2020.06.23-22.41.58:131][  0]LogConfig: Setting CVar [[r.Filter.SizeScale:1]]
[2020.06.23-22.41.58:131][  0]LogConfig: Setting CVar [[r.Tonemapper.Quality:5]]
[2020.06.23-22.41.58:131][  0]LogConfig: Setting CVar [[r.DOF.Gather.AccumulatorQuality:1        ; higher gathering accumulator quality]]
[2020.06.23-22.41.58:131][  0]LogConfig: Setting CVar [[r.DOF.Gather.PostfilterMethod:1          ; Median3x3 postfilering method]]
[2020.06.23-22.41.58:131][  0]LogConfig: Setting CVar [[r.DOF.Gather.EnableBokehSettings:0       ; no bokeh simulation when gathering]]
[2020.06.23-22.41.58:131][  0]LogConfig: Setting CVar [[r.DOF.Gather.RingCount:4                 ; medium number of samples when gathering]]
[2020.06.23-22.41.58:131][  0]LogConfig: Setting CVar [[r.DOF.Scatter.ForegroundCompositing:1    ; additive foreground scattering]]
[2020.06.23-22.41.58:131][  0]LogConfig: Setting CVar [[r.DOF.Scatter.BackgroundCompositing:2    ; additive background scattering]]
[2020.06.23-22.41.58:131][  0]LogConfig: Setting CVar [[r.DOF.Scatter.EnableBokehSettings:1      ; bokeh simulation when scattering]]
[2020.06.23-22.41.58:131][  0]LogConfig: Setting CVar [[r.DOF.Scatter.MaxSpriteRatio:0.1         ; only a maximum of 10% of scattered bokeh]]
[2020.06.23-22.41.58:131][  0]LogConfig: Setting CVar [[r.DOF.Recombine.Quality:1                ; cheap slight out of focus]]
[2020.06.23-22.41.58:131][  0]LogConfig: Setting CVar [[r.DOF.Recombine.EnableBokehSettings:0    ; no bokeh simulation on slight out of focus]]
[2020.06.23-22.41.58:131][  0]LogConfig: Setting CVar [[r.DOF.TemporalAAQuality:1                ; more stable temporal accumulation]]
[2020.06.23-22.41.58:131][  0]LogConfig: Setting CVar [[r.DOF.Kernel.MaxForegroundRadius:0.025]]
[2020.06.23-22.41.58:131][  0]LogConfig: Setting CVar [[r.DOF.Kernel.MaxBackgroundRadius:0.025]]
[2020.06.23-22.41.58:131][  0]LogConfig: Applying CVar settings from Section [TextureQuality@3] File [B:/Documents/Strathclyde/Master's Thesis/USAR_Swarm/Prototype/Saved/Config/Windows/Scalability.ini]
[2020.06.23-22.41.58:131][  0]LogConfig: Setting CVar [[r.Streaming.MipBias:0]]
[2020.06.23-22.41.58:131][  0]LogConfig: Setting CVar [[r.Streaming.AmortizeCPUToGPUCopy:0]]
[2020.06.23-22.41.58:131][  0]LogConfig: Setting CVar [[r.Streaming.MaxNumTexturesToStreamPerFrame:0]]
[2020.06.23-22.41.58:131][  0]LogConfig: Setting CVar [[r.Streaming.Boost:1]]
[2020.06.23-22.41.58:131][  0]LogConfig: Setting CVar [[r.MaxAnisotropy:8]]
[2020.06.23-22.41.58:131][  0]LogConfig: Setting CVar [[r.VT.MaxAnisotropy:8]]
[2020.06.23-22.41.58:131][  0]LogConfig: Setting CVar [[r.Streaming.LimitPoolSizeToVRAM:0]]
[2020.06.23-22.41.58:131][  0]LogConfig: Setting CVar [[r.Streaming.PoolSize:1000]]
[2020.06.23-22.41.58:131][  0]LogConfig: Setting CVar [[r.Streaming.MaxEffectiveScreenSize:0]]
[2020.06.23-22.41.58:131][  0]LogConfig: Applying CVar settings from Section [EffectsQuality@3] File [B:/Documents/Strathclyde/Master's Thesis/USAR_Swarm/Prototype/Saved/Config/Windows/Scalability.ini]
[2020.06.23-22.41.58:131][  0]LogConfig: Setting CVar [[r.TranslucencyLightingVolumeDim:64]]
[2020.06.23-22.41.58:131][  0]LogConfig: Setting CVar [[r.RefractionQuality:2]]
[2020.06.23-22.41.58:131][  0]LogConfig: Setting CVar [[r.SSR.Quality:3]]
[2020.06.23-22.41.58:131][  0]LogConfig: Setting CVar [[r.SSR.HalfResSceneColor:0]]
[2020.06.23-22.41.58:131][  0]LogConfig: Setting CVar [[r.SceneColorFormat:4]]
[2020.06.23-22.41.58:131][  0]LogConfig: Setting CVar [[r.DetailMode:2]]
[2020.06.23-22.41.58:131][  0]LogConfig: Setting CVar [[r.TranslucencyVolumeBlur:1]]
[2020.06.23-22.41.58:131][  0]LogConfig: Setting CVar [[r.MaterialQualityLevel:1 ; High quality]]
[2020.06.23-22.41.58:131][  0]LogConfig: Setting CVar [[r.SSS.Scale:1]]
[2020.06.23-22.41.58:131][  0]LogConfig: Setting CVar [[r.SSS.SampleSet:2]]
[2020.06.23-22.41.58:131][  0]LogConfig: Setting CVar [[r.SSS.Quality:1]]
[2020.06.23-22.41.58:131][  0]LogConfig: Setting CVar [[r.SSS.HalfRes:0]]
[2020.06.23-22.41.58:131][  0]LogConfig: Setting CVar [[r.SSGI.Quality:3]]
[2020.06.23-22.41.58:131][  0]LogConfig: Setting CVar [[r.EmitterSpawnRateScale:1.0]]
[2020.06.23-22.41.58:131][  0]LogConfig: Setting CVar [[r.ParticleLightQuality:2]]
[2020.06.23-22.41.58:131][  0]LogConfig: Setting CVar [[r.SkyAtmosphere.AerialPerspectiveLUT.FastApplyOnOpaque:1 ; Always have FastSkyLUT 1 in this case to avoid wrong sky]]
[2020.06.23-22.41.58:131][  0]LogConfig: Setting CVar [[r.SkyAtmosphere.AerialPerspectiveLUT.SampleCountPerSlice:1]]
[2020.06.23-22.41.58:131][  0]LogConfig: Setting CVar [[r.SkyAtmosphere.AerialPerspectiveLUT.DepthResolution:16.0]]
[2020.06.23-22.41.58:131][  0]LogConfig: Setting CVar [[r.SkyAtmosphere.FastSkyLUT:1]]
[2020.06.23-22.41.58:131][  0]LogConfig: Setting CVar [[r.SkyAtmosphere.FastSkyLUT.SampleCountMin:4.0]]
[2020.06.23-22.41.58:131][  0]LogConfig: Setting CVar [[r.SkyAtmosphere.FastSkyLUT.SampleCountMax:32.0]]
[2020.06.23-22.41.58:131][  0]LogConfig: Setting CVar [[r.SkyAtmosphere.SampleCountMin:4.0]]
[2020.06.23-22.41.58:131][  0]LogConfig: Setting CVar [[r.SkyAtmosphere.SampleCountMax:32.0]]
[2020.06.23-22.41.58:131][  0]LogConfig: Setting CVar [[r.SkyAtmosphere.TransmittanceLUT.UseSmallFormat:0]]
[2020.06.23-22.41.58:131][  0]LogConfig: Setting CVar [[r.SkyAtmosphere.TransmittanceLUT.SampleCount:10.0]]
[2020.06.23-22.41.58:131][  0]LogConfig: Setting CVar [[r.SkyAtmosphere.MultiScatteringLUT.SampleCount:15.0]]
[2020.06.23-22.41.58:131][  0]LogConfig: Applying CVar settings from Section [FoliageQuality@3] File [B:/Documents/Strathclyde/Master's Thesis/USAR_Swarm/Prototype/Saved/Config/Windows/Scalability.ini]
[2020.06.23-22.41.58:131][  0]LogConfig: Setting CVar [[foliage.DensityScale:1.0]]
[2020.06.23-22.41.58:131][  0]LogConfig: Setting CVar [[grass.DensityScale:1.0]]
[2020.06.23-22.41.58:131][  0]LogConfig: Applying CVar settings from Section [ShadingQuality@3] File [B:/Documents/Strathclyde/Master's Thesis/USAR_Swarm/Prototype/Saved/Config/Windows/Scalability.ini]
[2020.06.23-22.41.58:131][  0]LogConfig: Setting CVar [[r.HairStrands.SkyLighting.SampleCount:16]]
[2020.06.23-22.41.58:131][  0]LogConfig: Setting CVar [[r.HairStrands.SkyLighting.JitterIntegration:0]]
[2020.06.23-22.41.58:131][  0]LogConfig: Setting CVar [[r.HairStrands.SkyAO.SampleCount:16]]
[2020.06.23-22.41.58:131][  0]LogConfig: Setting CVar [[r.HairStrands.DeepShadow.SuperSampling:0]]
[2020.06.23-22.41.58:131][  0]LogConfig: Setting CVar [[r.HairStrands.VisibilityPPLL:0]]
[2020.06.23-22.41.58:131][  0]LogConfig: Setting CVar [[r.HairStrands.RasterizationScale:0.5]]
[2020.06.23-22.41.58:131][  0]LogConfig: Setting CVar [[r.HairStrands.VelocityRasterizationScale:1]]
[2020.06.23-22.41.58:131][  0]LogInit: Selected Device Profile: [Windows]
[2020.06.23-22.41.58:131][  0]LogInit: Applying CVar settings loaded from the selected device profile: [Windows]
[2020.06.23-22.41.58:131][  0]LogHAL: Display: Platform has ~ 16 GB [16606146560 / 17179869184 / 16], which maps to Larger [LargestMinGB=32, LargerMinGB=12, DefaultMinGB=8, SmallerMinGB=6, SmallestMinGB=0)
[2020.06.23-22.41.58:132][  0]LogInit: Going up to parent DeviceProfile []
[2020.06.23-22.41.58:132][  0]LogConfig: Applying CVar settings from Section [ViewDistanceQuality@3] File [B:/Documents/Strathclyde/Master's Thesis/USAR_Swarm/Prototype/Saved/Config/Windows/Scalability.ini]
[2020.06.23-22.41.58:132][  0]LogConfig: Setting CVar [[r.SkeletalMeshLODBias:0]]
[2020.06.23-22.41.58:132][  0]LogConfig: Setting CVar [[r.ViewDistanceScale:1.0]]
[2020.06.23-22.41.58:132][  0]LogConfig: Applying CVar settings from Section [AntiAliasingQuality@3] File [B:/Documents/Strathclyde/Master's Thesis/USAR_Swarm/Prototype/Saved/Config/Windows/Scalability.ini]
[2020.06.23-22.41.58:132][  0]LogConfig: Setting CVar [[r.PostProcessAAQuality:4]]
[2020.06.23-22.41.58:132][  0]LogConfig: Applying CVar settings from Section [ShadowQuality@3] File [B:/Documents/Strathclyde/Master's Thesis/USAR_Swarm/Prototype/Saved/Config/Windows/Scalability.ini]
[2020.06.23-22.41.58:132][  0]LogConfig: Setting CVar [[r.LightFunctionQuality:1]]
[2020.06.23-22.41.58:132][  0]LogConfig: Setting CVar [[r.ShadowQuality:5]]
[2020.06.23-22.41.58:132][  0]LogConfig: Setting CVar [[r.Shadow.CSM.MaxCascades:10]]
[2020.06.23-22.41.58:132][  0]LogConfig: Setting CVar [[r.Shadow.MaxResolution:2048]]
[2020.06.23-22.41.58:132][  0]LogConfig: Setting CVar [[r.Shadow.MaxCSMResolution:2048]]
[2020.06.23-22.41.58:132][  0]LogConfig: Setting CVar [[r.Shadow.RadiusThreshold:0.01]]
[2020.06.23-22.41.58:132][  0]LogConfig: Setting CVar [[r.Shadow.DistanceScale:1.0]]
[2020.06.23-22.41.58:132][  0]LogConfig: Setting CVar [[r.Shadow.CSM.TransitionScale:1.0]]
[2020.06.23-22.41.58:132][  0]LogConfig: Setting CVar [[r.Shadow.PreShadowResolutionFactor:1.0]]
[2020.06.23-22.41.58:132][  0]LogConfig: Setting CVar [[r.DistanceFieldShadowing:1]]
[2020.06.23-22.41.58:132][  0]LogConfig: Setting CVar [[r.DistanceFieldAO:1]]
[2020.06.23-22.41.58:132][  0]LogConfig: Setting CVar [[r.AOQuality:2]]
[2020.06.23-22.41.58:132][  0]LogConfig: Setting CVar [[r.VolumetricFog:1]]
[2020.06.23-22.41.58:132][  0]LogConfig: Setting CVar [[r.VolumetricFog.GridPixelSize:8]]
[2020.06.23-22.41.58:132][  0]LogConfig: Setting CVar [[r.VolumetricFog.GridSizeZ:128]]
[2020.06.23-22.41.58:132][  0]LogConfig: Setting CVar [[r.VolumetricFog.HistoryMissSupersampleCount:4]]
[2020.06.23-22.41.58:132][  0]LogConfig: Setting CVar [[r.LightMaxDrawDistanceScale:1]]
[2020.06.23-22.41.58:132][  0]LogConfig: Setting CVar [[r.CapsuleShadows:1]]
[2020.06.23-22.41.58:132][  0]LogConfig: Applying CVar settings from Section [PostProcessQuality@3] File [B:/Documents/Strathclyde/Master's Thesis/USAR_Swarm/Prototype/Saved/Config/Windows/Scalability.ini]
[2020.06.23-22.41.58:132][  0]LogConfig: Setting CVar [[r.MotionBlurQuality:4]]
[2020.06.23-22.41.58:132][  0]LogConfig: Setting CVar [[r.AmbientOcclusionMipLevelFactor:0.4]]
[2020.06.23-22.41.58:132][  0]LogConfig: Setting CVar [[r.AmbientOcclusionMaxQuality:100]]
[2020.06.23-22.41.58:132][  0]LogConfig: Setting CVar [[r.AmbientOcclusionLevels:-1]]
[2020.06.23-22.41.58:132][  0]LogConfig: Setting CVar [[r.AmbientOcclusionRadiusScale:1.0]]
[2020.06.23-22.41.58:132][  0]LogConfig: Setting CVar [[r.DepthOfFieldQuality:2]]
[2020.06.23-22.41.58:132][  0]LogConfig: Setting CVar [[r.RenderTargetPoolMin:400]]
[2020.06.23-22.41.58:132][  0]LogConfig: Setting CVar [[r.LensFlareQuality:2]]
[2020.06.23-22.41.58:132][  0]LogConfig: Setting CVar [[r.SceneColorFringeQuality:1]]
[2020.06.23-22.41.58:132][  0]LogConfig: Setting CVar [[r.EyeAdaptationQuality:2]]
[2020.06.23-22.41.58:132][  0]LogConfig: Setting CVar [[r.BloomQuality:5]]
[2020.06.23-22.41.58:132][  0]LogConfig: Setting CVar [[r.FastBlurThreshold:100]]
[2020.06.23-22.41.58:132][  0]LogConfig: Setting CVar [[r.Upscale.Quality:3]]
[2020.06.23-22.41.58:132][  0]LogConfig: Setting CVar [[r.Tonemapper.GrainQuantization:1]]
[2020.06.23-22.41.58:132][  0]LogConfig: Setting CVar [[r.LightShaftQuality:1]]
[2020.06.23-22.41.58:132][  0]LogConfig: Setting CVar [[r.Filter.SizeScale:1]]
[2020.06.23-22.41.58:132][  0]LogConfig: Setting CVar [[r.Tonemapper.Quality:5]]
[2020.06.23-22.41.58:132][  0]LogConfig: Setting CVar [[r.DOF.Gather.AccumulatorQuality:1        ; higher gathering accumulator quality]]
[2020.06.23-22.41.58:132][  0]LogConfig: Setting CVar [[r.DOF.Gather.PostfilterMethod:1          ; Median3x3 postfilering method]]
[2020.06.23-22.41.58:132][  0]LogConfig: Setting CVar [[r.DOF.Gather.EnableBokehSettings:0       ; no bokeh simulation when gathering]]
[2020.06.23-22.41.58:132][  0]LogConfig: Setting CVar [[r.DOF.Gather.RingCount:4                 ; medium number of samples when gathering]]
[2020.06.23-22.41.58:132][  0]LogConfig: Setting CVar [[r.DOF.Scatter.ForegroundCompositing:1    ; additive foreground scattering]]
[2020.06.23-22.41.58:132][  0]LogConfig: Setting CVar [[r.DOF.Scatter.BackgroundCompositing:2    ; additive background scattering]]
[2020.06.23-22.41.58:132][  0]LogConfig: Setting CVar [[r.DOF.Scatter.EnableBokehSettings:1      ; bokeh simulation when scattering]]
[2020.06.23-22.41.58:132][  0]LogConfig: Setting CVar [[r.DOF.Scatter.MaxSpriteRatio:0.1         ; only a maximum of 10% of scattered bokeh]]
[2020.06.23-22.41.58:132][  0]LogConfig: Setting CVar [[r.DOF.Recombine.Quality:1                ; cheap slight out of focus]]
[2020.06.23-22.41.58:132][  0]LogConfig: Setting CVar [[r.DOF.Recombine.EnableBokehSettings:0    ; no bokeh simulation on slight out of focus]]
[2020.06.23-22.41.58:132][  0]LogConfig: Setting CVar [[r.DOF.TemporalAAQuality:1                ; more stable temporal accumulation]]
[2020.06.23-22.41.58:132][  0]LogConfig: Setting CVar [[r.DOF.Kernel.MaxForegroundRadius:0.025]]
[2020.06.23-22.41.58:132][  0]LogConfig: Setting CVar [[r.DOF.Kernel.MaxBackgroundRadius:0.025]]
[2020.06.23-22.41.58:132][  0]LogConfig: Applying CVar settings from Section [TextureQuality@3] File [B:/Documents/Strathclyde/Master's Thesis/USAR_Swarm/Prototype/Saved/Config/Windows/Scalability.ini]
[2020.06.23-22.41.58:132][  0]LogConfig: Setting CVar [[r.Streaming.MipBias:0]]
[2020.06.23-22.41.58:132][  0]LogConfig: Setting CVar [[r.Streaming.AmortizeCPUToGPUCopy:0]]
[2020.06.23-22.41.58:132][  0]LogConfig: Setting CVar [[r.Streaming.MaxNumTexturesToStreamPerFrame:0]]
[2020.06.23-22.41.58:132][  0]LogConfig: Setting CVar [[r.Streaming.Boost:1]]
[2020.06.23-22.41.58:132][  0]LogConfig: Setting CVar [[r.MaxAnisotropy:8]]
[2020.06.23-22.41.58:132][  0]LogConfig: Setting CVar [[r.VT.MaxAnisotropy:8]]
[2020.06.23-22.41.58:132][  0]LogConfig: Setting CVar [[r.Streaming.LimitPoolSizeToVRAM:0]]
[2020.06.23-22.41.58:132][  0]LogConfig: Setting CVar [[r.Streaming.PoolSize:1000]]
[2020.06.23-22.41.58:132][  0]LogConfig: Setting CVar [[r.Streaming.MaxEffectiveScreenSize:0]]
[2020.06.23-22.41.58:132][  0]LogConfig: Applying CVar settings from Section [EffectsQuality@3] File [B:/Documents/Strathclyde/Master's Thesis/USAR_Swarm/Prototype/Saved/Config/Windows/Scalability.ini]
[2020.06.23-22.41.58:132][  0]LogConfig: Setting CVar [[r.TranslucencyLightingVolumeDim:64]]
[2020.06.23-22.41.58:132][  0]LogConfig: Setting CVar [[r.RefractionQuality:2]]
[2020.06.23-22.41.58:132][  0]LogConfig: Setting CVar [[r.SSR.Quality:3]]
[2020.06.23-22.41.58:132][  0]LogConfig: Setting CVar [[r.SSR.HalfResSceneColor:0]]
[2020.06.23-22.41.58:132][  0]LogConfig: Setting CVar [[r.SceneColorFormat:4]]
[2020.06.23-22.41.58:132][  0]LogConfig: Setting CVar [[r.DetailMode:2]]
[2020.06.23-22.41.58:132][  0]LogConfig: Setting CVar [[r.TranslucencyVolumeBlur:1]]
[2020.06.23-22.41.58:132][  0]LogConfig: Setting CVar [[r.MaterialQualityLevel:1 ; High quality]]
[2020.06.23-22.41.58:132][  0]LogConfig: Setting CVar [[r.SSS.Scale:1]]
[2020.06.23-22.41.58:132][  0]LogConfig: Setting CVar [[r.SSS.SampleSet:2]]
[2020.06.23-22.41.58:132][  0]LogConfig: Setting CVar [[r.SSS.Quality:1]]
[2020.06.23-22.41.58:132][  0]LogConfig: Setting CVar [[r.SSS.HalfRes:0]]
[2020.06.23-22.41.58:132][  0]LogConfig: Setting CVar [[r.SSGI.Quality:3]]
[2020.06.23-22.41.58:132][  0]LogConfig: Setting CVar [[r.EmitterSpawnRateScale:1.0]]
[2020.06.23-22.41.58:132][  0]LogConfig: Setting CVar [[r.ParticleLightQuality:2]]
[2020.06.23-22.41.58:132][  0]LogConfig: Setting CVar [[r.SkyAtmosphere.AerialPerspectiveLUT.FastApplyOnOpaque:1 ; Always have FastSkyLUT 1 in this case to avoid wrong sky]]
[2020.06.23-22.41.58:132][  0]LogConfig: Setting CVar [[r.SkyAtmosphere.AerialPerspectiveLUT.SampleCountPerSlice:1]]
[2020.06.23-22.41.58:132][  0]LogConfig: Setting CVar [[r.SkyAtmosphere.AerialPerspectiveLUT.DepthResolution:16.0]]
[2020.06.23-22.41.58:132][  0]LogConfig: Setting CVar [[r.SkyAtmosphere.FastSkyLUT:1]]
[2020.06.23-22.41.58:132][  0]LogConfig: Setting CVar [[r.SkyAtmosphere.FastSkyLUT.SampleCountMin:4.0]]
[2020.06.23-22.41.58:132][  0]LogConfig: Setting CVar [[r.SkyAtmosphere.FastSkyLUT.SampleCountMax:32.0]]
[2020.06.23-22.41.58:132][  0]LogConfig: Setting CVar [[r.SkyAtmosphere.SampleCountMin:4.0]]
[2020.06.23-22.41.58:132][  0]LogConfig: Setting CVar [[r.SkyAtmosphere.SampleCountMax:32.0]]
[2020.06.23-22.41.58:133][  0]LogConfig: Setting CVar [[r.SkyAtmosphere.TransmittanceLUT.UseSmallFormat:0]]
[2020.06.23-22.41.58:133][  0]LogConfig: Setting CVar [[r.SkyAtmosphere.TransmittanceLUT.SampleCount:10.0]]
[2020.06.23-22.41.58:133][  0]LogConfig: Setting CVar [[r.SkyAtmosphere.MultiScatteringLUT.SampleCount:15.0]]
[2020.06.23-22.41.58:133][  0]LogConfig: Applying CVar settings from Section [FoliageQuality@3] File [B:/Documents/Strathclyde/Master's Thesis/USAR_Swarm/Prototype/Saved/Config/Windows/Scalability.ini]
[2020.06.23-22.41.58:133][  0]LogConfig: Setting CVar [[foliage.DensityScale:1.0]]
[2020.06.23-22.41.58:133][  0]LogConfig: Setting CVar [[grass.DensityScale:1.0]]
[2020.06.23-22.41.58:133][  0]LogConfig: Applying CVar settings from Section [ShadingQuality@3] File [B:/Documents/Strathclyde/Master's Thesis/USAR_Swarm/Prototype/Saved/Config/Windows/Scalability.ini]
[2020.06.23-22.41.58:133][  0]LogConfig: Setting CVar [[r.HairStrands.SkyLighting.SampleCount:16]]
[2020.06.23-22.41.58:133][  0]LogConfig: Setting CVar [[r.HairStrands.SkyLighting.JitterIntegration:0]]
[2020.06.23-22.41.58:133][  0]LogConfig: Setting CVar [[r.HairStrands.SkyAO.SampleCount:16]]
[2020.06.23-22.41.58:133][  0]LogConfig: Setting CVar [[r.HairStrands.DeepShadow.SuperSampling:0]]
[2020.06.23-22.41.58:133][  0]LogConfig: Setting CVar [[r.HairStrands.VisibilityPPLL:0]]
[2020.06.23-22.41.58:133][  0]LogConfig: Setting CVar [[r.HairStrands.RasterizationScale:0.5]]
[2020.06.23-22.41.58:133][  0]LogConfig: Setting CVar [[r.HairStrands.VelocityRasterizationScale:1]]
[2020.06.23-22.41.58:133][  0]LogConfig: Applying CVar settings from Section [Startup] File [../../../Engine/Config/ConsoleVariables.ini]
[2020.06.23-22.41.58:133][  0]LogConfig: Setting CVar [[net.UseAdaptiveNetUpdateFrequency:0]]
[2020.06.23-22.41.58:133][  0]LogConfig: Setting CVar [[p.chaos.AllowCreatePhysxBodies:1]]
[2020.06.23-22.41.58:133][  0]LogConfig: Setting CVar [[fx.SkipVectorVMBackendOptimizations:1]]
[2020.06.23-22.41.58:133][  0]LogConfig: Applying CVar settings from Section [ConsoleVariables] File [B:/Documents/Strathclyde/Master's Thesis/USAR_Swarm/Prototype/Saved/Config/Windows/Engine.ini]
[2020.06.23-22.41.58:133][  0]LogInit: Computer: DESKTOP-LU8PQB6
[2020.06.23-22.41.58:133][  0]LogInit: User: swnex
[2020.06.23-22.41.58:133][  0]LogInit: CPU Page size=4096, Cores=4
[2020.06.23-22.41.58:133][  0]LogInit: High frequency timer resolution =10.000000 MHz
[2020.06.23-22.41.58:133][  0]LogMemory: Memory total: Physical=15.5GB (16GB approx)
[2020.06.23-22.41.58:133][  0]LogMemory: Platform Memory Stats for Windows
[2020.06.23-22.41.58:133][  0]LogMemory: Process Physical Memory: 115.42 MB used, 115.43 MB peak
[2020.06.23-22.41.58:133][  0]LogMemory: Process Virtual Memory: 99.40 MB used, 99.40 MB peak
[2020.06.23-22.41.58:133][  0]LogMemory: Physical Memory: 7926.95 MB used,  7909.91 MB free, 15836.86 MB total
[2020.06.23-22.41.58:133][  0]LogMemory: Virtual Memory: 5110.21 MB used,  134212616.00 MB free, 134217728.00 MB total
[2020.06.23-22.41.58:141][  0]LogWindows: WindowsPlatformFeatures enabled
[2020.06.23-22.41.58:174][  0]LogInit: Physics initialised using underlying interface: PhysX
[2020.06.23-22.41.58:175][  0]LogInit: Using OS detected language (en-US).
[2020.06.23-22.41.58:175][  0]LogInit: Using OS detected locale (en-US).
[2020.06.23-22.41.58:178][  0]LogTextLocalizationManager: No specific localization for 'en-US' exists, so the 'en' localization will be used.
[2020.06.23-22.41.58:381][  0]LogInit: Setting process to per monitor DPI aware
[2020.06.23-22.41.58:417][  0]LogSlate: New Slate User Created.  User Index 0, Is Virtual User: 0
[2020.06.23-22.41.58:417][  0]LogSlate: Slate User Registered.  User Index 0, Is Virtual User: 0
[2020.06.23-22.41.58:596][  0]LogHMD: Failed to initialize OpenVR with code 110
[2020.06.23-22.41.58:596][  0]LogD3D11RHI: D3D11 min allowed feature level: 11_0
[2020.06.23-22.41.58:596][  0]LogD3D11RHI: D3D11 max allowed feature level: 11_0
[2020.06.23-22.41.58:596][  0]LogD3D11RHI: D3D11 adapters:
[2020.06.23-22.41.58:670][  0]LogD3D11RHI:    0. 'NVIDIA GeForce GTX 970' (Feature Level 11_0)
[2020.06.23-22.41.58:670][  0]LogD3D11RHI:       4043/0/7918 MB DedicatedVideo/DedicatedSystem/SharedSystem, Outputs:2, VendorId:0x10de
[2020.06.23-22.41.58:672][  0]LogD3D11RHI:    1. 'Microsoft Basic Render Driver' (Feature Level 11_0)
[2020.06.23-22.41.58:672][  0]LogD3D11RHI:       0/0/7918 MB DedicatedVideo/DedicatedSystem/SharedSystem, Outputs:0, VendorId:0x1414
[2020.06.23-22.41.58:672][  0]LogD3D11RHI: Chosen D3D11 Adapter: 0
[2020.06.23-22.41.58:679][  0]LogD3D11RHI: Creating new Direct3DDevice
[2020.06.23-22.41.58:679][  0]LogD3D11RHI:     GPU DeviceId: 0x13c2 (for the marketing name, search the web for "GPU Device Id")
[2020.06.23-22.41.58:679][  0]LogWindows: EnumDisplayDevices:
[2020.06.23-22.41.58:680][  0]LogWindows:    0. 'NVIDIA GeForce GTX 970' (P:0 D:1)
[2020.06.23-22.41.58:680][  0]LogWindows:    1. 'NVIDIA GeForce GTX 970' (P:1 D:1)
[2020.06.23-22.41.58:681][  0]LogWindows:    2. 'NVIDIA GeForce GTX 970' (P:0 D:0)
[2020.06.23-22.41.58:681][  0]LogWindows:    3. 'NVIDIA GeForce GTX 970' (P:0 D:0)
[2020.06.23-22.41.58:682][  0]LogWindows: DebugString: FoundDriverCount:4 
[2020.06.23-22.41.58:682][  0]LogD3D11RHI:     Adapter Name: NVIDIA GeForce GTX 970
[2020.06.23-22.41.58:682][  0]LogD3D11RHI:   Driver Version: 445.87 (internal:26.21.14.4587, unified:445.87)
[2020.06.23-22.41.58:682][  0]LogD3D11RHI:      Driver Date: 4-3-2020
[2020.06.23-22.41.58:682][  0]LogRHI: Texture pool is 2830 MB (70% of 4043 MB)
[2020.06.23-22.41.58:723][  0]LogD3D11RHI: RHI has support for 64 bit atomics
[2020.06.23-22.41.58:726][  0]LogD3D11RHI: [Aftermath] Enabled and primed
[2020.06.23-22.41.58:726][  0]LogD3D11RHI: Async texture creation enabled
[2020.06.23-22.41.58:726][  0]LogD3D11RHI: Array index from any shader is supported
[2020.06.23-22.41.58:746][  0]LogD3D11RHI: GPU Timing Frequency: 1000.000000 (Debug: 2 1)
[2020.06.23-22.41.59:295][  0]LogTargetPlatformManager: Display: Loaded TargetPlatform 'AllDesktop'
[2020.06.23-22.41.59:316][  0]LogTargetPlatformManager: Display: Loaded TargetPlatform 'Android'
[2020.06.23-22.41.59:316][  0]LogTargetPlatformManager: Display: Loaded TargetPlatform 'Android_ASTC'
[2020.06.23-22.41.59:316][  0]LogTargetPlatformManager: Display: Loaded TargetPlatform 'Android_DXT'
[2020.06.23-22.41.59:316][  0]LogTargetPlatformManager: Display: Loaded TargetPlatform 'Android_ETC2'
[2020.06.23-22.41.59:316][  0]LogTargetPlatformManager: Display: Loaded TargetPlatform 'AndroidClient'
[2020.06.23-22.41.59:316][  0]LogTargetPlatformManager: Display: Loaded TargetPlatform 'Android_ASTCClient'
[2020.06.23-22.41.59:316][  0]LogTargetPlatformManager: Display: Loaded TargetPlatform 'Android_DXTClient'
[2020.06.23-22.41.59:316][  0]LogTargetPlatformManager: Display: Loaded TargetPlatform 'Android_ETC2Client'
[2020.06.23-22.41.59:316][  0]LogTargetPlatformManager: Display: Loaded TargetPlatform 'Android_Multi'
[2020.06.23-22.41.59:316][  0]LogTargetPlatformManager: Display: Loaded TargetPlatform 'Android_MultiClient'
[2020.06.23-22.41.59:338][  0]LogTargetPlatformManager: Display: Loaded TargetPlatform 'IOSClient'
[2020.06.23-22.41.59:338][  0]LogTargetPlatformManager: Display: Loaded TargetPlatform 'IOS'
[2020.06.23-22.41.59:347][  0]LogTargetPlatformManager: Display: Loaded TargetPlatform 'Linux'
[2020.06.23-22.41.59:356][  0]LogTargetPlatformManager: Display: Loaded TargetPlatform 'LinuxNoEditor'
[2020.06.23-22.41.59:365][  0]LogTargetPlatformManager: Display: Loaded TargetPlatform 'LinuxClient'
[2020.06.23-22.41.59:373][  0]LogTargetPlatformManager: Display: Loaded TargetPlatform 'LinuxServer'
[2020.06.23-22.41.59:381][  0]LogTargetPlatformManager: Display: Loaded TargetPlatform 'LinuxAArch64NoEditor'
[2020.06.23-22.41.59:389][  0]LogTargetPlatformManager: Display: Loaded TargetPlatform 'LinuxAArch64Client'
[2020.06.23-22.41.59:398][  0]LogTargetPlatformManager: Display: Loaded TargetPlatform 'LinuxAArch64Server'
[2020.06.23-22.41.59:422][  0]LogTargetPlatformManager: Display: Loaded TargetPlatform 'Lumin'
[2020.06.23-22.41.59:422][  0]LogTargetPlatformManager: Display: Loaded TargetPlatform 'LuminClient'
[2020.06.23-22.41.59:436][  0]LogTargetPlatformManager: Display: Loaded TargetPlatform 'TVOSClient'
[2020.06.23-22.41.59:436][  0]LogTargetPlatformManager: Display: Loaded TargetPlatform 'TVOS'
[2020.06.23-22.41.59:445][  0]LogTargetPlatformManager: Display: Loaded TargetPlatform 'WindowsNoEditor'
[2020.06.23-22.41.59:454][  0]LogTargetPlatformManager: Display: Loaded TargetPlatform 'Windows'
[2020.06.23-22.41.59:462][  0]LogTargetPlatformManager: Display: Loaded TargetPlatform 'WindowsClient'
[2020.06.23-22.41.59:470][  0]LogTargetPlatformManager: Display: Loaded TargetPlatform 'WindowsServer'
[2020.06.23-22.41.59:470][  0]LogTargetPlatformManager: Display: Building Assets For Windows
[2020.06.23-22.41.59:478][  0]LogAudioDebug: Display: Lib vorbis DLL was dynamically loaded.
[2020.06.23-22.41.59:532][  0]LogShaderCompilers: Guid format shader working directory is -30 characters bigger than the processId version (../../../../../../Documents/Strathclyde/Master's Thesis/USAR_Swarm/Prototype/Intermediate/Shaders/WorkingDirectory/1764/).
[2020.06.23-22.41.59:532][  0]LogShaderCompilers: Cleaned the shader compiler working directory 'C:/Users/swnex/AppData/Local/Temp/UnrealShaderWorkingDir/9C8608D145743B170B67E3A6F4010EF0/'.
[2020.06.23-22.41.59:532][  0]LogXGEController: Cleaning working directory: C:/Users/swnex/AppData/Local/Temp/UnrealXGEWorkingDir/
[2020.06.23-22.41.59:533][  0]LogXGEController: Cannot use XGE Controller as Incredibuild is not installed on this machine.
[2020.06.23-22.41.59:533][  0]LogShaderCompilers: Cannot use XGE Shader Compiler as Incredibuild is not installed on this machine.
[2020.06.23-22.41.59:533][  0]LogShaderCompilers: Display: Using Local Shader Compiler.
[2020.06.23-22.42.00:282][  0]LogDerivedDataCache: Display: Max Cache Size: 512 MB
[2020.06.23-22.42.00:348][  0]LogDerivedDataCache: Loaded boot cache 0.07s 76MB C:/Users/swnex/AppData/Local/UnrealEngine/4.25/DerivedDataCache/Boot.ddc.
[2020.06.23-22.42.00:348][  0]LogDerivedDataCache: Display: Loaded Boot cache: C:/Users/swnex/AppData/Local/UnrealEngine/4.25/DerivedDataCache/Boot.ddc
[2020.06.23-22.42.00:349][  0]LogDerivedDataCache: FDerivedDataBackendGraph:  Pak pak cache file ../../../../../../Documents/Strathclyde/Master's Thesis/USAR_Swarm/Prototype/DerivedDataCache/DDC.ddp not found, will not use a pak cache.
[2020.06.23-22.42.00:349][  0]LogDerivedDataCache: Unable to find inner node Pak for hierarchical cache Hierarchy.
[2020.06.23-22.42.00:349][  0]LogDerivedDataCache: FDerivedDataBackendGraph:  CompressedPak pak cache file ../../../../../../Documents/Strathclyde/Master's Thesis/USAR_Swarm/Prototype/DerivedDataCache/Compressed.ddp not found, will not use a pak cache.
[2020.06.23-22.42.00:349][  0]LogDerivedDataCache: Unable to find inner node CompressedPak for hierarchical cache Hierarchy.
[2020.06.23-22.42.00:358][  0]LogDerivedDataCache: Display: Pak cache opened for reading ../../../Engine/DerivedDataCache/Compressed.ddp.
[2020.06.23-22.42.00:359][  0]LogDerivedDataCache: FDerivedDataBackendGraph:  EnterprisePak pak cache file ../../../Enterprise/DerivedDataCache/Compressed.ddp not found, will not use a pak cache.
[2020.06.23-22.42.00:359][  0]LogDerivedDataCache: Unable to find inner node EnterprisePak for hierarchical cache Hierarchy.
[2020.06.23-22.42.00:360][  0]LogDerivedDataCache: Using Local data cache path C:/Users/swnex/AppData/Local/UnrealEngine/Common/DerivedDataCache: Writable
[2020.06.23-22.42.00:360][  0]LogDerivedDataCache: Shared data cache path not found in *engine.ini, will not use an Shared cache.
[2020.06.23-22.42.00:360][  0]LogDerivedDataCache: Unable to find inner node Shared for hierarchical cache Hierarchy.
[2020.06.23-22.42.00:407][  0]LogSlate: Using FreeType 2.10.0
[2020.06.23-22.42.00:408][  0]LogSlate: SlateFontServices - WITH_FREETYPE: 1, WITH_HARFBUZZ: 1
[2020.06.23-22.42.00:437][  0]LogAssetRegistry: FAssetRegistry took 0.0024 seconds to start up
[2020.06.23-22.42.00:650][  0]LogInit: Selected Device Profile: [Windows]
[2020.06.23-22.42.00:759][  0]LogMeshReduction: Using QuadricMeshReduction for automatic static mesh reduction
[2020.06.23-22.42.00:759][  0]LogMeshReduction: Using SimplygonMeshReduction for automatic skeletal mesh reduction
[2020.06.23-22.42.00:759][  0]LogMeshReduction: Using ProxyLODMeshReduction for automatic mesh merging
[2020.06.23-22.42.00:759][  0]LogMeshReduction: No distributed automatic mesh merging module available
[2020.06.23-22.42.00:759][  0]LogMeshMerging: No distributed automatic mesh merging module available
[2020.06.23-22.42.00:778][  0]LogNetVersion: Prototype 1.0.0, NetCL: 13144385, EngineNetVer: 14, GameNetVer: 0 (Checksum: 604875939)
[2020.06.23-22.42.01:229][  0]LogAISub: UAISubsystem::UAISubsystem AISubsystem (0000022547F27880), frame # 0
[2020.06.23-22.42.01:229][  0]LogAISub: UAISubsystem::UAISubsystem AIPerceptionSystem (0000022547F41080), frame # 0
[2020.06.23-22.42.01:230][  0]LogAISub: UAISubsystem::UAISubsystem EnvQueryManager (0000022547FA0A00), frame # 0
[2020.06.23-22.42.01:288][  0]LogPackageLocalizationCache: Processed 20 localized package path(s) for 1 prioritized culture(s) in 0.052442 seconds
[2020.06.23-22.42.01:293][  0]LogUObjectArray: 15917 objects as part of root set at end of initial load.
[2020.06.23-22.42.01:293][  0]LogUObjectAllocator: 3965568 out of 0 bytes used by permanent object pool.
[2020.06.23-22.42.01:293][  0]LogUObjectArray: CloseDisregardForGC: 0/0 objects in disregard for GC pool
[2020.06.23-22.42.01:602][  0]LogTcpMessaging: Initializing TcpMessaging bridge
[2020.06.23-22.42.01:606][  0]LogUdpMessaging: Initializing bridge on interface 0.0.0.0:0 to multicast group 230.0.0.1:6666.
[2020.06.23-22.42.01:693][  0]SourceControl: Source control is disabled
[2020.06.23-22.42.01:693][  0]SourceControl: Source control is disabled
[2020.06.23-22.42.01:696][  0]SourceControl: Source control is disabled
[2020.06.23-22.42.01:699][  0]SourceControl: Source control is disabled
[2020.06.23-22.42.01:706][  0]SourceControl: Source control is disabled
[2020.06.23-22.42.01:922][  0]LogAndroidPermission: UAndroidPermissionCallbackProxy::GetInstance
[2020.06.23-22.42.01:940][  0]LogAudioCaptureCore: Display: No Audio Capture implementations found. Audio input will be silent.
[2020.06.23-22.42.01:940][  0]LogAudioCaptureCore: Display: No Audio Capture implementations found. Audio input will be silent.
[2020.06.23-22.42.01:988][  0]LogOcInput: OculusInput pre-init called
[2020.06.23-22.42.01:997][  0]LogWindows: Failed to load 'OVRPlugin.dll' (GetLastError=126)
[2020.06.23-22.42.01:998][  0]LogWindows: File 'OVRPlugin.dll' does not exist
[2020.06.23-22.42.02:052][  0]LogClass: Warning: FDoNNavigationQueryData::Origin is not initialized properly
[2020.06.23-22.42.02:052][  0]LogClass: Warning: FDoNNavigationQueryData::Destination is not initialized properly
[2020.06.23-22.42.02:052][  0]LogClass: Display: 2 Uninitialized script stuct members found
[2020.06.23-22.42.02:052][  0]LogAutomationTest: Warning: FDoNNavigationQueryData::Origin is not initialized properly
[2020.06.23-22.42.02:052][  0]LogAutomationTest: Warning: FDoNNavigationQueryData::Destination is not initialized properly
[2020.06.23-22.42.02:053][  0]LogEngine: Initializing Engine...
[2020.06.23-22.42.02:054][  0]LogHMD: Failed to initialize OpenVR with code 110
[2020.06.23-22.42.02:054][  0]LogMagicLeap: Warning: VR disabled because ZI is not enabled.  To enable, in the editor, Edit -> Project Settings -> Plugins -> Magic Leap Plugin -> Enable Zero Iteration
[2020.06.23-22.42.02:055][  0]LogStats: UGameplayTagsManager::InitializeManager -  0.000 s
[2020.06.23-22.42.02:173][  0]LogInit: Initializing FReadOnlyCVARCache
[2020.06.23-22.42.02:180][  0]LogAIModule: Creating AISystem for world Untitled
[2020.06.23-22.42.02:180][  0]LogAISub: UAISubsystem::UAISubsystem EnvQueryManager (000002254E3ABC00), frame # 0
[2020.06.23-22.42.02:180][  0]LogAISub: UAISubsystem::UAISubsystem AIPerceptionSystem (000002254E3A7B00), frame # 0
[2020.06.23-22.42.02:201][  0]LogAudioMixer: Display: Audio Mixer Platform Settings:
[2020.06.23-22.42.02:201][  0]LogAudioMixer: Display: 	Sample Rate:						  48000
[2020.06.23-22.42.02:201][  0]LogAudioMixer: Display: 	Callback Buffer Frame Size Requested: 1024
[2020.06.23-22.42.02:201][  0]LogAudioMixer: Display: 	Callback Buffer Frame Size To Use:	  1024
[2020.06.23-22.42.02:201][  0]LogAudioMixer: Display: 	Number of buffers to queue:			  2
[2020.06.23-22.42.02:201][  0]LogAudioMixer: Display: 	Max Channels (voices):				  32
[2020.06.23-22.42.02:201][  0]LogAudioMixer: Display: 	Number of Async Source Workers:		  0
[2020.06.23-22.42.02:201][  0]LogAudio: Display: AudioDevice MaxSources: 32
[2020.06.23-22.42.02:201][  0]LogAudio: Display: Using built-in audio occlusion.
[2020.06.23-22.42.02:201][  0]LogAudioMixer: Display: Initializing audio mixer.
[2020.06.23-22.42.02:221][  0]LogAudioMixer: Display: 0: FrontLeft
[2020.06.23-22.42.02:221][  0]LogAudioMixer: Display: 1: FrontRight
[2020.06.23-22.42.02:265][  0]LogAudioMixer: Display: Using Audio Device Speakers (VB-Audio VoiceMeeter VAIO)
[2020.06.23-22.42.02:270][  0]LogAudioMixer: Display: Initializing Sound Submixes...
[2020.06.23-22.42.02:272][  0]LogAudioMixer: Display: Creating Master Submix 'MasterSubmixDefault'
[2020.06.23-22.42.02:272][  0]LogAudioMixer: Display: Creating Master Submix 'MasterReverbSubmixDefault'
[2020.06.23-22.42.02:273][  0]LogAudioMixer: Display: Creating Master Submix 'MasterEQSubmixDefault'
[2020.06.23-22.42.02:274][  0]LogInit: FAudioDevice initialized.
[2020.06.23-22.42.02:274][  0]LogNetVersion: Set ProjectVersion to 1.0.0.0. Version Checksum will be recalculated on next use.
[2020.06.23-22.42.02:350][  0]LogDerivedDataCache: Saved boot cache 0.08s 76MB C:/Users/swnex/AppData/Local/UnrealEngine/4.25/DerivedDataCache/Boot.ddc.
[2020.06.23-22.42.02:352][  0]LogInit: Texture streaming: Enabled
[2020.06.23-22.42.02:370][  0]LogEngineSessionManager: EngineSessionManager initialized
[2020.06.23-22.42.02:370][  0]LogEngineSessionManager: EngineSessionManager sent abnormal shutdown report. Type=Crashed, SessionId={116AC4FB-40EA-7F72-D215-66A375E91229}
[2020.06.23-22.42.02:370][  0]LogEditorSessionSummary: Verbose: Initializing EditorSessionSummaryWriter for editor session tracking
[2020.06.23-22.42.02:375][  0]LogEditorSessionSummary: EditorSessionSummaryWriter initialized
[2020.06.23-22.42.02:415][  0]LogInit: Transaction tracking system initialized
[2020.06.23-22.42.02:435][  0]BlueprintLog: New page: Editor Load
[2020.06.23-22.42.02:498][  0]LocalizationService: Localization service is disabled
[2020.06.23-22.42.02:631][  0]LogCook: Display: Max memory allowance for cook 16384mb min free memory 0mb
[2020.06.23-22.42.02:631][  0]LogCook: Display: Mobile HDR setting 1
[2020.06.23-22.42.02:748][  0]LogFileCache: Scanning file cache for directory 'B:/Documents/Strathclyde/Master's Thesis/USAR_Swarm/Prototype/Content/' took 0.00s
[2020.06.23-22.42.02:985][  0]SourceControl: Source control is disabled
[2020.06.23-22.42.02:985][  0]LogUnrealEdMisc: Loading editor; pre map load, took 8.677
[2020.06.23-22.42.02:985][  0]Cmd: MAP LOAD FILE="../../../../../../Documents/Strathclyde/Master's Thesis/USAR_Swarm/Prototype/Content/TopDownCPP/Maps/TopDownExampleMap.umap" TEMPLATE=0 SHOWPROGRESS=1 FEATURELEVEL=3
[2020.06.23-22.42.02:986][  0]LightingResults: New page: Lighting Build
[2020.06.23-22.42.02:986][  0]LogWorld: UWorld::CleanupWorld for Untitled, bSessionEnded=true, bCleanupResources=true
[2020.06.23-22.42.02:986][  0]LogSlate: InvalidateAllWidgets triggered.  All widgets were invalidated
[2020.06.23-22.42.02:986][  0]MapCheck: New page: Map Check
[2020.06.23-22.42.02:986][  0]LightingResults: New page: Lighting Build
[2020.06.23-22.42.02:994][  0]LogAISub: UAISubsystem::~UAISubsystem EnvQueryManager (000002254E3ABC00), frame # 0
[2020.06.23-22.42.02:994][  0]LogAISub: UAISubsystem::~UAISubsystem AIPerceptionSystem (000002254E3A7B00), frame # 0
[2020.06.23-22.42.02:995][  0]LogUObjectHash: Compacting FUObjectHashTables data took   0.65ms
[2020.06.23-22.42.03:068][  0]LogOutputDevice: Warning: 

Script Stack (0 frames):

[2020.06.23-22.42.03:596][  0]LogStats: FPlatformStackWalk::StackWalkAndDump -  0.528 s
[2020.06.23-22.42.03:597][  0]LogOutputDevice: Error: === Handled ensure: ===
[2020.06.23-22.42.03:597][  0]LogOutputDevice: Error: 
[2020.06.23-22.42.03:597][  0]LogOutputDevice: Error: Ensure condition failed: InParent == nullptr || !InParent->IsAttachedTo(this) [File:D:/Build/++UE4+Licensee/Sync/Engine/Source/Runtime/Engine/Private/Components/SceneComponent.cpp] [Line: 1740]
[2020.06.23-22.42.03:597][  0]LogOutputDevice: Error: Setting up attachment would create a cycle.
[2020.06.23-22.42.03:597][  0]LogOutputDevice: Error: Stack: 
[2020.06.23-22.42.03:597][  0]LogOutputDevice: Error: [Callstack] 0x00007ffeefb56df9 UE4Editor-Engine.dll!UnknownFunction []
[2020.06.23-22.42.03:597][  0]LogOutputDevice: Error: [Callstack] 0x00007ffeee73961d UE4Editor-Engine.dll!UnknownFunction []
[2020.06.23-22.42.03:597][  0]LogOutputDevice: Error: [Callstack] 0x00007ffeee2d8100 UE4Editor-Engine.dll!UnknownFunction []
[2020.06.23-22.42.03:597][  0]LogOutputDevice: Error: [Callstack] 0x00007ffeff18c1af UE4Editor-CoreUObject.dll!UnknownFunction []
[2020.06.23-22.42.03:597][  0]LogOutputDevice: Error: [Callstack] 0x00007ffeff25ddec UE4Editor-CoreUObject.dll!UnknownFunction []
[2020.06.23-22.42.03:597][  0]LogOutputDevice: Error: [Callstack] 0x00007ffeff248047 UE4Editor-CoreUObject.dll!UnknownFunction []
[2020.06.23-22.42.03:597][  0]LogOutputDevice: Error: [Callstack] 0x00007ffeff26d4a0 UE4Editor-CoreUObject.dll!UnknownFunction []
[2020.06.23-22.42.03:597][  0]LogOutputDevice: Error: [Callstack] 0x00007ffeff26c420 UE4Editor-CoreUObject.dll!UnknownFunction []
[2020.06.23-22.42.03:597][  0]LogOutputDevice: Error: [Callstack] 0x00007ffeec2f676e UE4Editor-UnrealEd.dll!UnknownFunction []
[2020.06.23-22.42.03:597][  0]LogOutputDevice: Error: [Callstack] 0x00007ffeec2e5b3f UE4Editor-UnrealEd.dll!UnknownFunction []
[2020.06.23-22.42.03:597][  0]LogOutputDevice: Error: [Callstack] 0x00007ffeec2cdda1 UE4Editor-UnrealEd.dll!UnknownFunction []
[2020.06.23-22.42.03:597][  0]LogOutputDevice: Error: [Callstack] 0x00007ffeecb06977 UE4Editor-UnrealEd.dll!UnknownFunction []
[2020.06.23-22.42.03:597][  0]LogOutputDevice: Error: [Callstack] 0x00007ffeec641002 UE4Editor-UnrealEd.dll!UnknownFunction []
[2020.06.23-22.42.03:597][  0]LogOutputDevice: Error: [Callstack] 0x00007ffeec640e04 UE4Editor-UnrealEd.dll!UnknownFunction []
[2020.06.23-22.42.03:597][  0]LogOutputDevice: Error: [Callstack] 0x00007ffeecb41266 UE4Editor-UnrealEd.dll!UnknownFunction []
[2020.06.23-22.42.03:597][  0]LogOutputDevice: Error: [Callstack] 0x00007ffeecb02a13 UE4Editor-UnrealEd.dll!UnknownFunction []
[2020.06.23-22.42.03:597][  0]LogOutputDevice: Error: [Callstack] 0x00007ff7c701b8fb UE4Editor.exe!UnknownFunction []
[2020.06.23-22.42.03:597][  0]LogOutputDevice: Error: [Callstack] 0x00007ff7c701bb5a UE4Editor.exe!UnknownFunction []
[2020.06.23-22.42.03:597][  0]LogOutputDevice: Error: [Callstack] 0x00007ff7c702e31d UE4Editor.exe!UnknownFunction []
[2020.06.23-22.42.03:597][  0]LogOutputDevice: Error: [Callstack] 0x00007ff7c703145a UE4Editor.exe!UnknownFunction []
[2020.06.23-22.42.03:597][  0]LogOutputDevice: Error: [Callstack] 0x00007fff343f7bd4 KERNEL32.DLL!UnknownFunction []
[2020.06.23-22.42.03:597][  0]LogOutputDevice: Error: [Callstack] 0x00007fff34ccce51 ntdll.dll!UnknownFunction []
[2020.06.23-22.42.03:597][  0]LogOutputDevice: Error: 
[2020.06.23-22.42.03:845][  0]LogStats:                SubmitErrorReport -  0.000 s
[2020.06.23-22.42.06:215][  0]LogStats:                    SendNewReport -  2.370 s
[2020.06.23-22.42.06:216][  0]LogStats:             FDebug::EnsureFailed -  3.147 s
[2020.06.23-22.42.06:221][  0]LogAIModule: Creating AISystem for world TopDownExampleMap
[2020.06.23-22.42.06:221][  0]LogAISub: UAISubsystem::UAISubsystem EnvQueryManager (0000022540604600), frame # 0
[2020.06.23-22.42.06:221][  0]LogAISub: UAISubsystem::UAISubsystem AIPerceptionSystem (00000225411F1300), frame # 0
[2020.06.23-22.42.06:229][  0]LogLevel: Warning: Found loop in attachment hierarchy: BoidsAgentBP_2 -> BoidsAgentBP_2
[2020.06.23-22.42.06:233][  0]PIE: Warning: AttachTo: '/Game/TopDownCPP/Maps/TopDownExampleMap.TopDownExampleMap:PersistentLevel.BoidsAgentBP_2.MeshComponent' root component cannot be attached to other components in the same actor. Aborting.
[2020.06.23-22.42.06:234][  0]LogEditorServer: Finished looking for orphan Actors (0.000 secs)
[2020.06.23-22.42.06:246][  0]LogUObjectHash: Compacting FUObjectHashTables data took   0.80ms
[2020.06.23-22.42.06:246][  0]Cmd: MAP CHECKDEP NOCLEARLOG
[2020.06.23-22.42.06:247][  0]MapCheck: Map check complete: 0 Error(s), 0 Warning(s), took 0.09ms to complete.
[2020.06.23-22.42.06:247][  0]LogFileHelpers: Loading map 'TopDownExampleMap' took 3.261
[2020.06.23-22.42.06:249][  0]LogUnrealEdMisc: Total Editor Startup Time, took 11.940
[2020.06.23-22.42.06:375][  0]LogSlate: Updating window title bar state: overlay mode, drag disabled, window buttons hidden, title bar hidden
[2020.06.23-22.42.06:386][  0]LogSlate: Updating window title bar state: overlay mode, drag disabled, window buttons hidden, title bar hidden
[2020.06.23-22.42.06:395][  0]LogSlate: Updating window title bar state: overlay mode, drag disabled, window buttons hidden, title bar hidden
[2020.06.23-22.42.06:402][  0]LogSlate: Updating window title bar state: overlay mode, drag disabled, window buttons hidden, title bar hidden
[2020.06.23-22.42.06:410][  0]LogCollectionManager: Loaded 0 collections in 0.001112 seconds
[2020.06.23-22.42.06:424][  0]LogFileCache: Scanning file cache for directory 'B:/Documents/Strathclyde/Master's Thesis/USAR_Swarm/Prototype/Saved/Collections/' took 0.00s
[2020.06.23-22.42.06:424][  0]LogFileCache: Scanning file cache for directory 'B:/Documents/Strathclyde/Master's Thesis/USAR_Swarm/Prototype/Content/Developers/swnex/Collections/' took 0.00s
[2020.06.23-22.42.06:424][  0]LogFileCache: Scanning file cache for directory 'B:/Documents/Strathclyde/Master's Thesis/USAR_Swarm/Prototype/Content/Collections/' took 0.00s
[2020.06.23-22.42.06:424][  0]LogContentBrowser: Native class hierarchy populated in 0.0088 seconds. Added 3442 classes and 830 folders.
[2020.06.23-22.42.06:426][  0]LogContentBrowser: Native class hierarchy updated for 'WidgetCarousel' in 0.0004 seconds. Added 0 classes and 0 folders.
[2020.06.23-22.42.06:503][  0]LogContentBrowser: Native class hierarchy updated for 'AddContentDialog' in 0.0005 seconds. Added 0 classes and 0 folders.
[2020.06.23-22.42.06:504][  0]LogContentBrowser: Native class hierarchy updated for 'SceneOutliner' in 0.0004 seconds. Added 2 classes and 0 folders.
[2020.06.23-22.42.06:531][  0]LogSlate: Took 0.000234 seconds to synchronously load lazily loaded font '../../../Engine/Content/Slate/Fonts/Roboto-Regular.ttf' (155K)
[2020.06.23-22.42.06:533][  0]LogSlate: Took 0.000192 seconds to synchronously load lazily loaded font '../../../Engine/Content/Slate/Fonts/Roboto-Bold.ttf' (160K)
[2020.06.23-22.42.06:610][  0]LogRenderer: Reallocating scene render targets to support 1208x572 Format 10 NumSamples 1 (Frame:1).
[2020.06.23-22.42.06:658][  0]LogSlate: Took 0.000209 seconds to synchronously load lazily loaded font '../../../Engine/Content/Slate/Fonts/DroidSansMono.ttf' (77K)
[2020.06.23-22.42.06:734][  0]LogContentBrowser: Native class hierarchy updated for 'HierarchicalLODOutliner' in 0.0004 seconds. Added 0 classes and 0 folders.
[2020.06.23-22.42.06:734][  0]LogLoad: (Engine Initialization) Total time: 12.43 seconds
[2020.06.23-22.42.06:734][  0]LogLoad: (Engine Initialization) Total Blueprint compile time: 0.00 seconds
[2020.06.23-22.42.06:774][  0]LogAssetRegistry: Asset discovery search completed in 6.3366 seconds
[2020.06.23-22.42.06:778][  0]LogCollectionManager: Fixed up redirectors for 0 collections in 0.000002 seconds (updated 0 objects)
[2020.06.23-22.42.06:779][  0]LogContentStreaming: Texture pool size now 1000 MB
[2020.06.23-22.44.32:086][434]LogHotReload: New module detected: UE4Editor-Prototype-0041.dll
[2020.06.23-22.44.33:101][438]LogHotReload: Starting Hot-Reload from IDE
[2020.06.23-22.44.33:103][438]LogSlate: Took 0.000202 seconds to synchronously load lazily loaded font '../../../Engine/Content/Slate/Fonts/Roboto-Light.ttf' (167K)
[2020.06.23-22.44.33:124][438]LogHotReload: Re-instancing BoidsAgent after hot-reload.
[2020.06.23-22.44.33:143][438]LogContentBrowser: Native class hierarchy updated for 'Prototype' in 0.0005 seconds. Added 9 classes and 3 folders.
[2020.06.23-22.44.33:144][438]Display: HotReload successful (11 functions remapped  0 scriptstructs remapped)
[2020.06.23-22.44.33:185][438]LogContentBrowser: Native class hierarchy populated in 0.0081 seconds. Added 3442 classes and 830 folders.
[2020.06.23-22.44.33:188][438]Display: HotReload took  0.1s.
[2020.06.23-22.45.24:224][931]LogTemp: Repeating last play command: Selected Viewport
[2020.06.23-22.45.24:237][931]LogPlayLevel: PlayLevel: No blueprints needed recompiling
[2020.06.23-22.45.24:238][931]PIE: New page: PIE session: TopDownExampleMap (Jun 24, 2020, 12:45:24 AM)
[2020.06.23-22.45.24:239][931]LogOnline: OSS: Creating online subsystem instance for: NULL
[2020.06.23-22.45.24:240][931]LogOnline: OSS: TryLoadSubsystemAndSetDefault: Loaded subsystem for module [NULL]
[2020.06.23-22.45.24:240][931]LogPlayLevel: Creating play world package: /Game/TopDownCPP/Maps/UEDPIE_0_TopDownExampleMap
[2020.06.23-22.45.24:256][931]LogPlayLevel: PIE: StaticDuplicateObject took: (0.015990s)
[2020.06.23-22.45.24:257][931]LogAIModule: Creating AISystem for world TopDownExampleMap
[2020.06.23-22.45.24:257][931]LogAISub: UAISubsystem::UAISubsystem EnvQueryManager (00000225639C5600), frame # 931
[2020.06.23-22.45.24:257][931]LogAISub: UAISubsystem::UAISubsystem AIPerceptionSystem (000002250D9CA0C0), frame # 931
[2020.06.23-22.45.24:258][931]LogPlayLevel: PIE: World Init took: (0.001705s)
[2020.06.23-22.45.24:258][931]LogPlayLevel: PIE: Created PIE world by copying editor world from /Game/TopDownCPP/Maps/TopDownExampleMap.TopDownExampleMap to /Game/TopDownCPP/Maps/UEDPIE_0_TopDownExampleMap.TopDownExampleMap (0.017837s)
[2020.06.23-22.45.24:273][931]LogUObjectHash: Compacting FUObjectHashTables data took   0.85ms
[2020.06.23-22.45.24:275][931]LogAudioMixer: Display: Audio Mixer Platform Settings:
[2020.06.23-22.45.24:275][931]LogAudioMixer: Display: 	Sample Rate:						  48000
[2020.06.23-22.45.24:275][931]LogAudioMixer: Display: 	Callback Buffer Frame Size Requested: 1024
[2020.06.23-22.45.24:275][931]LogAudioMixer: Display: 	Callback Buffer Frame Size To Use:	  1024
[2020.06.23-22.45.24:275][931]LogAudioMixer: Display: 	Number of buffers to queue:			  2
[2020.06.23-22.45.24:275][931]LogAudioMixer: Display: 	Max Channels (voices):				  32
[2020.06.23-22.45.24:275][931]LogAudioMixer: Display: 	Number of Async Source Workers:		  0
[2020.06.23-22.45.24:275][931]LogAudio: Display: AudioDevice MaxSources: 32
[2020.06.23-22.45.24:275][931]LogAudio: Display: Using built-in audio occlusion.
[2020.06.23-22.45.24:275][931]LogAudioMixer: Display: Initializing audio mixer.
[2020.06.23-22.45.24:284][931]LogAudioMixer: Display: 0: FrontLeft
[2020.06.23-22.45.24:285][931]LogAudioMixer: Display: 1: FrontRight
[2020.06.23-22.45.24:309][931]LogAudioMixer: Display: Using Audio Device Speakers (VB-Audio VoiceMeeter VAIO)
[2020.06.23-22.45.24:310][931]LogAudioMixer: Display: Initializing Sound Submixes...
[2020.06.23-22.45.24:310][931]LogAudioMixer: Display: Creating Master Submix 'MasterSubmixDefault'
[2020.06.23-22.45.24:310][931]LogAudioMixer: Display: Creating Master Submix 'MasterReverbSubmixDefault'
[2020.06.23-22.45.24:310][931]LogAudioMixer: Display: Creating Master Submix 'MasterEQSubmixDefault'
[2020.06.23-22.45.24:321][931]LogInit: FAudioDevice initialized.
[2020.06.23-22.45.24:327][931]LogLoad: Game class is 'PrototypeGameMode'
[2020.06.23-22.45.24:329][931]LogWorld: Bringing World /Game/TopDownCPP/Maps/UEDPIE_0_TopDownExampleMap.TopDownExampleMap up for play (max tick rate 0) at 2020.06.23-23.45.24
[2020.06.23-22.45.24:330][931]LogWorld: Bringing up level for play took: 0.001914
[2020.06.23-22.45.24:330][931]LogOnline: OSS: Creating online subsystem instance for: :Context_1
[2020.06.23-22.45.24:362][931]LogContentBrowser: Native class hierarchy updated for 'MovieSceneCapture' in 0.0005 seconds. Added 20 classes and 0 folders.
[2020.06.23-22.45.24:364][931]PIE: Server logged in
[2020.06.23-22.45.24:365][931]PIE: Play in editor total start time 0.133 seconds.
[2020.06.23-22.45.28:186][973]LogWindows: Error: === Critical error: ===
[2020.06.23-22.45.28:186][973]LogWindows: Error: 
[2020.06.23-22.45.28:186][973]LogWindows: Error: Unhandled Exception: EXCEPTION_ACCESS_VIOLATION reading address 0x00000000
[2020.06.23-22.45.28:186][973]LogWindows: Error: 
[2020.06.23-22.45.28:186][973]LogWindows: Error: [Callstack] 0x00007ffed826635d UE4Editor-Prototype-0041.dll!UBoidsAgentFlockBehavior::GetAlignment() [B:\Documents\Strathclyde\Master's Thesis\USAR_Swarm\Prototype\Source\Prototype\Private\BoidsAgentFlockBehavior.cpp:48]
[2020.06.23-22.45.28:186][973]LogWindows: Error: [Callstack] 0x00007ffed8266a21 UE4Editor-Prototype-0041.dll!UBoidsAgentFlockBehavior::OnBecomeRelevant() [B:\Documents\Strathclyde\Master's Thesis\USAR_Swarm\Prototype\Source\Prototype\Private\BoidsAgentFlockBehavior.cpp:21]
[2020.06.23-22.45.28:186][973]LogWindows: Error: [Callstack] 0x00007ffed726f564 UE4Editor-AIModule.dll!UnknownFunction []
[2020.06.23-22.45.28:186][973]LogWindows: Error: [Callstack] 0x00007ffed7288954 UE4Editor-AIModule.dll!UnknownFunction []
[2020.06.23-22.45.28:186][973]LogWindows: Error: [Callstack] 0x00007ffed729e222 UE4Editor-AIModule.dll!UnknownFunction []
[2020.06.23-22.45.28:186][973]LogWindows: Error: [Callstack] 0x00007ffeee6382d6 UE4Editor-Engine.dll!UnknownFunction []
[2020.06.23-22.45.28:186][973]LogWindows: Error: [Callstack] 0x00007ffeee65f154 UE4Editor-Engine.dll!UnknownFunction []
[2020.06.23-22.45.28:186][973]LogWindows: Error: [Callstack] 0x00007ffeef37616f UE4Editor-Engine.dll!UnknownFunction []
[2020.06.23-22.45.28:186][973]LogWindows: Error: [Callstack] 0x00007ffeef37b1c7 UE4Editor-Engine.dll!UnknownFunction []
[2020.06.23-22.45.28:186][973]LogWindows: Error: [Callstack] 0x00007ffef0f787d8 UE4Editor-Core.dll!UnknownFunction []
[2020.06.23-22.45.28:186][973]LogWindows: Error: [Callstack] 0x00007ffef0f789aa UE4Editor-Core.dll!UnknownFunction []
[2020.06.23-22.45.28:186][973]LogWindows: Error: [Callstack] 0x00007ffef0f78bb0 UE4Editor-Core.dll!UnknownFunction []
[2020.06.23-22.45.28:186][973]LogWindows: Error: [Callstack] 0x00007ffeef396fc7 UE4Editor-Engine.dll!UnknownFunction []
[2020.06.23-22.45.28:186][973]LogWindows: Error: [Callstack] 0x00007ffeef39c47a UE4Editor-Engine.dll!UnknownFunction []
[2020.06.23-22.45.28:186][973]LogWindows: Error: [Callstack] 0x00007ffeeeb5c43f UE4Editor-Engine.dll!UnknownFunction []
[2020.06.23-22.45.28:186][973]LogWindows: Error: [Callstack] 0x00007ffeeeb6741a UE4Editor-Engine.dll!UnknownFunction []
[2020.06.23-22.45.28:186][973]LogWindows: Error: [Callstack] 0x00007ffeec29a737 UE4Editor-UnrealEd.dll!UnknownFunction []
[2020.06.23-22.45.28:186][973]LogWindows: Error: [Callstack] 0x00007ffeecb700d6 UE4Editor-UnrealEd.dll!UnknownFunction []
[2020.06.23-22.45.28:186][973]LogWindows: Error: [Callstack] 0x00007ff7c7007800 UE4Editor.exe!UnknownFunction []
[2020.06.23-22.45.28:186][973]LogWindows: Error: [Callstack] 0x00007ff7c701ba7c UE4Editor.exe!UnknownFunction []
[2020.06.23-22.45.28:186][973]LogWindows: Error: [Callstack] 0x00007ff7c701bb5a UE4Editor.exe!UnknownFunction []
[2020.06.23-22.45.28:187][973]LogWindows: Error: [Callstack] 0x00007ff7c702e31d UE4Editor.exe!UnknownFunction []
[2020.06.23-22.45.28:187][973]LogWindows: Error: [Callstack] 0x00007ff7c703145a UE4Editor.exe!UnknownFunction []
[2020.06.23-22.45.28:187][973]LogWindows: Error: [Callstack] 0x00007fff343f7bd4 KERNEL32.DLL!UnknownFunction []
[2020.06.23-22.45.28:187][973]LogWindows: Error: [Callstack] 0x00007fff34ccce51 ntdll.dll!UnknownFunction []
[2020.06.23-22.45.28:187][973]LogWindows: Error: 
[2020.06.23-22.45.28:321][973]LogExit: Executing StaticShutdownAfterError
[2020.06.23-22.45.28:322][973]LogWindows: FPlatformMisc::RequestExit(1)
[2020.06.23-22.45.28:323][973]LogCore: Engine exit requested (reason: Win RequestExit)
[2020.06.23-22.45.28:335][973]Log file closed, 06/23/20 23:45:28
